[ 2014-09-18T04:03:53+08:00 ] ERR: 无法加载模块:Robots.txt
[ 2014-09-18T04:07:29+08:00 ] ERR: 无法加载模块:Errpage
[ 2014-09-18T04:07:30+08:00 ] ERR: 无法加载模块:Errpage
[ 2014-09-18T04:09:05+08:00 ] ERR: 无法加载模块:Errpage
[ 2014-09-18T05:13:10+08:00 ] ERR: 无法加载模块:Http:
[ 2014-09-18T07:59:10+08:00 ] ERR: 无法加载模块:Statics
[ 2014-09-18T07:59:10+08:00 ] ERR: 无法加载模块:Statics
[ 2014-09-18T08:27:21+08:00 ] ERR: 无法加载模块:Statics
[ 2014-09-18T08:27:21+08:00 ] ERR: 无法加载模块:Statics
[ 2014-09-18T08:46:49+08:00 ] ERR: 无法加载模块:Statics
[ 2014-09-18T08:46:49+08:00 ] ERR: 无法加载模块:Statics
[ 2014-09-18T09:09:38+08:00 ] ERR: 无法加载模块:Statics
[ 2014-09-18T09:09:38+08:00 ] ERR: 无法加载模块:Statics
[ 2014-09-18T10:00:44+08:00 ] ERR: 无法加载模块:Statics
[ 2014-09-18T10:00:44+08:00 ] ERR: 无法加载模块:Statics
[ 2014-09-18T10:01:55+08:00 ] ERR: 无法加载模块:Statics
[ 2014-09-18T10:01:55+08:00 ] ERR: 无法加载模块:Statics
[ 2014-09-18T10:27:30+08:00 ] ERR: 无法加载模块:Statics
[ 2014-09-18T10:27:30+08:00 ] ERR: 无法加载模块:Statics
[ 2014-09-18T11:02:30+08:00 ] ERR: 无法加载模块:Statics
[ 2014-09-18T11:02:30+08:00 ] ERR: 无法加载模块:Statics
[ 2014-09-18T11:56:05+08:00 ] ERR: 无法加载模块:Statics
[ 2014-09-18T11:56:05+08:00 ] ERR: 无法加载模块:Statics
[ 2014-09-18T12:00:04+08:00 ] ERR: 无法加载模块:Statics
[ 2014-09-18T12:00:04+08:00 ] ERR: 无法加载模块:Statics
[ 2014-09-18T12:01:30+08:00 ] ERR: 无法加载模块:Statics
[ 2014-09-18T12:01:30+08:00 ] ERR: 无法加载模块:Statics
[ 2014-09-18T12:01:36+08:00 ] ERR: 无法加载模块:Statics
[ 2014-09-18T12:01:36+08:00 ] ERR: 无法加载模块:Statics
[ 2014-09-18T12:31:24+08:00 ] ERR: 无法加载模块:Statics
[ 2014-09-18T12:31:24+08:00 ] ERR: 无法加载模块:Statics
[ 2014-09-18T12:31:29+08:00 ] ERR: 无法加载模块:Statics
[ 2014-09-18T12:31:29+08:00 ] ERR: 无法加载模块:Statics
[ 2014-09-18T12:44:40+08:00 ] ERR: 无法加载模块:Statics
[ 2014-09-18T12:44:40+08:00 ] ERR: 无法加载模块:Statics
[ 2014-09-18T13:06:27+08:00 ] ERR: 无法加载模块:Statics
[ 2014-09-18T13:06:27+08:00 ] ERR: 无法加载模块:Statics
[ 2014-09-18T13:38:02+08:00 ] ERR: 无法加载模块:Statics
[ 2014-09-18T13:38:02+08:00 ] ERR: 无法加载模块:Statics
[ 2014-09-18T13:39:32+08:00 ] ERR: 无法加载模块:Statics
[ 2014-09-18T13:39:32+08:00 ] ERR: 无法加载模块:Statics
[ 2014-09-18T14:20:54+08:00 ] ERR: 无法加载模块:Statics
[ 2014-09-18T14:20:54+08:00 ] ERR: 无法加载模块:Statics
[ 2014-09-18T14:24:57+08:00 ] ERR: 无法加载模块:Statics
[ 2014-09-18T14:24:57+08:00 ] ERR: 无法加载模块:Statics
[ 2014-09-18T15:08:44+08:00 ] ERR: 无法加载模块:Statics
[ 2014-09-18T15:08:44+08:00 ] ERR: 无法加载模块:Statics
[ 2014-09-18T15:30:58+08:00 ] ERR: 无法加载模块:Statics
[ 2014-09-18T15:30:58+08:00 ] ERR: 无法加载模块:Statics
[ 2014-09-18T15:44:18+08:00 ] ERR: 无法加载模块:Statics
[ 2014-09-18T15:44:18+08:00 ] ERR: 无法加载模块:Statics
[ 2014-09-18T16:02:20+08:00 ] ERR: 无法加载模块:Apple-touch-icon-precomposed.png
[ 2014-09-18T16:02:20+08:00 ] ERR: 无法加载模块:Apple-touch-icon.png
[ 2014-09-18T16:11:04+08:00 ] ERR: 无法加载模块:Undefined
[ 2014-09-18T16:20:30+08:00 ] ERR: 无法加载模块:Apple-touch-icon-precomposed.png
[ 2014-09-18T16:20:30+08:00 ] ERR: 无法加载模块:Apple-touch-icon.png
[ 2014-09-18T16:21:33+08:00 ] ERR: 无法加载模块:Robots.txt
[ 2014-09-18T16:42:18+08:00 ] ERR: 无法加载模块:Statics
[ 2014-09-18T16:42:18+08:00 ] ERR: 无法加载模块:Statics
[ 2014-09-18T16:42:39+08:00 ] ERR: 无法加载模块:Statics
[ 2014-09-18T16:42:39+08:00 ] ERR: 无法加载模块:Statics
[ 2014-09-18T18:16:39+08:00 ] ERR: 无法加载模块:Undefined
[ 2014-09-18T19:39:29+08:00 ] ERR: 无法加载模块:Statics
[ 2014-09-18T19:39:29+08:00 ] ERR: 无法加载模块:Statics
[ 2014-09-18T19:51:43+08:00 ] ERR: 无法加载模块:Statics
[ 2014-09-18T19:51:43+08:00 ] ERR: 无法加载模块:Statics
[ 2014-09-18T20:01:10+08:00 ] ERR: 无法加载模块:Statics
[ 2014-09-18T20:01:10+08:00 ] ERR: 无法加载模块:Statics
[ 2014-09-18T20:01:11+08:00 ] ERR: 无法加载模块:Statics
[ 2014-09-18T20:01:11+08:00 ] ERR: 无法加载模块:Statics
[ 2014-09-18T20:01:29+08:00 ] ERR: 无法加载模块:Robots.txt
[ 2014-09-18T20:40:44+08:00 ] ERR: 无法加载模块:Robots.txt
[ 2014-09-18T20:46:39+08:00 ] ERR: 无法加载模块:Statics
[ 2014-09-18T20:46:39+08:00 ] ERR: 无法加载模块:Statics
[ 2014-09-18T21:13:08+08:00 ] ERR: 无法加载模块:Statics
[ 2014-09-18T21:13:08+08:00 ] ERR: 无法加载模块:Statics
[ 2014-09-18T21:36:09+08:00 ] ERR: 无法加载模块:Statics
[ 2014-09-18T21:36:09+08:00 ] ERR: 无法加载模块:Statics
