[ 2014-09-22T00:04:03+08:00 ] ERR: 无法加载模块:Statics
[ 2014-09-22T00:04:03+08:00 ] ERR: 无法加载模块:Statics
[ 2014-09-22T00:53:08+08:00 ] ERR: 无法加载模块:Robots.txt
[ 2014-09-22T00:57:16+08:00 ] ERR: 无法加载模块:Apple-touch-icon-152x152-precomposed.png
[ 2014-09-22T00:57:17+08:00 ] ERR: 无法加载模块:Apple-touch-icon-152x152.png
[ 2014-09-22T00:57:17+08:00 ] ERR: 无法加载模块:Apple-touch-icon-precomposed.png
[ 2014-09-22T00:57:17+08:00 ] ERR: 无法加载模块:Apple-touch-icon.png
[ 2014-09-22T01:55:32+08:00 ] ERR: 无法加载模块:Statics
[ 2014-09-22T01:55:32+08:00 ] ERR: 无法加载模块:Statics
[ 2014-09-22T01:55:41+08:00 ] ERR: 无法加载模块:Statics
[ 2014-09-22T01:55:41+08:00 ] ERR: 无法加载模块:Statics
[ 2014-09-22T02:48:20+08:00 ] ERR: 无法加载模块:Statics
[ 2014-09-22T02:48:20+08:00 ] ERR: 无法加载模块:Statics
[ 2014-09-22T05:44:00+08:00 ] ERR: 无法加载模块:Statics
[ 2014-09-22T05:44:00+08:00 ] ERR: 无法加载模块:Statics
[ 2014-09-22T06:57:31+08:00 ] ERR: 无法加载模块:Apple-touch-icon-precomposed.png
[ 2014-09-22T07:30:04+08:00 ] ERR: 无法加载模块:Statics
[ 2014-09-22T07:30:04+08:00 ] ERR: 无法加载模块:Statics
[ 2014-09-22T07:43:47+08:00 ] ERR: 无法加载模块:Robots.txt
[ 2014-09-22T08:15:49+08:00 ] ERR: 无法加载模块:Statics
[ 2014-09-22T08:15:49+08:00 ] ERR: 无法加载模块:Statics
[ 2014-09-22T08:18:49+08:00 ] ERR: 无法加载模块:Statics
[ 2014-09-22T08:18:49+08:00 ] ERR: 无法加载模块:Statics
[ 2014-09-22T08:19:11+08:00 ] ERR: 无法加载模块:Statics
[ 2014-09-22T08:19:11+08:00 ] ERR: 无法加载模块:Statics
[ 2014-09-22T08:22:07+08:00 ] ERR: 无法加载模块:Statics
[ 2014-09-22T08:22:07+08:00 ] ERR: 无法加载模块:Statics
[ 2014-09-22T08:22:46+08:00 ] ERR: 无法加载模块:Statics
[ 2014-09-22T08:22:46+08:00 ] ERR: 无法加载模块:Statics
[ 2014-09-22T08:40:19+08:00 ] ERR: 无法加载模块:Statics
[ 2014-09-22T08:40:19+08:00 ] ERR: 无法加载模块:Statics
[ 2014-09-22T08:59:05+08:00 ] ERR: 无法加载模块:Statics
[ 2014-09-22T08:59:05+08:00 ] ERR: 无法加载模块:Statics
[ 2014-09-22T08:59:26+08:00 ] ERR: 无法加载模块:Statics
[ 2014-09-22T08:59:26+08:00 ] ERR: 无法加载模块:Statics
[ 2014-09-22T09:00:53+08:00 ] ERR: 无法加载模块:Robots.txt
[ 2014-09-22T09:03:24+08:00 ] ERR: 无法加载模块:Statics
[ 2014-09-22T09:03:24+08:00 ] ERR: 无法加载模块:Statics
[ 2014-09-22T09:24:47+08:00 ] ERR: 无法加载模块:Statics
[ 2014-09-22T09:24:47+08:00 ] ERR: 无法加载模块:Statics
[ 2014-09-22T09:24:51+08:00 ] ERR: 无法加载模块:Statics
[ 2014-09-22T09:24:51+08:00 ] ERR: 无法加载模块:Statics
[ 2014-09-22T09:24:54+08:00 ] ERR: 无法加载模块:Statics
[ 2014-09-22T09:24:54+08:00 ] ERR: 无法加载模块:Statics
[ 2014-09-22T09:30:18+08:00 ] ERR: 无法加载模块:Statics
[ 2014-09-22T09:30:18+08:00 ] ERR: 无法加载模块:Statics
[ 2014-09-22T09:35:41+08:00 ] ERR: 无法加载模块:Statics
[ 2014-09-22T09:39:40+08:00 ] ERR: 无法加载模块:Statics
[ 2014-09-22T09:39:40+08:00 ] ERR: 无法加载模块:Statics
[ 2014-09-22T09:43:54+08:00 ] ERR: 无法加载模块:Statics
[ 2014-09-22T09:43:54+08:00 ] ERR: 无法加载模块:Statics
[ 2014-09-22T09:53:37+08:00 ] ERR: 无法加载模块:Statics
[ 2014-09-22T09:53:37+08:00 ] ERR: 无法加载模块:Statics
[ 2014-09-22T09:54:57+08:00 ] ERR: 无法加载模块:Statics
[ 2014-09-22T09:54:57+08:00 ] ERR: 无法加载模块:Statics
[ 2014-09-22T09:57:32+08:00 ] ERR: 无法加载模块:Statics
[ 2014-09-22T09:57:32+08:00 ] ERR: 无法加载模块:Statics
[ 2014-09-22T09:57:46+08:00 ] ERR: 无法加载模块:Statics
[ 2014-09-22T09:57:47+08:00 ] ERR: 无法加载模块:Statics
[ 2014-09-22T10:08:57+08:00 ] ERR: 无法加载模块:Statics
[ 2014-09-22T10:08:57+08:00 ] ERR: 无法加载模块:Statics
[ 2014-09-22T10:09:01+08:00 ] ERR: 无法加载模块:Statics
[ 2014-09-22T10:09:01+08:00 ] ERR: 无法加载模块:Statics
[ 2014-09-22T10:12:38+08:00 ] ERR: 无法加载模块:Statics
[ 2014-09-22T10:12:38+08:00 ] ERR: 无法加载模块:Statics
[ 2014-09-22T10:22:49+08:00 ] ERR: 无法加载模块:Statics
[ 2014-09-22T10:22:49+08:00 ] ERR: 无法加载模块:Statics
[ 2014-09-22T10:25:24+08:00 ] ERR: 无法加载模块:Statics
[ 2014-09-22T10:25:24+08:00 ] ERR: 无法加载模块:Statics
[ 2014-09-22T10:27:41+08:00 ] ERR: 无法加载模块:Statics
[ 2014-09-22T10:27:41+08:00 ] ERR: 无法加载模块:Statics
[ 2014-09-22T10:38:12+08:00 ] ERR: 无法加载模块:Statics
[ 2014-09-22T10:38:12+08:00 ] ERR: 无法加载模块:Statics
[ 2014-09-22T10:41:28+08:00 ] ERR: 无法加载模块:Statics
[ 2014-09-22T10:41:28+08:00 ] ERR: 无法加载模块:Statics
[ 2014-09-22T10:41:31+08:00 ] ERR: 无法加载模块:Statics
[ 2014-09-22T10:41:31+08:00 ] ERR: 无法加载模块:Statics
[ 2014-09-22T10:41:51+08:00 ] ERR: 无法加载模块:Statics
[ 2014-09-22T10:41:51+08:00 ] ERR: 无法加载模块:Statics
[ 2014-09-22T10:43:40+08:00 ] ERR: 无法加载模块:Statics
[ 2014-09-22T10:54:09+08:00 ] ERR: 无法加载模块:Statics
[ 2014-09-22T10:54:09+08:00 ] ERR: 无法加载模块:Statics
[ 2014-09-22T10:56:43+08:00 ] ERR: 无法加载模块:Statics
[ 2014-09-22T10:56:43+08:00 ] ERR: 无法加载模块:Statics
[ 2014-09-22T10:56:58+08:00 ] ERR: 无法加载模块:Statics
[ 2014-09-22T10:56:58+08:00 ] ERR: 无法加载模块:Statics
[ 2014-09-22T10:57:19+08:00 ] ERR: 无法加载模块:Statics
[ 2014-09-22T10:57:19+08:00 ] ERR: 无法加载模块:Statics
[ 2014-09-22T10:57:44+08:00 ] ERR: 无法加载模块:Statics
[ 2014-09-22T10:57:47+08:00 ] ERR: 无法加载模块:Statics
[ 2014-09-22T11:08:53+08:00 ] ERR: 无法加载模块:Statics
[ 2014-09-22T11:08:53+08:00 ] ERR: 无法加载模块:Statics
[ 2014-09-22T11:11:04+08:00 ] ERR: 无法加载模块:Statics
[ 2014-09-22T11:11:04+08:00 ] ERR: 无法加载模块:Statics
[ 2014-09-22T11:14:40+08:00 ] ERR: 无法加载模块:Statics
[ 2014-09-22T11:14:40+08:00 ] ERR: 无法加载模块:Statics
[ 2014-09-22T11:20:47+08:00 ] ERR: 无法加载模块:Statics
[ 2014-09-22T11:20:47+08:00 ] ERR: 无法加载模块:Statics
[ 2014-09-22T11:20:49+08:00 ] ERR: 无法加载模块:Statics
[ 2014-09-22T11:20:49+08:00 ] ERR: 无法加载模块:Statics
[ 2014-09-22T11:37:47+08:00 ] ERR: 无法加载模块:Statics
[ 2014-09-22T11:37:47+08:00 ] ERR: 无法加载模块:Statics
[ 2014-09-22T11:39:06+08:00 ] ERR: 无法加载模块:Statics
[ 2014-09-22T11:39:06+08:00 ] ERR: 无法加载模块:Statics
[ 2014-09-22T11:44:37+08:00 ] ERR: 无法加载模块:Statics
[ 2014-09-22T11:44:37+08:00 ] ERR: 无法加载模块:Statics
[ 2014-09-22T11:53:37+08:00 ] ERR: 无法加载模块:Statics
[ 2014-09-22T11:53:37+08:00 ] ERR: 无法加载模块:Statics
[ 2014-09-22T12:03:30+08:00 ] ERR: 无法加载模块:Statics
[ 2014-09-22T12:03:30+08:00 ] ERR: 无法加载模块:Statics
[ 2014-09-22T12:15:09+08:00 ] ERR: 无法加载模块:Statics
[ 2014-09-22T12:15:09+08:00 ] ERR: 无法加载模块:Statics
[ 2014-09-22T12:25:47+08:00 ] ERR: 无法加载模块:Statics
[ 2014-09-22T12:25:47+08:00 ] ERR: 无法加载模块:Statics
[ 2014-09-22T12:36:56+08:00 ] ERR: 无法加载模块:Statics
[ 2014-09-22T12:36:56+08:00 ] ERR: 无法加载模块:Statics
[ 2014-09-22T12:44:10+08:00 ] ERR: 无法加载模块:Statics
[ 2014-09-22T12:44:10+08:00 ] ERR: 无法加载模块:Statics
[ 2014-09-22T12:44:17+08:00 ] ERR: 无法加载模块:Statics
[ 2014-09-22T12:44:17+08:00 ] ERR: 无法加载模块:Statics
[ 2014-09-22T12:52:43+08:00 ] ERR: 无法加载模块:Statics
[ 2014-09-22T12:52:43+08:00 ] ERR: 无法加载模块:Statics
[ 2014-09-22T12:52:56+08:00 ] ERR: 无法加载模块:Statics
[ 2014-09-22T12:52:56+08:00 ] ERR: 无法加载模块:Statics
[ 2014-09-22T13:03:59+08:00 ] ERR: 无法加载模块:Statics
[ 2014-09-22T13:03:59+08:00 ] ERR: 无法加载模块:Statics
[ 2014-09-22T13:04:45+08:00 ] ERR: 无法加载模块:Statics
[ 2014-09-22T13:04:45+08:00 ] ERR: 无法加载模块:Statics
[ 2014-09-22T13:05:05+08:00 ] ERR: 无法加载模块:Statics
[ 2014-09-22T13:05:05+08:00 ] ERR: 无法加载模块:Statics
[ 2014-09-22T13:17:04+08:00 ] ERR: 无法加载模块:Statics
[ 2014-09-22T13:17:04+08:00 ] ERR: 无法加载模块:Statics
[ 2014-09-22T13:24:30+08:00 ] ERR: 无法加载模块:Statics
[ 2014-09-22T13:24:30+08:00 ] ERR: 无法加载模块:Statics
[ 2014-09-22T13:27:14+08:00 ] ERR: 无法加载模块:Statics
[ 2014-09-22T13:27:14+08:00 ] ERR: 无法加载模块:Statics
[ 2014-09-22T13:28:18+08:00 ] ERR: 无法加载模块:Statics
[ 2014-09-22T13:28:18+08:00 ] ERR: 无法加载模块:Statics
[ 2014-09-22T13:30:56+08:00 ] ERR: 无法加载模块:Statics
[ 2014-09-22T13:30:56+08:00 ] ERR: 无法加载模块:Statics
[ 2014-09-22T13:37:00+08:00 ] ERR: 无法加载模块:Statics
[ 2014-09-22T13:37:00+08:00 ] ERR: 无法加载模块:Statics
[ 2014-09-22T13:43:50+08:00 ] ERR: 无法加载模块:Statics
[ 2014-09-22T13:43:50+08:00 ] ERR: 无法加载模块:Statics
[ 2014-09-22T13:47:43+08:00 ] ERR: 无法加载模块:Statics
[ 2014-09-22T13:47:43+08:00 ] ERR: 无法加载模块:Statics
[ 2014-09-22T13:50:23+08:00 ] ERR: 无法加载模块:Statics
[ 2014-09-22T13:50:23+08:00 ] ERR: 无法加载模块:Statics
[ 2014-09-22T13:59:36+08:00 ] ERR: 无法加载模块:Statics
[ 2014-09-22T13:59:36+08:00 ] ERR: 无法加载模块:Statics
[ 2014-09-22T14:16:23+08:00 ] ERR: 无法加载模块:Statics
[ 2014-09-22T14:16:23+08:00 ] ERR: 无法加载模块:Statics
[ 2014-09-22T14:22:59+08:00 ] ERR: 无法加载模块:Statics
[ 2014-09-22T14:22:59+08:00 ] ERR: 无法加载模块:Statics
[ 2014-09-22T14:24:15+08:00 ] ERR: 无法加载模块:Statics
[ 2014-09-22T14:24:15+08:00 ] ERR: 无法加载模块:Statics
[ 2014-09-22T14:24:25+08:00 ] ERR: 无法加载模块:Statics
[ 2014-09-22T14:24:25+08:00 ] ERR: 无法加载模块:Statics
[ 2014-09-22T14:24:37+08:00 ] ERR: 无法加载模块:Statics
[ 2014-09-22T14:24:37+08:00 ] ERR: 无法加载模块:Statics
[ 2014-09-22T14:30:38+08:00 ] ERR: 无法加载模块:Statics
[ 2014-09-22T14:30:38+08:00 ] ERR: 无法加载模块:Statics
[ 2014-09-22T14:38:11+08:00 ] ERR: 无法加载模块:Statics
[ 2014-09-22T14:38:11+08:00 ] ERR: 无法加载模块:Statics
[ 2014-09-22T14:39:14+08:00 ] ERR: 无法加载模块:Statics
[ 2014-09-22T14:39:14+08:00 ] ERR: 无法加载模块:Statics
[ 2014-09-22T14:41:26+08:00 ] ERR: 无法加载模块:Statics
[ 2014-09-22T14:41:36+08:00 ] ERR: 无法加载模块:Statics
[ 2014-09-22T14:41:38+08:00 ] ERR: 无法加载模块:Statics
[ 2014-09-22T14:41:38+08:00 ] ERR: 无法加载模块:Statics
[ 2014-09-22T14:48:06+08:00 ] ERR: 无法加载模块:Statics
[ 2014-09-22T14:48:06+08:00 ] ERR: 无法加载模块:Statics
[ 2014-09-22T14:53:49+08:00 ] ERR: 无法加载模块:Statics
[ 2014-09-22T14:53:49+08:00 ] ERR: 无法加载模块:Statics
[ 2014-09-22T14:56:17+08:00 ] ERR: 无法加载模块:Statics
[ 2014-09-22T14:56:17+08:00 ] ERR: 无法加载模块:Statics
[ 2014-09-22T14:56:36+08:00 ] ERR: 无法加载模块:Statics
[ 2014-09-22T14:56:36+08:00 ] ERR: 无法加载模块:Statics
[ 2014-09-22T15:08:37+08:00 ] ERR: 无法加载模块:Statics
[ 2014-09-22T15:08:37+08:00 ] ERR: 无法加载模块:Statics
[ 2014-09-22T15:08:38+08:00 ] ERR: 无法加载模块:Statics
[ 2014-09-22T15:08:39+08:00 ] ERR: 无法加载模块:Statics
[ 2014-09-22T15:08:39+08:00 ] ERR: 无法加载模块:Statics
[ 2014-09-22T15:10:09+08:00 ] ERR: 无法加载模块:Statics
[ 2014-09-22T15:13:49+08:00 ] ERR: 无法加载模块:Statics
[ 2014-09-22T15:13:49+08:00 ] ERR: 无法加载模块:Statics
[ 2014-09-22T15:16:13+08:00 ] ERR: 无法加载模块:Statics
[ 2014-09-22T15:16:13+08:00 ] ERR: 无法加载模块:Statics
[ 2014-09-22T15:22:26+08:00 ] ERR: 无法加载模块:Statics
[ 2014-09-22T15:22:26+08:00 ] ERR: 无法加载模块:Statics
[ 2014-09-22T15:23:06+08:00 ] ERR: 无法加载模块:Statics
[ 2014-09-22T15:23:06+08:00 ] ERR: 无法加载模块:Statics
[ 2014-09-22T15:29:04+08:00 ] ERR: 无法加载模块:Statics
[ 2014-09-22T15:29:04+08:00 ] ERR: 无法加载模块:Statics
[ 2014-09-22T15:29:15+08:00 ] ERR: 无法加载模块:Statics
[ 2014-09-22T15:29:15+08:00 ] ERR: 无法加载模块:Statics
[ 2014-09-22T15:30:15+08:00 ] ERR: 无法加载模块:Statics
[ 2014-09-22T15:30:15+08:00 ] ERR: 无法加载模块:Statics
[ 2014-09-22T15:32:34+08:00 ] ERR: 无法加载模块:Statics
[ 2014-09-22T15:32:34+08:00 ] ERR: 无法加载模块:Statics
[ 2014-09-22T15:32:55+08:00 ] ERR: 无法加载模块:Statics
[ 2014-09-22T15:32:55+08:00 ] ERR: 无法加载模块:Statics
[ 2014-09-22T15:34:49+08:00 ] ERR: 无法加载模块:Statics
[ 2014-09-22T15:34:49+08:00 ] ERR: 无法加载模块:Statics
[ 2014-09-22T15:42:29+08:00 ] ERR: 无法加载模块:Statics
[ 2014-09-22T15:42:29+08:00 ] ERR: 无法加载模块:Statics
[ 2014-09-22T15:45:29+08:00 ] ERR: 无法加载模块:Statics
[ 2014-09-22T15:45:29+08:00 ] ERR: 无法加载模块:Statics
[ 2014-09-22T15:46:23+08:00 ] ERR: 无法加载模块:Statics
[ 2014-09-22T15:46:23+08:00 ] ERR: 无法加载模块:Statics
[ 2014-09-22T15:46:29+08:00 ] ERR: 无法加载模块:Statics
[ 2014-09-22T15:46:29+08:00 ] ERR: 无法加载模块:Statics
[ 2014-09-22T15:46:54+08:00 ] ERR: 无法加载模块:Statics
[ 2014-09-22T15:46:54+08:00 ] ERR: 无法加载模块:Statics
[ 2014-09-22T15:47:55+08:00 ] ERR: 无法加载模块:Statics
[ 2014-09-22T15:47:55+08:00 ] ERR: 无法加载模块:Statics
[ 2014-09-22T15:55:31+08:00 ] ERR: 无法加载模块:Statics
[ 2014-09-22T15:55:31+08:00 ] ERR: 无法加载模块:Statics
[ 2014-09-22T15:55:55+08:00 ] ERR: 无法加载模块:Statics
[ 2014-09-22T15:55:55+08:00 ] ERR: 无法加载模块:Statics
[ 2014-09-22T15:58:01+08:00 ] ERR: 无法加载模块:Statics
[ 2014-09-22T15:58:01+08:00 ] ERR: 无法加载模块:Statics
[ 2014-09-22T16:02:24+08:00 ] ERR: 无法加载模块:Statics
[ 2014-09-22T16:02:24+08:00 ] ERR: 无法加载模块:Statics
[ 2014-09-22T16:08:03+08:00 ] ERR: 无法加载模块:Statics
[ 2014-09-22T16:08:03+08:00 ] ERR: 无法加载模块:Statics
[ 2014-09-22T16:09:03+08:00 ] ERR: 无法加载模块:Statics
[ 2014-09-22T16:09:04+08:00 ] ERR: 无法加载模块:Statics
[ 2014-09-22T16:11:29+08:00 ] ERR: 无法加载模块:Statics
[ 2014-09-22T16:11:29+08:00 ] ERR: 无法加载模块:Statics
[ 2014-09-22T16:12:32+08:00 ] ERR: 无法加载模块:Statics
[ 2014-09-22T16:12:32+08:00 ] ERR: 无法加载模块:Statics
[ 2014-09-22T16:16:17+08:00 ] ERR: 无法加载模块:Statics
[ 2014-09-22T16:16:17+08:00 ] ERR: 无法加载模块:Statics
[ 2014-09-22T16:16:20+08:00 ] ERR: 无法加载模块:Statics
[ 2014-09-22T16:16:20+08:00 ] ERR: 无法加载模块:Statics
[ 2014-09-22T16:17:25+08:00 ] ERR: 无法加载模块:Statics
[ 2014-09-22T16:17:25+08:00 ] ERR: 无法加载模块:Statics
[ 2014-09-22T16:20:08+08:00 ] ERR: 无法加载模块:Statics
[ 2014-09-22T16:20:08+08:00 ] ERR: 无法加载模块:Statics
[ 2014-09-22T16:20:46+08:00 ] ERR: 无法加载模块:Statics
[ 2014-09-22T16:20:46+08:00 ] ERR: 无法加载模块:Statics
[ 2014-09-22T16:24:22+08:00 ] ERR: 无法加载模块:Statics
[ 2014-09-22T16:24:22+08:00 ] ERR: 无法加载模块:Statics
[ 2014-09-22T16:25:36+08:00 ] ERR: 无法加载模块:Statics
[ 2014-09-22T16:25:36+08:00 ] ERR: 无法加载模块:Statics
[ 2014-09-22T16:25:58+08:00 ] ERR: 无法加载模块:Statics
[ 2014-09-22T16:25:58+08:00 ] ERR: 无法加载模块:Statics
[ 2014-09-22T16:31:44+08:00 ] ERR: 无法加载模块:Statics
[ 2014-09-22T16:31:54+08:00 ] ERR: 无法加载模块:Statics
[ 2014-09-22T16:31:54+08:00 ] ERR: 无法加载模块:Statics
[ 2014-09-22T16:44:50+08:00 ] ERR: 无法加载模块:Statics
[ 2014-09-22T16:44:50+08:00 ] ERR: 无法加载模块:Statics
[ 2014-09-22T16:45:29+08:00 ] ERR: 无法加载模块:Statics
[ 2014-09-22T16:45:29+08:00 ] ERR: 无法加载模块:Statics
[ 2014-09-22T16:49:53+08:00 ] ERR: 无法加载模块:Statics
[ 2014-09-22T16:49:56+08:00 ] ERR: 无法加载模块:Statics
[ 2014-09-22T16:50:15+08:00 ] ERR: 无法加载模块:Statics
[ 2014-09-22T16:50:15+08:00 ] ERR: 无法加载模块:Statics
[ 2014-09-22T16:50:23+08:00 ] ERR: 无法加载模块:Statics
[ 2014-09-22T16:50:23+08:00 ] ERR: 无法加载模块:Statics
[ 2014-09-22T16:50:27+08:00 ] ERR: 无法加载模块:Statics
[ 2014-09-22T16:50:27+08:00 ] ERR: 无法加载模块:Statics
[ 2014-09-22T16:53:46+08:00 ] ERR: 无法加载模块:Statics
[ 2014-09-22T16:53:46+08:00 ] ERR: 无法加载模块:Statics
[ 2014-09-22T16:54:36+08:00 ] ERR: 无法加载模块:Statics
[ 2014-09-22T16:54:36+08:00 ] ERR: 无法加载模块:Statics
[ 2014-09-22T16:59:32+08:00 ] ERR: 无法加载模块:Statics
[ 2014-09-22T16:59:32+08:00 ] ERR: 无法加载模块:Statics
[ 2014-09-22T17:00:50+08:00 ] ERR: 无法加载模块:Statics
[ 2014-09-22T17:00:50+08:00 ] ERR: 无法加载模块:Statics
[ 2014-09-22T17:01:12+08:00 ] ERR: 无法加载模块:Statics
[ 2014-09-22T17:01:12+08:00 ] ERR: 无法加载模块:Statics
[ 2014-09-22T17:03:25+08:00 ] ERR: 无法加载模块:Statics
[ 2014-09-22T17:03:25+08:00 ] ERR: 无法加载模块:Statics
[ 2014-09-22T17:05:50+08:00 ] ERR: 无法加载模块:Statics
[ 2014-09-22T17:05:50+08:00 ] ERR: 无法加载模块:Statics
[ 2014-09-22T17:06:14+08:00 ] ERR: 无法加载模块:Statics
[ 2014-09-22T17:06:14+08:00 ] ERR: 无法加载模块:Statics
[ 2014-09-22T17:07:26+08:00 ] ERR: 无法加载模块:Statics
[ 2014-09-22T17:07:26+08:00 ] ERR: 无法加载模块:Statics
[ 2014-09-22T17:07:30+08:00 ] ERR: 无法加载模块:Statics
[ 2014-09-22T17:07:30+08:00 ] ERR: 无法加载模块:Statics
[ 2014-09-22T17:09:38+08:00 ] ERR: 无法加载模块:Robots.txt
[ 2014-09-22T17:26:16+08:00 ] ERR: 无法加载模块:Statics
[ 2014-09-22T17:26:16+08:00 ] ERR: 无法加载模块:Statics
[ 2014-09-22T17:26:59+08:00 ] ERR: 无法加载模块:Statics
[ 2014-09-22T17:26:59+08:00 ] ERR: 无法加载模块:Statics
[ 2014-09-22T17:27:12+08:00 ] ERR: 无法加载模块:Statics
[ 2014-09-22T17:27:12+08:00 ] ERR: 无法加载模块:Statics
[ 2014-09-22T17:27:21+08:00 ] ERR: 无法加载模块:Statics
[ 2014-09-22T17:27:21+08:00 ] ERR: 无法加载模块:Statics
[ 2014-09-22T17:27:31+08:00 ] ERR: 无法加载模块:Statics
[ 2014-09-22T17:27:31+08:00 ] ERR: 无法加载模块:Statics
[ 2014-09-22T17:28:08+08:00 ] ERR: 无法加载模块:Statics
[ 2014-09-22T17:28:08+08:00 ] ERR: 无法加载模块:Statics
[ 2014-09-22T17:29:05+08:00 ] ERR: 无法加载模块:Statics
[ 2014-09-22T17:29:05+08:00 ] ERR: 无法加载模块:Statics
[ 2014-09-22T17:33:38+08:00 ] ERR: 无法加载模块:Statics
[ 2014-09-22T17:33:38+08:00 ] ERR: 无法加载模块:Statics
[ 2014-09-22T17:40:29+08:00 ] ERR: 无法加载模块:Statics
[ 2014-09-22T17:40:29+08:00 ] ERR: 无法加载模块:Statics
[ 2014-09-22T17:42:26+08:00 ] ERR: 无法加载模块:Statics
[ 2014-09-22T17:42:26+08:00 ] ERR: 无法加载模块:Statics
[ 2014-09-22T17:44:37+08:00 ] ERR: 无法加载模块:Statics
[ 2014-09-22T17:44:37+08:00 ] ERR: 无法加载模块:Statics
[ 2014-09-22T17:49:57+08:00 ] ERR: 无法加载模块:Statics
[ 2014-09-22T17:49:57+08:00 ] ERR: 无法加载模块:Statics
[ 2014-09-22T17:50:20+08:00 ] ERR: 无法加载模块:Statics
[ 2014-09-22T17:50:20+08:00 ] ERR: 无法加载模块:Statics
[ 2014-09-22T17:57:43+08:00 ] ERR: 无法加载模块:Statics
[ 2014-09-22T17:57:43+08:00 ] ERR: 无法加载模块:Statics
[ 2014-09-22T18:00:38+08:00 ] ERR: 无法加载模块:Statics
[ 2014-09-22T18:00:38+08:00 ] ERR: 无法加载模块:Statics
[ 2014-09-22T18:18:41+08:00 ] ERR: 无法加载模块:Statics
[ 2014-09-22T18:18:41+08:00 ] ERR: 无法加载模块:Statics
[ 2014-09-22T18:20:11+08:00 ] ERR: 无法加载模块:Statics
[ 2014-09-22T18:20:11+08:00 ] ERR: 无法加载模块:Statics
[ 2014-09-22T18:27:57+08:00 ] ERR: 无法加载模块:Robots.txt
[ 2014-09-22T18:29:07+08:00 ] ERR: 无法加载模块:Statics
[ 2014-09-22T18:29:07+08:00 ] ERR: 无法加载模块:Statics
[ 2014-09-22T18:50:19+08:00 ] ERR: 无法加载模块:Statics
[ 2014-09-22T18:50:19+08:00 ] ERR: 无法加载模块:Statics
[ 2014-09-22T18:53:47+08:00 ] ERR: 无法加载模块:Statics
[ 2014-09-22T18:53:47+08:00 ] ERR: 无法加载模块:Statics
[ 2014-09-22T18:59:46+08:00 ] ERR: 无法加载模块:Statics
[ 2014-09-22T18:59:46+08:00 ] ERR: 无法加载模块:Statics
[ 2014-09-22T19:01:32+08:00 ] ERR: 无法加载模块:Statics
[ 2014-09-22T19:01:32+08:00 ] ERR: 无法加载模块:Statics
[ 2014-09-22T19:07:40+08:00 ] ERR: 无法加载模块:Statics
[ 2014-09-22T19:07:40+08:00 ] ERR: 无法加载模块:Statics
[ 2014-09-22T19:16:05+08:00 ] ERR: 无法加载模块:Statics
[ 2014-09-22T19:16:05+08:00 ] ERR: 无法加载模块:Statics
[ 2014-09-22T19:16:48+08:00 ] ERR: 无法加载模块:Statics
[ 2014-09-22T19:16:48+08:00 ] ERR: 无法加载模块:Statics
[ 2014-09-22T19:19:14+08:00 ] ERR: 无法加载模块:Statics
[ 2014-09-22T19:19:14+08:00 ] ERR: 无法加载模块:Statics
[ 2014-09-22T19:20:31+08:00 ] ERR: 无法加载模块:Statics
[ 2014-09-22T19:20:31+08:00 ] ERR: 无法加载模块:Statics
[ 2014-09-22T19:31:34+08:00 ] ERR: 无法加载模块:Statics
[ 2014-09-22T19:31:34+08:00 ] ERR: 无法加载模块:Statics
[ 2014-09-22T19:51:36+08:00 ] ERR: 无法加载模块:Statics
[ 2014-09-22T19:51:36+08:00 ] ERR: 无法加载模块:Statics
[ 2014-09-22T19:52:45+08:00 ] ERR: 无法加载模块:Statics
[ 2014-09-22T19:52:45+08:00 ] ERR: 无法加载模块:Statics
[ 2014-09-22T19:55:12+08:00 ] ERR: 无法加载模块:Statics
[ 2014-09-22T19:55:12+08:00 ] ERR: 无法加载模块:Statics
[ 2014-09-22T20:00:31+08:00 ] ERR: 无法加载模块:Statics
[ 2014-09-22T20:00:34+08:00 ] ERR: 无法加载模块:Statics
[ 2014-09-22T20:09:11+08:00 ] ERR: 无法加载模块:Statics
[ 2014-09-22T20:09:11+08:00 ] ERR: 无法加载模块:Statics
[ 2014-09-22T20:17:19+08:00 ] ERR: 无法加载模块:Statics
[ 2014-09-22T20:17:19+08:00 ] ERR: 无法加载模块:Statics
[ 2014-09-22T20:22:26+08:00 ] ERR: 无法加载模块:Statics
[ 2014-09-22T20:22:29+08:00 ] ERR: 无法加载模块:Statics
[ 2014-09-22T20:27:18+08:00 ] ERR: 无法加载模块:Statics
[ 2014-09-22T20:27:19+08:00 ] ERR: 无法加载模块:Statics
[ 2014-09-22T20:37:09+08:00 ] ERR: 无法加载模块:Statics
[ 2014-09-22T20:37:09+08:00 ] ERR: 无法加载模块:Statics
[ 2014-09-22T20:37:19+08:00 ] ERR: 无法加载模块:Statics
[ 2014-09-22T20:37:19+08:00 ] ERR: 无法加载模块:Statics
[ 2014-09-22T20:48:12+08:00 ] ERR: 无法加载模块:Statics
[ 2014-09-22T20:48:12+08:00 ] ERR: 无法加载模块:Statics
[ 2014-09-22T20:50:45+08:00 ] ERR: 无法加载模块:Statics
[ 2014-09-22T20:50:45+08:00 ] ERR: 无法加载模块:Statics
[ 2014-09-22T20:54:04+08:00 ] ERR: 无法加载模块:Statics
[ 2014-09-22T20:54:04+08:00 ] ERR: 无法加载模块:Statics
[ 2014-09-22T21:03:11+08:00 ] ERR: 无法加载模块:Statics
[ 2014-09-22T21:03:11+08:00 ] ERR: 无法加载模块:Statics
[ 2014-09-22T21:04:43+08:00 ] ERR: 无法加载模块:Statics
[ 2014-09-22T21:04:43+08:00 ] ERR: 无法加载模块:Statics
[ 2014-09-22T21:08:22+08:00 ] ERR: 无法加载模块:Statics
[ 2014-09-22T21:08:22+08:00 ] ERR: 无法加载模块:Statics
[ 2014-09-22T21:09:22+08:00 ] ERR: 无法加载模块:Statics
[ 2014-09-22T21:09:22+08:00 ] ERR: 无法加载模块:Statics
[ 2014-09-22T21:13:28+08:00 ] ERR: 无法加载模块:Statics
[ 2014-09-22T21:13:28+08:00 ] ERR: 无法加载模块:Statics
[ 2014-09-22T21:13:58+08:00 ] ERR: 无法加载模块:Statics
[ 2014-09-22T21:13:58+08:00 ] ERR: 无法加载模块:Statics
[ 2014-09-22T21:20:46+08:00 ] ERR: 无法加载模块:Statics
[ 2014-09-22T21:20:46+08:00 ] ERR: 无法加载模块:Statics
[ 2014-09-22T21:30:39+08:00 ] ERR: 无法加载模块:Statics
[ 2014-09-22T21:30:39+08:00 ] ERR: 无法加载模块:Statics
[ 2014-09-22T21:37:36+08:00 ] ERR: 无法加载模块:Statics
[ 2014-09-22T21:37:36+08:00 ] ERR: 无法加载模块:Statics
[ 2014-09-22T21:38:56+08:00 ] ERR: 无法加载模块:Statics
[ 2014-09-22T21:38:56+08:00 ] ERR: 无法加载模块:Statics
