[ 2014-09-10T15:48:56+08:00 ] ERR: 无法加载模块:Public
[ 2014-09-10T16:01:05+08:00 ] ERR: 无法加载模块:Upload
[ 2014-09-10T16:01:05+08:00 ] ERR: 无法加载模块:Upload
[ 2014-09-10T16:01:05+08:00 ] ERR: 无法加载模块:Upload
[ 2014-09-10T16:01:05+08:00 ] ERR: 无法加载模块:Upload
[ 2014-09-10T16:01:05+08:00 ] ERR: 无法加载模块:Upload
[ 2014-09-10T16:01:05+08:00 ] ERR: 无法加载模块:Upload
[ 2014-09-10T16:01:05+08:00 ] ERR: 无法加载模块:Upload
[ 2014-09-10T16:01:05+08:00 ] ERR: 无法加载模块:Upload
[ 2014-09-10T16:01:07+08:00 ] ERR: 无法加载模块:Upload
[ 2014-09-10T16:01:07+08:00 ] ERR: 无法加载模块:Upload
[ 2014-09-10T16:01:07+08:00 ] ERR: 无法加载模块:Upload
[ 2014-09-10T16:01:07+08:00 ] ERR: 无法加载模块:Upload
[ 2014-09-10T16:01:07+08:00 ] ERR: 无法加载模块:Upload
[ 2014-09-10T16:01:07+08:00 ] ERR: 无法加载模块:Upload
[ 2014-09-10T16:01:07+08:00 ] ERR: 无法加载模块:Upload
[ 2014-09-10T16:01:09+08:00 ] ERR: 无法加载模块:Upload
[ 2014-09-10T16:01:09+08:00 ] ERR: 无法加载模块:Upload
[ 2014-09-10T16:01:09+08:00 ] ERR: 无法加载模块:Upload
[ 2014-09-10T16:01:09+08:00 ] ERR: 无法加载模块:Upload
[ 2014-09-10T17:20:33+08:00 ] ERR: 无法加载模块:Apple-touch-icon-120x120-precomposed.png
[ 2014-09-10T17:20:34+08:00 ] ERR: 无法加载模块:Apple-touch-icon-120x120.png
[ 2014-09-10T17:20:34+08:00 ] ERR: 无法加载模块:Apple-touch-icon-precomposed.png
[ 2014-09-10T17:20:34+08:00 ] ERR: 无法加载模块:Apple-touch-icon.png
[ 2014-09-10T18:11:26+08:00 ] ERR: 无法加载模块:Statics
[ 2014-09-10T18:11:26+08:00 ] ERR: 无法加载模块:Statics
[ 2014-09-10T18:46:42+08:00 ] ERR: 无法加载模块:Robots.txt
[ 2014-09-10T18:51:59+08:00 ] ERR: 无法加载模块:Statics
[ 2014-09-10T18:51:59+08:00 ] ERR: 无法加载模块:Statics
[ 2014-09-10T22:49:21+08:00 ] ERR: 无法加载模块:Statics
[ 2014-09-10T22:49:21+08:00 ] ERR: 无法加载模块:Statics
[ 2014-09-10T22:53:00+08:00 ] ERR: 无法加载模块:Statics
[ 2014-09-10T23:08:06+08:00 ] ERR: 无法加载模块:Statics
[ 2014-09-10T23:08:06+08:00 ] ERR: 无法加载模块:Statics
[ 2014-09-10T23:11:18+08:00 ] ERR: 无法加载模块:Statics
[ 2014-09-10T23:11:18+08:00 ] ERR: 无法加载模块:Statics
