[ 2014-09-25T00:32:29+08:00 ] ERR: 无法加载模块:Robots.txt
[ 2014-09-25T01:13:13+08:00 ] ERR: 无法加载模块:Robots.txt
[ 2014-09-25T01:42:19+08:00 ] ERR: 无法加载模块:Robots.txt
[ 2014-09-25T02:19:08+08:00 ] ERR: 无法加载模块:Statics
[ 2014-09-25T02:19:08+08:00 ] ERR: 无法加载模块:Statics
[ 2014-09-25T02:52:51+08:00 ] ERR: 无法加载模块:Statics
[ 2014-09-25T02:52:51+08:00 ] ERR: 无法加载模块:Statics
[ 2014-09-25T06:13:06+08:00 ] ERR: 无法加载模块:Statics
[ 2014-09-25T06:13:06+08:00 ] ERR: 无法加载模块:Statics
[ 2014-09-25T07:47:50+08:00 ] ERR: 无法加载模块:Apple-touch-icon-precomposed.png
[ 2014-09-25T07:47:51+08:00 ] ERR: 无法加载模块:Apple-touch-icon.png
[ 2014-09-25T08:08:38+08:00 ] ERR: 无法加载模块:Statics
[ 2014-09-25T08:08:38+08:00 ] ERR: 无法加载模块:Statics
[ 2014-09-25T08:14:33+08:00 ] ERR: 无法加载模块:Statics
[ 2014-09-25T08:14:33+08:00 ] ERR: 无法加载模块:Statics
[ 2014-09-25T08:27:01+08:00 ] ERR: 无法加载模块:Statics
[ 2014-09-25T08:27:01+08:00 ] ERR: 无法加载模块:Statics
[ 2014-09-25T08:42:15+08:00 ] ERR: 无法加载模块:Statics
[ 2014-09-25T08:42:15+08:00 ] ERR: 无法加载模块:Statics
[ 2014-09-25T08:42:34+08:00 ] ERR: 无法加载模块:Statics
[ 2014-09-25T08:42:34+08:00 ] ERR: 无法加载模块:Statics
[ 2014-09-25T08:45:14+08:00 ] ERR: 无法加载模块:Statics
[ 2014-09-25T08:45:14+08:00 ] ERR: 无法加载模块:Statics
[ 2014-09-25T08:46:36+08:00 ] ERR: 无法加载模块:Statics
[ 2014-09-25T08:46:36+08:00 ] ERR: 无法加载模块:Statics
[ 2014-09-25T08:50:31+08:00 ] ERR: 无法加载模块:Statics
[ 2014-09-25T08:50:31+08:00 ] ERR: 无法加载模块:Statics
[ 2014-09-25T08:51:13+08:00 ] ERR: 无法加载模块:Statics
[ 2014-09-25T08:51:14+08:00 ] ERR: 无法加载模块:Statics
[ 2014-09-25T08:51:34+08:00 ] ERR: 无法加载模块:Statics
[ 2014-09-25T08:51:34+08:00 ] ERR: 无法加载模块:Statics
[ 2014-09-25T08:51:39+08:00 ] ERR: 无法加载模块:Statics
[ 2014-09-25T08:51:39+08:00 ] ERR: 无法加载模块:Statics
[ 2014-09-25T08:57:42+08:00 ] ERR: 无法加载模块:Statics
[ 2014-09-25T08:57:42+08:00 ] ERR: 无法加载模块:Statics
[ 2014-09-25T08:59:41+08:00 ] ERR: 无法加载模块:Apple-touch-icon-precomposed.png
[ 2014-09-25T09:00:21+08:00 ] ERR: 无法加载模块:Statics
[ 2014-09-25T09:00:21+08:00 ] ERR: 无法加载模块:Statics
[ 2014-09-25T09:04:00+08:00 ] ERR: 无法加载模块:Statics
[ 2014-09-25T09:04:00+08:00 ] ERR: 无法加载模块:Statics
[ 2014-09-25T09:10:42+08:00 ] ERR: 无法加载模块:Statics
[ 2014-09-25T09:10:42+08:00 ] ERR: 无法加载模块:Statics
[ 2014-09-25T09:10:48+08:00 ] ERR: 无法加载模块:Statics
[ 2014-09-25T09:10:48+08:00 ] ERR: 无法加载模块:Statics
[ 2014-09-25T09:11:06+08:00 ] ERR: 无法加载模块:Statics
[ 2014-09-25T09:11:06+08:00 ] ERR: 无法加载模块:Statics
[ 2014-09-25T09:16:41+08:00 ] ERR: 无法加载模块:Statics
[ 2014-09-25T09:16:41+08:00 ] ERR: 无法加载模块:Statics
[ 2014-09-25T09:22:03+08:00 ] ERR: 无法加载模块:Statics
[ 2014-09-25T09:22:03+08:00 ] ERR: 无法加载模块:Statics
[ 2014-09-25T09:23:47+08:00 ] ERR: 无法加载模块:Statics
[ 2014-09-25T09:23:47+08:00 ] ERR: 无法加载模块:Statics
[ 2014-09-25T09:23:55+08:00 ] ERR: 无法加载模块:Statics
[ 2014-09-25T09:23:55+08:00 ] ERR: 无法加载模块:Statics
[ 2014-09-25T09:24:00+08:00 ] ERR: 无法加载模块:Statics
[ 2014-09-25T09:24:00+08:00 ] ERR: 无法加载模块:Statics
[ 2014-09-25T09:24:15+08:00 ] ERR: 无法加载模块:Statics
[ 2014-09-25T09:24:15+08:00 ] ERR: 无法加载模块:Statics
[ 2014-09-25T09:25:38+08:00 ] ERR: 无法加载模块:Statics
[ 2014-09-25T09:25:38+08:00 ] ERR: 无法加载模块:Statics
[ 2014-09-25T09:25:45+08:00 ] ERR: 无法加载模块:Statics
[ 2014-09-25T09:25:45+08:00 ] ERR: 无法加载模块:Statics
[ 2014-09-25T09:28:13+08:00 ] ERR: 无法加载模块:Statics
[ 2014-09-25T09:28:13+08:00 ] ERR: 无法加载模块:Statics
[ 2014-09-25T09:32:21+08:00 ] ERR: 无法加载模块:Robots.txt
[ 2014-09-25T09:36:19+08:00 ] ERR: 无法加载模块:Statics
[ 2014-09-25T09:36:19+08:00 ] ERR: 无法加载模块:Statics
[ 2014-09-25T09:37:53+08:00 ] ERR: 无法加载模块:Statics
[ 2014-09-25T09:37:53+08:00 ] ERR: 无法加载模块:Statics
[ 2014-09-25T09:54:18+08:00 ] ERR: 无法加载模块:Statics
[ 2014-09-25T09:54:18+08:00 ] ERR: 无法加载模块:Statics
[ 2014-09-25T09:59:43+08:00 ] ERR: 无法加载模块:Statics
[ 2014-09-25T09:59:43+08:00 ] ERR: 无法加载模块:Statics
[ 2014-09-25T09:59:57+08:00 ] ERR: 无法加载模块:Statics
[ 2014-09-25T09:59:57+08:00 ] ERR: 无法加载模块:Statics
[ 2014-09-25T10:01:06+08:00 ] ERR: 无法加载模块:Statics
[ 2014-09-25T10:01:06+08:00 ] ERR: 无法加载模块:Statics
[ 2014-09-25T10:01:15+08:00 ] ERR: 无法加载模块:Statics
[ 2014-09-25T10:01:15+08:00 ] ERR: 无法加载模块:Statics
[ 2014-09-25T10:01:19+08:00 ] ERR: 无法加载模块:Statics
[ 2014-09-25T10:01:19+08:00 ] ERR: 无法加载模块:Statics
[ 2014-09-25T10:03:21+08:00 ] ERR: 无法加载模块:Statics
[ 2014-09-25T10:03:21+08:00 ] ERR: 无法加载模块:Statics
[ 2014-09-25T10:04:39+08:00 ] ERR: 无法加载模块:Statics
[ 2014-09-25T10:04:39+08:00 ] ERR: 无法加载模块:Statics
[ 2014-09-25T10:04:50+08:00 ] ERR: 无法加载模块:Statics
[ 2014-09-25T10:04:50+08:00 ] ERR: 无法加载模块:Statics
[ 2014-09-25T10:04:54+08:00 ] ERR: 无法加载模块:Statics
[ 2014-09-25T10:04:54+08:00 ] ERR: 无法加载模块:Statics
[ 2014-09-25T10:05:27+08:00 ] ERR: 无法加载模块:Statics
[ 2014-09-25T10:05:27+08:00 ] ERR: 无法加载模块:Statics
[ 2014-09-25T10:10:12+08:00 ] ERR: 无法加载模块:Statics
[ 2014-09-25T10:10:13+08:00 ] ERR: 无法加载模块:Statics
[ 2014-09-25T10:10:42+08:00 ] ERR: 无法加载模块:Statics
[ 2014-09-25T10:10:42+08:00 ] ERR: 无法加载模块:Statics
[ 2014-09-25T10:14:24+08:00 ] ERR: 无法加载模块:Statics
[ 2014-09-25T10:14:24+08:00 ] ERR: 无法加载模块:Statics
[ 2014-09-25T10:16:53+08:00 ] ERR: 无法加载模块:Statics
[ 2014-09-25T10:16:53+08:00 ] ERR: 无法加载模块:Statics
[ 2014-09-25T10:26:52+08:00 ] ERR: 无法加载模块:Statics
[ 2014-09-25T10:26:52+08:00 ] ERR: 无法加载模块:Statics
[ 2014-09-25T10:33:11+08:00 ] ERR: 无法加载模块:Statics
[ 2014-09-25T10:33:12+08:00 ] ERR: 无法加载模块:Statics
[ 2014-09-25T10:33:34+08:00 ] ERR: 无法加载模块:Statics
[ 2014-09-25T10:33:34+08:00 ] ERR: 无法加载模块:Statics
[ 2014-09-25T10:37:23+08:00 ] ERR: 无法加载模块:Statics
[ 2014-09-25T10:37:23+08:00 ] ERR: 无法加载模块:Statics
[ 2014-09-25T10:38:10+08:00 ] ERR: 无法加载模块:Statics
[ 2014-09-25T10:38:10+08:00 ] ERR: 无法加载模块:Statics
[ 2014-09-25T10:38:56+08:00 ] ERR: 无法加载模块:Statics
[ 2014-09-25T10:38:56+08:00 ] ERR: 无法加载模块:Statics
[ 2014-09-25T10:39:16+08:00 ] ERR: 无法加载模块:Statics
[ 2014-09-25T10:39:16+08:00 ] ERR: 无法加载模块:Statics
[ 2014-09-25T10:45:10+08:00 ] ERR: 无法加载模块:Statics
[ 2014-09-25T10:45:10+08:00 ] ERR: 无法加载模块:Statics
[ 2014-09-25T10:51:59+08:00 ] ERR: 无法加载模块:Statics
[ 2014-09-25T10:52:02+08:00 ] ERR: 无法加载模块:Statics
[ 2014-09-25T10:58:00+08:00 ] ERR: 无法加载模块:Statics
[ 2014-09-25T10:58:00+08:00 ] ERR: 无法加载模块:Statics
[ 2014-09-25T11:01:05+08:00 ] ERR: 无法加载模块:Statics
[ 2014-09-25T11:01:05+08:00 ] ERR: 无法加载模块:Statics
[ 2014-09-25T11:09:19+08:00 ] ERR: 无法加载模块:Statics
[ 2014-09-25T11:09:19+08:00 ] ERR: 无法加载模块:Statics
[ 2014-09-25T11:16:32+08:00 ] ERR: 无法加载模块:Statics
[ 2014-09-25T11:16:33+08:00 ] ERR: 无法加载模块:Statics
[ 2014-09-25T11:17:13+08:00 ] ERR: 无法加载模块:Statics
[ 2014-09-25T11:17:31+08:00 ] ERR: 无法加载模块:Statics
[ 2014-09-25T11:23:27+08:00 ] ERR: 无法加载模块:Statics
[ 2014-09-25T11:23:27+08:00 ] ERR: 无法加载模块:Statics
[ 2014-09-25T11:25:14+08:00 ] ERR: 无法加载模块:Statics
[ 2014-09-25T11:25:14+08:00 ] ERR: 无法加载模块:Statics
[ 2014-09-25T11:25:55+08:00 ] ERR: 无法加载模块:Statics
[ 2014-09-25T11:25:56+08:00 ] ERR: 无法加载模块:Statics
[ 2014-09-25T11:26:51+08:00 ] ERR: 无法加载模块:Robots.txt
[ 2014-09-25T11:27:01+08:00 ] ERR: 无法加载模块:Statics
[ 2014-09-25T11:27:01+08:00 ] ERR: 无法加载模块:Statics
[ 2014-09-25T11:28:45+08:00 ] ERR: 无法加载模块:Statics
[ 2014-09-25T11:28:45+08:00 ] ERR: 无法加载模块:Statics
[ 2014-09-25T11:34:28+08:00 ] ERR: 无法加载模块:Statics
[ 2014-09-25T11:34:28+08:00 ] ERR: 无法加载模块:Statics
[ 2014-09-25T11:42:11+08:00 ] ERR: 无法加载模块:Statics
[ 2014-09-25T11:42:11+08:00 ] ERR: 无法加载模块:Statics
[ 2014-09-25T11:44:56+08:00 ] ERR: 无法加载模块:Statics
[ 2014-09-25T11:44:56+08:00 ] ERR: 无法加载模块:Statics
[ 2014-09-25T11:45:07+08:00 ] ERR: 无法加载模块:Statics
[ 2014-09-25T11:45:07+08:00 ] ERR: 无法加载模块:Statics
[ 2014-09-25T11:45:15+08:00 ] ERR: 无法加载模块:Statics
[ 2014-09-25T11:45:15+08:00 ] ERR: 无法加载模块:Statics
[ 2014-09-25T11:45:18+08:00 ] ERR: 无法加载模块:Statics
[ 2014-09-25T11:45:18+08:00 ] ERR: 无法加载模块:Statics
[ 2014-09-25T11:45:35+08:00 ] ERR: 无法加载模块:Statics
[ 2014-09-25T11:45:35+08:00 ] ERR: 无法加载模块:Statics
[ 2014-09-25T11:45:39+08:00 ] ERR: 无法加载模块:Statics
[ 2014-09-25T11:45:39+08:00 ] ERR: 无法加载模块:Statics
[ 2014-09-25T11:45:41+08:00 ] ERR: 无法加载模块:Statics
[ 2014-09-25T11:45:41+08:00 ] ERR: 无法加载模块:Statics
[ 2014-09-25T11:47:50+08:00 ] ERR: 无法加载模块:Statics
[ 2014-09-25T11:47:50+08:00 ] ERR: 无法加载模块:Statics
[ 2014-09-25T11:50:17+08:00 ] ERR: 无法加载模块:Statics
[ 2014-09-25T11:50:18+08:00 ] ERR: 无法加载模块:Statics
[ 2014-09-25T11:51:51+08:00 ] ERR: 无法加载模块:Statics
[ 2014-09-25T11:51:52+08:00 ] ERR: 无法加载模块:Statics
[ 2014-09-25T11:55:39+08:00 ] ERR: 无法加载模块:Statics
[ 2014-09-25T11:55:39+08:00 ] ERR: 无法加载模块:Statics
[ 2014-09-25T12:17:31+08:00 ] ERR: 无法加载模块:Statics
[ 2014-09-25T12:17:31+08:00 ] ERR: 无法加载模块:Statics
[ 2014-09-25T12:40:03+08:00 ] ERR: 无法加载模块:Statics
[ 2014-09-25T12:40:03+08:00 ] ERR: 无法加载模块:Statics
[ 2014-09-25T12:44:13+08:00 ] ERR: 无法加载模块:Statics
[ 2014-09-25T12:44:14+08:00 ] ERR: 无法加载模块:Statics
[ 2014-09-25T12:44:29+08:00 ] ERR: 无法加载模块:Statics
[ 2014-09-25T12:44:29+08:00 ] ERR: 无法加载模块:Statics
[ 2014-09-25T12:45:01+08:00 ] ERR: 无法加载模块:Statics
[ 2014-09-25T12:45:01+08:00 ] ERR: 无法加载模块:Statics
[ 2014-09-25T12:51:20+08:00 ] ERR: 无法加载模块:Statics
[ 2014-09-25T12:51:20+08:00 ] ERR: 无法加载模块:Statics
[ 2014-09-25T12:54:20+08:00 ] ERR: 无法加载模块:Statics
[ 2014-09-25T12:54:20+08:00 ] ERR: 无法加载模块:Statics
[ 2014-09-25T12:56:10+08:00 ] ERR: 无法加载模块:Statics
[ 2014-09-25T12:58:40+08:00 ] ERR: 无法加载模块:Statics
[ 2014-09-25T12:58:40+08:00 ] ERR: 无法加载模块:Statics
[ 2014-09-25T13:04:35+08:00 ] ERR: 无法加载模块:Statics
[ 2014-09-25T13:04:35+08:00 ] ERR: 无法加载模块:Statics
[ 2014-09-25T13:15:25+08:00 ] ERR: 无法加载模块:Statics
[ 2014-09-25T13:15:25+08:00 ] ERR: 无法加载模块:Statics
[ 2014-09-25T13:16:08+08:00 ] ERR: 无法加载模块:Statics
[ 2014-09-25T13:16:08+08:00 ] ERR: 无法加载模块:Statics
[ 2014-09-25T13:18:06+08:00 ] ERR: 无法加载模块:Statics
[ 2014-09-25T13:18:06+08:00 ] ERR: 无法加载模块:Statics
[ 2014-09-25T13:28:54+08:00 ] ERR: 无法加载模块:Statics
[ 2014-09-25T13:28:54+08:00 ] ERR: 无法加载模块:Statics
[ 2014-09-25T13:32:12+08:00 ] ERR: 无法加载模块:Statics
[ 2014-09-25T13:32:12+08:00 ] ERR: 无法加载模块:Statics
[ 2014-09-25T13:33:28+08:00 ] ERR: 无法加载模块:Statics
[ 2014-09-25T13:33:28+08:00 ] ERR: 无法加载模块:Statics
[ 2014-09-25T13:38:55+08:00 ] ERR: 无法加载模块:Statics
[ 2014-09-25T13:38:55+08:00 ] ERR: 无法加载模块:Statics
[ 2014-09-25T13:44:29+08:00 ] ERR: 无法加载模块:Statics
[ 2014-09-25T13:44:29+08:00 ] ERR: 无法加载模块:Statics
[ 2014-09-25T13:55:01+08:00 ] ERR: 无法加载模块:Statics
[ 2014-09-25T13:55:01+08:00 ] ERR: 无法加载模块:Statics
[ 2014-09-25T13:57:04+08:00 ] ERR: 无法加载模块:Statics
[ 2014-09-25T13:57:04+08:00 ] ERR: 无法加载模块:Statics
[ 2014-09-25T14:09:29+08:00 ] ERR: 无法加载模块:Statics
[ 2014-09-25T14:09:29+08:00 ] ERR: 无法加载模块:Statics
[ 2014-09-25T14:09:29+08:00 ] ERR: 无法加载模块:Statics
[ 2014-09-25T14:09:29+08:00 ] ERR: 无法加载模块:T
[ 2014-09-25T14:09:37+08:00 ] ERR: 无法加载模块:Statics
[ 2014-09-25T14:09:37+08:00 ] ERR: 无法加载模块:Statics
[ 2014-09-25T14:14:24+08:00 ] ERR: 无法加载模块:Statics
[ 2014-09-25T14:14:24+08:00 ] ERR: 无法加载模块:Statics
[ 2014-09-25T14:16:15+08:00 ] ERR: 无法加载模块:Statics
[ 2014-09-25T14:16:15+08:00 ] ERR: 无法加载模块:Statics
[ 2014-09-25T14:19:56+08:00 ] ERR: 无法加载模块:Robots.txt
[ 2014-09-25T14:30:32+08:00 ] ERR: 无法加载模块:Statics
[ 2014-09-25T14:30:32+08:00 ] ERR: 无法加载模块:Statics
[ 2014-09-25T14:39:51+08:00 ] ERR: 无法加载模块:Statics
[ 2014-09-25T14:39:51+08:00 ] ERR: 无法加载模块:Statics
[ 2014-09-25T14:43:58+08:00 ] ERR: 无法加载模块:Statics
[ 2014-09-25T14:43:58+08:00 ] ERR: 无法加载模块:Statics
[ 2014-09-25T14:45:40+08:00 ] ERR: 无法加载模块:Statics
[ 2014-09-25T14:45:40+08:00 ] ERR: 无法加载模块:Statics
[ 2014-09-25T14:57:58+08:00 ] ERR: 无法加载模块:Statics
[ 2014-09-25T14:57:58+08:00 ] ERR: 无法加载模块:Statics
[ 2014-09-25T14:58:31+08:00 ] ERR: 无法加载模块:Statics
[ 2014-09-25T14:58:31+08:00 ] ERR: 无法加载模块:Statics
[ 2014-09-25T14:58:55+08:00 ] ERR: 无法加载模块:Statics
[ 2014-09-25T14:58:55+08:00 ] ERR: 无法加载模块:Statics
[ 2014-09-25T14:59:03+08:00 ] ERR: 无法加载模块:Statics
[ 2014-09-25T14:59:03+08:00 ] ERR: 无法加载模块:Statics
[ 2014-09-25T14:59:07+08:00 ] ERR: 无法加载模块:Statics
[ 2014-09-25T14:59:07+08:00 ] ERR: 无法加载模块:Statics
[ 2014-09-25T15:04:44+08:00 ] ERR: 无法加载模块:Statics
[ 2014-09-25T15:04:44+08:00 ] ERR: 无法加载模块:Statics
[ 2014-09-25T15:04:56+08:00 ] ERR: 无法加载模块:Statics
[ 2014-09-25T15:04:56+08:00 ] ERR: 无法加载模块:Statics
[ 2014-09-25T15:05:31+08:00 ] ERR: 无法加载模块:Statics
[ 2014-09-25T15:05:31+08:00 ] ERR: 无法加载模块:Statics
[ 2014-09-25T15:05:46+08:00 ] ERR: 无法加载模块:Statics
[ 2014-09-25T15:05:46+08:00 ] ERR: 无法加载模块:Statics
[ 2014-09-25T15:06:01+08:00 ] ERR: 无法加载模块:Statics
[ 2014-09-25T15:06:01+08:00 ] ERR: 无法加载模块:Statics
[ 2014-09-25T15:06:18+08:00 ] ERR: 无法加载模块:Statics
[ 2014-09-25T15:06:18+08:00 ] ERR: 无法加载模块:Statics
[ 2014-09-25T15:06:25+08:00 ] ERR: 无法加载模块:Statics
[ 2014-09-25T15:06:25+08:00 ] ERR: 无法加载模块:Statics
[ 2014-09-25T15:06:29+08:00 ] ERR: 无法加载模块:Statics
[ 2014-09-25T15:06:29+08:00 ] ERR: 无法加载模块:Statics
[ 2014-09-25T15:06:41+08:00 ] ERR: 无法加载模块:Statics
[ 2014-09-25T15:06:41+08:00 ] ERR: 无法加载模块:Statics
[ 2014-09-25T15:06:45+08:00 ] ERR: 无法加载模块:Statics
[ 2014-09-25T15:06:45+08:00 ] ERR: 无法加载模块:Statics
[ 2014-09-25T15:06:50+08:00 ] ERR: 无法加载模块:Statics
[ 2014-09-25T15:06:50+08:00 ] ERR: 无法加载模块:Statics
[ 2014-09-25T15:07:00+08:00 ] ERR: 无法加载模块:Statics
[ 2014-09-25T15:07:00+08:00 ] ERR: 无法加载模块:Statics
[ 2014-09-25T15:07:58+08:00 ] ERR: 无法加载模块:Statics
[ 2014-09-25T15:07:58+08:00 ] ERR: 无法加载模块:Statics
[ 2014-09-25T15:09:21+08:00 ] ERR: 无法加载模块:Statics
[ 2014-09-25T15:09:21+08:00 ] ERR: 无法加载模块:Statics
[ 2014-09-25T15:25:01+08:00 ] ERR: 无法加载模块:Statics
[ 2014-09-25T15:25:01+08:00 ] ERR: 无法加载模块:Statics
[ 2014-09-25T15:29:08+08:00 ] ERR: 无法加载模块:Statics
[ 2014-09-25T15:29:08+08:00 ] ERR: 无法加载模块:Statics
[ 2014-09-25T15:29:27+08:00 ] ERR: 无法加载模块:Statics
[ 2014-09-25T15:29:27+08:00 ] ERR: 无法加载模块:Statics
[ 2014-09-25T15:29:59+08:00 ] ERR: 无法加载模块:Statics
[ 2014-09-25T15:29:59+08:00 ] ERR: 无法加载模块:Statics
[ 2014-09-25T15:34:06+08:00 ] ERR: 无法加载模块:Statics
[ 2014-09-25T15:34:06+08:00 ] ERR: 无法加载模块:Statics
[ 2014-09-25T15:35:44+08:00 ] ERR: 无法加载模块:Statics
[ 2014-09-25T15:35:44+08:00 ] ERR: 无法加载模块:Statics
[ 2014-09-25T15:36:08+08:00 ] ERR: 无法加载模块:Statics
[ 2014-09-25T15:36:08+08:00 ] ERR: 无法加载模块:Statics
[ 2014-09-25T15:37:01+08:00 ] ERR: 无法加载模块:Statics
[ 2014-09-25T15:37:01+08:00 ] ERR: 无法加载模块:Statics
[ 2014-09-25T15:37:35+08:00 ] ERR: 无法加载模块:Statics
[ 2014-09-25T15:37:35+08:00 ] ERR: 无法加载模块:Statics
[ 2014-09-25T15:37:52+08:00 ] ERR: 无法加载模块:Statics
[ 2014-09-25T15:37:52+08:00 ] ERR: 无法加载模块:Statics
[ 2014-09-25T15:38:01+08:00 ] ERR: 无法加载模块:Statics
[ 2014-09-25T15:38:02+08:00 ] ERR: 无法加载模块:Statics
[ 2014-09-25T15:41:48+08:00 ] ERR: 无法加载模块:Statics
[ 2014-09-25T15:41:48+08:00 ] ERR: 无法加载模块:Statics
[ 2014-09-25T15:42:44+08:00 ] ERR: 无法加载模块:Statics
[ 2014-09-25T15:42:44+08:00 ] ERR: 无法加载模块:Statics
[ 2014-09-25T15:43:14+08:00 ] ERR: 无法加载模块:Statics
[ 2014-09-25T15:43:14+08:00 ] ERR: 无法加载模块:Statics
[ 2014-09-25T15:49:33+08:00 ] ERR: 无法加载模块:Statics
[ 2014-09-25T15:49:33+08:00 ] ERR: 无法加载模块:Statics
[ 2014-09-25T15:52:15+08:00 ] ERR: 无法加载模块:Statics
[ 2014-09-25T15:52:15+08:00 ] ERR: 无法加载模块:Statics
[ 2014-09-25T15:59:25+08:00 ] ERR: 无法加载模块:Statics
[ 2014-09-25T15:59:25+08:00 ] ERR: 无法加载模块:Statics
[ 2014-09-25T16:06:06+08:00 ] ERR: 无法加载模块:Statics
[ 2014-09-25T16:06:06+08:00 ] ERR: 无法加载模块:Statics
[ 2014-09-25T16:06:43+08:00 ] ERR: 无法加载模块:Statics
[ 2014-09-25T16:06:43+08:00 ] ERR: 无法加载模块:Statics
[ 2014-09-25T16:08:29+08:00 ] ERR: 无法加载模块:Statics
[ 2014-09-25T16:08:29+08:00 ] ERR: 无法加载模块:Statics
[ 2014-09-25T16:18:22+08:00 ] ERR: 无法加载模块:Statics
[ 2014-09-25T16:18:22+08:00 ] ERR: 无法加载模块:Statics
[ 2014-09-25T16:24:20+08:00 ] ERR: 无法加载模块:Statics
[ 2014-09-25T16:24:20+08:00 ] ERR: 无法加载模块:Statics
[ 2014-09-25T16:24:36+08:00 ] ERR: 无法加载模块:Statics
[ 2014-09-25T16:24:37+08:00 ] ERR: 无法加载模块:Statics
[ 2014-09-25T16:24:40+08:00 ] ERR: 无法加载模块:Statics
[ 2014-09-25T16:24:40+08:00 ] ERR: 无法加载模块:Statics
[ 2014-09-25T16:32:12+08:00 ] ERR: 无法加载模块:Statics
[ 2014-09-25T16:32:12+08:00 ] ERR: 无法加载模块:Statics
[ 2014-09-25T16:33:38+08:00 ] ERR: 无法加载模块:Statics
[ 2014-09-25T16:33:38+08:00 ] ERR: 无法加载模块:Statics
[ 2014-09-25T16:47:01+08:00 ] ERR: 无法加载模块:Statics
[ 2014-09-25T16:47:01+08:00 ] ERR: 无法加载模块:Statics
[ 2014-09-25T16:47:04+08:00 ] ERR: 无法加载模块:Statics
[ 2014-09-25T16:47:04+08:00 ] ERR: 无法加载模块:Statics
[ 2014-09-25T16:48:49+08:00 ] ERR: 无法加载模块:Statics
[ 2014-09-25T16:48:49+08:00 ] ERR: 无法加载模块:Statics
[ 2014-09-25T16:52:38+08:00 ] ERR: 无法加载模块:Statics
[ 2014-09-25T16:52:38+08:00 ] ERR: 无法加载模块:Statics
[ 2014-09-25T16:53:20+08:00 ] ERR: 无法加载模块:Statics
[ 2014-09-25T16:53:20+08:00 ] ERR: 无法加载模块:Statics
[ 2014-09-25T16:53:41+08:00 ] ERR: 无法加载模块:Statics
[ 2014-09-25T16:53:41+08:00 ] ERR: 无法加载模块:Statics
[ 2014-09-25T16:55:16+08:00 ] ERR: 无法加载模块:Statics
[ 2014-09-25T16:55:16+08:00 ] ERR: 无法加载模块:Statics
[ 2014-09-25T17:02:04+08:00 ] ERR: 无法加载模块:Statics
[ 2014-09-25T17:02:04+08:00 ] ERR: 无法加载模块:Statics
[ 2014-09-25T17:03:16+08:00 ] ERR: 无法加载模块:Statics
[ 2014-09-25T17:03:16+08:00 ] ERR: 无法加载模块:Statics
[ 2014-09-25T17:09:13+08:00 ] ERR: 无法加载模块:Statics
[ 2014-09-25T17:09:13+08:00 ] ERR: 无法加载模块:Statics
[ 2014-09-25T17:11:38+08:00 ] ERR: 无法加载模块:Statics
[ 2014-09-25T17:11:38+08:00 ] ERR: 无法加载模块:Statics
[ 2014-09-25T17:13:36+08:00 ] ERR: 无法加载模块:Statics
[ 2014-09-25T17:13:36+08:00 ] ERR: 无法加载模块:Statics
[ 2014-09-25T17:14:53+08:00 ] ERR: 无法加载模块:Statics
[ 2014-09-25T17:14:53+08:00 ] ERR: 无法加载模块:Statics
[ 2014-09-25T17:14:59+08:00 ] ERR: 无法加载模块:Statics
[ 2014-09-25T17:14:59+08:00 ] ERR: 无法加载模块:Statics
[ 2014-09-25T17:15:08+08:00 ] ERR: 无法加载模块:Statics
[ 2014-09-25T17:15:08+08:00 ] ERR: 无法加载模块:Statics
[ 2014-09-25T17:16:06+08:00 ] ERR: 无法加载模块:Statics
[ 2014-09-25T17:16:06+08:00 ] ERR: 无法加载模块:Statics
[ 2014-09-25T17:31:19+08:00 ] ERR: 无法加载模块:Statics
[ 2014-09-25T17:31:19+08:00 ] ERR: 无法加载模块:Statics
[ 2014-09-25T17:36:26+08:00 ] ERR: 无法加载模块:Statics
[ 2014-09-25T17:36:26+08:00 ] ERR: 无法加载模块:Statics
[ 2014-09-25T17:39:15+08:00 ] ERR: 无法加载模块:Statics
[ 2014-09-25T17:39:18+08:00 ] ERR: 无法加载模块:Statics
[ 2014-09-25T17:54:05+08:00 ] ERR: 无法加载模块:Statics
[ 2014-09-25T17:54:05+08:00 ] ERR: 无法加载模块:Statics
[ 2014-09-25T17:55:56+08:00 ] ERR: 无法加载模块:Statics
[ 2014-09-25T17:55:56+08:00 ] ERR: 无法加载模块:Statics
[ 2014-09-25T18:04:13+08:00 ] ERR: 无法加载模块:Statics
[ 2014-09-25T18:04:13+08:00 ] ERR: 无法加载模块:Statics
[ 2014-09-25T18:04:32+08:00 ] ERR: 无法加载模块:Statics
[ 2014-09-25T18:04:32+08:00 ] ERR: 无法加载模块:Statics
[ 2014-09-25T18:04:39+08:00 ] ERR: 无法加载模块:Statics
[ 2014-09-25T18:04:39+08:00 ] ERR: 无法加载模块:Statics
[ 2014-09-25T18:14:29+08:00 ] ERR: 无法加载模块:Statics
[ 2014-09-25T18:14:29+08:00 ] ERR: 无法加载模块:Statics
[ 2014-09-25T18:19:23+08:00 ] ERR: 无法加载模块:Statics
[ 2014-09-25T18:19:23+08:00 ] ERR: 无法加载模块:Statics
[ 2014-09-25T18:40:44+08:00 ] ERR: 无法加载模块:Statics
[ 2014-09-25T18:40:45+08:00 ] ERR: 无法加载模块:Statics
[ 2014-09-25T18:54:09+08:00 ] ERR: 无法加载模块:Statics
[ 2014-09-25T18:54:09+08:00 ] ERR: 无法加载模块:Statics
[ 2014-09-25T19:25:38+08:00 ] ERR: 无法加载模块:Statics
[ 2014-09-25T19:25:38+08:00 ] ERR: 无法加载模块:Statics
[ 2014-09-25T19:31:52+08:00 ] ERR: 无法加载模块:Statics
[ 2014-09-25T19:31:52+08:00 ] ERR: 无法加载模块:Statics
[ 2014-09-25T19:36:22+08:00 ] ERR: 无法加载模块:Statics
[ 2014-09-25T19:36:22+08:00 ] ERR: 无法加载模块:Statics
[ 2014-09-25T19:42:06+08:00 ] ERR: 无法加载模块:Statics
[ 2014-09-25T19:42:07+08:00 ] ERR: 无法加载模块:Statics
[ 2014-09-25T19:44:05+08:00 ] ERR: 无法加载模块:Statics
[ 2014-09-25T19:44:05+08:00 ] ERR: 无法加载模块:Statics
[ 2014-09-25T19:49:46+08:00 ] ERR: 无法加载模块:Statics
[ 2014-09-25T19:49:46+08:00 ] ERR: 无法加载模块:Statics
[ 2014-09-25T19:55:10+08:00 ] ERR: 无法加载模块:Statics
[ 2014-09-25T19:55:10+08:00 ] ERR: 无法加载模块:Statics
[ 2014-09-25T20:24:08+08:00 ] ERR: 无法加载模块:Statics
[ 2014-09-25T20:24:08+08:00 ] ERR: 无法加载模块:Statics
[ 2014-09-25T20:27:42+08:00 ] ERR: 无法加载模块:Statics
[ 2014-09-25T20:27:43+08:00 ] ERR: 无法加载模块:Statics
[ 2014-09-25T20:30:00+08:00 ] ERR: 无法加载模块:Statics
[ 2014-09-25T20:30:00+08:00 ] ERR: 无法加载模块:Statics
[ 2014-09-25T21:04:46+08:00 ] ERR: 无法加载模块:Statics
[ 2014-09-25T21:04:46+08:00 ] ERR: 无法加载模块:Statics
[ 2014-09-25T21:40:13+08:00 ] ERR: 无法加载模块:Statics
[ 2014-09-25T21:40:13+08:00 ] ERR: 无法加载模块:Statics
[ 2014-09-25T21:40:51+08:00 ] ERR: 无法加载模块:Statics
[ 2014-09-25T21:40:51+08:00 ] ERR: 无法加载模块:Statics
[ 2014-09-25T21:56:58+08:00 ] ERR: 无法加载模块:Statics
[ 2014-09-25T21:56:58+08:00 ] ERR: 无法加载模块:Statics
[ 2014-09-25T22:02:51+08:00 ] ERR: 无法加载模块:Statics
[ 2014-09-25T22:02:51+08:00 ] ERR: 无法加载模块:Statics
[ 2014-09-25T22:03:46+08:00 ] ERR: 无法加载模块:Statics
[ 2014-09-25T22:03:46+08:00 ] ERR: 无法加载模块:Statics
[ 2014-09-25T22:03:53+08:00 ] ERR: 无法加载模块:Statics
[ 2014-09-25T22:03:53+08:00 ] ERR: 无法加载模块:Statics
[ 2014-09-25T22:04:04+08:00 ] ERR: 无法加载模块:Statics
[ 2014-09-25T22:04:04+08:00 ] ERR: 无法加载模块:Statics
[ 2014-09-25T22:30:13+08:00 ] ERR: 无法加载模块:Http:
[ 2014-09-25T22:35:54+08:00 ] ERR: 无法加载模块:Statics
[ 2014-09-25T22:47:42+08:00 ] ERR: 无法加载模块:Statics
[ 2014-09-25T22:47:42+08:00 ] ERR: 无法加载模块:Statics
[ 2014-09-25T23:06:52+08:00 ] ERR: 无法加载模块:Statics
[ 2014-09-25T23:06:52+08:00 ] ERR: 无法加载模块:Statics
[ 2014-09-25T23:30:27+08:00 ] ERR: 无法加载模块:Statics
[ 2014-09-25T23:30:27+08:00 ] ERR: 无法加载模块:Statics
[ 2014-09-25T23:36:34+08:00 ] ERR: 无法加载模块:Statics
[ 2014-09-25T23:36:34+08:00 ] ERR: 无法加载模块:Statics
[ 2014-09-25T23:48:56+08:00 ] ERR: 无法加载模块:Statics
[ 2014-09-25T23:48:56+08:00 ] ERR: 无法加载模块:Statics
