[ 2014-09-19T00:27:03+08:00 ] ERR: 无法加载模块:Statics
[ 2014-09-19T00:27:03+08:00 ] ERR: 无法加载模块:Statics
[ 2014-09-19T00:34:53+08:00 ] ERR: 无法加载模块:Apple-touch-icon-114x114-precomposed.png
[ 2014-09-19T00:34:54+08:00 ] ERR: 无法加载模块:Apple-touch-icon-114x114.png
[ 2014-09-19T00:34:55+08:00 ] ERR: 无法加载模块:Apple-touch-icon-precomposed.png
[ 2014-09-19T00:34:57+08:00 ] ERR: 无法加载模块:Apple-touch-icon.png
[ 2014-09-19T09:02:27+08:00 ] ERR: 无法加载模块:Robots.txt
[ 2014-09-19T09:47:13+08:00 ] ERR: 无法加载模块:Statics
[ 2014-09-19T09:47:13+08:00 ] ERR: 无法加载模块:Statics
[ 2014-09-19T09:47:55+08:00 ] ERR: 无法加载模块:Statics
[ 2014-09-19T09:47:55+08:00 ] ERR: 无法加载模块:Statics
[ 2014-09-19T10:09:04+08:00 ] ERR: 无法加载模块:Statics
[ 2014-09-19T10:09:04+08:00 ] ERR: 无法加载模块:Statics
[ 2014-09-19T12:51:40+08:00 ] ERR: 无法加载模块:Statics
[ 2014-09-19T12:51:43+08:00 ] ERR: 无法加载模块:Statics
[ 2014-09-19T15:56:09+08:00 ] ERR: 无法加载模块:Statics
[ 2014-09-19T15:56:09+08:00 ] ERR: 无法加载模块:Statics
[ 2014-09-19T16:12:36+08:00 ] ERR: 无法加载模块:Statics
[ 2014-09-19T16:12:36+08:00 ] ERR: 无法加载模块:Statics
[ 2014-09-19T16:12:54+08:00 ] ERR: 无法加载模块:Statics
[ 2014-09-19T16:12:54+08:00 ] ERR: 无法加载模块:Statics
[ 2014-09-19T16:27:55+08:00 ] ERR: 无法加载模块:Statics
[ 2014-09-19T16:27:55+08:00 ] ERR: 无法加载模块:Statics
[ 2014-09-19T16:46:00+08:00 ] ERR: 无法加载模块:Statics
[ 2014-09-19T16:46:00+08:00 ] ERR: 无法加载模块:Statics
[ 2014-09-19T16:53:31+08:00 ] ERR: 无法加载模块:Statics
[ 2014-09-19T16:53:31+08:00 ] ERR: 无法加载模块:Statics
[ 2014-09-19T16:55:07+08:00 ] ERR: 无法加载模块:Apple-touch-icon-120x120-precomposed.png
[ 2014-09-19T16:55:08+08:00 ] ERR: 无法加载模块:Apple-touch-icon-120x120.png
[ 2014-09-19T16:55:08+08:00 ] ERR: 无法加载模块:Apple-touch-icon.png
[ 2014-09-19T16:55:08+08:00 ] ERR: 无法加载模块:Apple-touch-icon.png
[ 2014-09-19T17:38:59+08:00 ] ERR: 无法加载模块:Statics
[ 2014-09-19T17:38:59+08:00 ] ERR: 无法加载模块:Statics
[ 2014-09-19T20:01:10+08:00 ] ERR: 无法加载模块:Robots.txt
[ 2014-09-19T20:06:48+08:00 ] ERR: 无法加载模块:Statics
[ 2014-09-19T20:06:48+08:00 ] ERR: 无法加载模块:Statics
[ 2014-09-19T20:55:04+08:00 ] ERR: 无法加载模块:Statics
[ 2014-09-19T20:55:04+08:00 ] ERR: 无法加载模块:Statics
[ 2014-09-19T21:05:14+08:00 ] ERR: 无法加载模块:Robots.txt
[ 2014-09-19T21:32:49+08:00 ] ERR: 无法加载模块:Statics
[ 2014-09-19T21:32:49+08:00 ] ERR: 无法加载模块:Statics
[ 2014-09-19T22:00:26+08:00 ] ERR: 无法加载模块:Browserconfig.xml
[ 2014-09-19T22:01:23+08:00 ] ERR: 无法加载模块:Statics
[ 2014-09-19T22:01:23+08:00 ] ERR: 无法加载模块:Statics
[ 2014-09-19T22:22:10+08:00 ] ERR: 无法加载模块:Statics
[ 2014-09-19T22:22:10+08:00 ] ERR: 无法加载模块:Statics
[ 2014-09-19T23:58:34+08:00 ] ERR: 无法加载模块:Statics
[ 2014-09-19T23:58:34+08:00 ] ERR: 无法加载模块:Statics
[ 2014-09-19T23:58:41+08:00 ] ERR: 无法加载模块:Statics
[ 2014-09-19T23:58:41+08:00 ] ERR: 无法加载模块:Statics
[ 2014-09-19T23:58:47+08:00 ] ERR: 无法加载模块:Statics
[ 2014-09-19T23:58:48+08:00 ] ERR: 无法加载模块:Statics
