[ 2014-09-11T00:31:37+08:00 ] ERR: 无法加载模块:Statics
[ 2014-09-11T00:31:37+08:00 ] ERR: 无法加载模块:Statics
[ 2014-09-11T05:39:29+08:00 ] ERR: 无法加载模块:Robots.txt
[ 2014-09-11T05:39:36+08:00 ] ERR: 无法加载模块:Robots.txt
[ 2014-09-11T07:51:44+08:00 ] ERR: 无法加载模块:Css
[ 2014-09-11T08:43:48+08:00 ] ERR: 无法加载模块:Statics
[ 2014-09-11T08:43:48+08:00 ] ERR: 无法加载模块:Statics
[ 2014-09-11T08:44:07+08:00 ] ERR: 无法加载模块:Statics
[ 2014-09-11T08:44:07+08:00 ] ERR: 无法加载模块:Statics
[ 2014-09-11T09:18:46+08:00 ] ERR: 无法加载模块:Statics
[ 2014-09-11T09:18:46+08:00 ] ERR: 无法加载模块:Statics
[ 2014-09-11T09:48:17+08:00 ] ERR: 无法加载模块:Statics
[ 2014-09-11T09:48:17+08:00 ] ERR: 无法加载模块:Statics
[ 2014-09-11T10:53:08+08:00 ] ERR: 无法加载模块:Statics
[ 2014-09-11T10:53:08+08:00 ] ERR: 无法加载模块:Statics
[ 2014-09-11T10:55:58+08:00 ] ERR: 无法加载模块:Statics
[ 2014-09-11T10:55:58+08:00 ] ERR: 无法加载模块:Statics
[ 2014-09-11T10:59:53+08:00 ] ERR: 无法加载模块:Statics
[ 2014-09-11T10:59:53+08:00 ] ERR: 无法加载模块:Statics
[ 2014-09-11T10:59:53+08:00 ] ERR: 无法加载模块:Statics
[ 2014-09-11T11:20:01+08:00 ] ERR: 无法加载模块:Statics
[ 2014-09-11T11:20:01+08:00 ] ERR: 无法加载模块:Statics
[ 2014-09-11T11:21:24+08:00 ] ERR: 无法加载模块:Statics
[ 2014-09-11T11:21:24+08:00 ] ERR: 无法加载模块:Statics
[ 2014-09-11T12:06:25+08:00 ] ERR: 无法加载模块:Statics
[ 2014-09-11T12:06:25+08:00 ] ERR: 无法加载模块:Statics
[ 2014-09-11T12:18:16+08:00 ] ERR: 无法加载模块:Robots.txt
[ 2014-09-11T12:43:13+08:00 ] ERR: 无法加载模块:Robots.txt
[ 2014-09-11T14:20:07+08:00 ] ERR: 无法加载模块:Apple-touch-icon-120x120-precomposed.png
[ 2014-09-11T14:20:07+08:00 ] ERR: 无法加载模块:Apple-touch-icon-120x120.png
[ 2014-09-11T14:20:08+08:00 ] ERR: 无法加载模块:Apple-touch-icon-precomposed.png
[ 2014-09-11T14:20:08+08:00 ] ERR: 无法加载模块:Apple-touch-icon.png
[ 2014-09-11T14:46:02+08:00 ] ERR: 无法加载模块:Statics
[ 2014-09-11T14:46:02+08:00 ] ERR: 无法加载模块:Statics
[ 2014-09-11T15:00:16+08:00 ] ERR: 无法加载模块:Statics
[ 2014-09-11T15:00:16+08:00 ] ERR: 无法加载模块:Statics
[ 2014-09-11T15:51:54+08:00 ] ERR: 无法加载模块:Statics
[ 2014-09-11T15:51:54+08:00 ] ERR: 无法加载模块:Statics
[ 2014-09-11T16:20:31+08:00 ] ERR: 无法加载模块:Statics
[ 2014-09-11T16:20:31+08:00 ] ERR: 无法加载模块:Statics
[ 2014-09-11T17:48:23+08:00 ] ERR: 无法加载模块:Undefined
[ 2014-09-11T18:47:34+08:00 ] ERR: 无法加载模块:Statics
[ 2014-09-11T18:47:34+08:00 ] ERR: 无法加载模块:Statics
[ 2014-09-11T20:43:37+08:00 ] ERR: 无法加载模块:Statics
[ 2014-09-11T20:43:37+08:00 ] ERR: 无法加载模块:Statics
[ 2014-09-11T21:53:17+08:00 ] ERR: 无法加载模块:Statics
[ 2014-09-11T21:53:17+08:00 ] ERR: 无法加载模块:Statics
[ 2014-09-11T21:59:20+08:00 ] ERR: 无法加载模块:Statics
[ 2014-09-11T21:59:20+08:00 ] ERR: 无法加载模块:Statics
