[ 2014-09-29T00:12:31+08:00 ] ERR: 无法加载模块:Statics
[ 2014-09-29T00:12:31+08:00 ] ERR: 无法加载模块:Statics
[ 2014-09-29T00:44:42+08:00 ] ERR: 无法加载模块:Statics
[ 2014-09-29T00:44:42+08:00 ] ERR: 无法加载模块:Statics
[ 2014-09-29T01:01:04+08:00 ] ERR: 无法加载模块:Statics
[ 2014-09-29T01:01:04+08:00 ] ERR: 无法加载模块:Statics
[ 2014-09-29T01:12:42+08:00 ] ERR: 无法加载模块:Statics
[ 2014-09-29T01:12:42+08:00 ] ERR: 无法加载模块:Statics
[ 2014-09-29T01:42:19+08:00 ] ERR: 无法加载模块:Statics
[ 2014-09-29T01:42:19+08:00 ] ERR: 无法加载模块:Statics
[ 2014-09-29T01:53:44+08:00 ] ERR: 无法加载模块:Robots.txt
[ 2014-09-29T05:35:34+08:00 ] ERR: 无法加载模块:Statics
[ 2014-09-29T05:35:34+08:00 ] ERR: 无法加载模块:Statics
[ 2014-09-29T07:39:34+08:00 ] ERR: 无法加载模块:Statics
[ 2014-09-29T07:39:34+08:00 ] ERR: 无法加载模块:Statics
[ 2014-09-29T07:41:25+08:00 ] ERR: 无法加载模块:Statics
[ 2014-09-29T07:41:25+08:00 ] ERR: 无法加载模块:Statics
[ 2014-09-29T07:56:09+08:00 ] ERR: 无法加载模块:Statics
[ 2014-09-29T07:56:09+08:00 ] ERR: 无法加载模块:Statics
[ 2014-09-29T07:56:09+08:00 ] ERR: 无法加载模块:Statics
[ 2014-09-29T07:59:36+08:00 ] ERR: 无法加载模块:Statics
[ 2014-09-29T07:59:36+08:00 ] ERR: 无法加载模块:Statics
[ 2014-09-29T08:01:15+08:00 ] ERR: 无法加载模块:Statics
[ 2014-09-29T08:01:15+08:00 ] ERR: 无法加载模块:Statics
[ 2014-09-29T08:06:11+08:00 ] ERR: 无法加载模块:Statics
[ 2014-09-29T08:06:11+08:00 ] ERR: 无法加载模块:Statics
[ 2014-09-29T08:34:15+08:00 ] ERR: 无法加载模块:Statics
[ 2014-09-29T08:34:15+08:00 ] ERR: 无法加载模块:Statics
[ 2014-09-29T08:43:12+08:00 ] ERR: 无法加载模块:Statics
[ 2014-09-29T08:43:12+08:00 ] ERR: 无法加载模块:Statics
[ 2014-09-29T08:48:08+08:00 ] ERR: 无法加载模块:Statics
[ 2014-09-29T08:48:08+08:00 ] ERR: 无法加载模块:Statics
[ 2014-09-29T08:54:32+08:00 ] ERR: 无法加载模块:Statics
[ 2014-09-29T08:54:32+08:00 ] ERR: 无法加载模块:Statics
[ 2014-09-29T08:55:20+08:00 ] ERR: 无法加载模块:Statics
[ 2014-09-29T08:55:20+08:00 ] ERR: 无法加载模块:Statics
[ 2014-09-29T08:55:30+08:00 ] ERR: 无法加载模块:Statics
[ 2014-09-29T08:55:30+08:00 ] ERR: 无法加载模块:Statics
[ 2014-09-29T08:59:44+08:00 ] ERR: 无法加载模块:Statics
[ 2014-09-29T08:59:44+08:00 ] ERR: 无法加载模块:Statics
[ 2014-09-29T08:59:45+08:00 ] ERR: 无法加载模块:Statics
[ 2014-09-29T08:59:45+08:00 ] ERR: 无法加载模块:Statics
[ 2014-09-29T08:59:48+08:00 ] ERR: 无法加载模块:Statics
[ 2014-09-29T08:59:48+08:00 ] ERR: 无法加载模块:Statics
[ 2014-09-29T09:00:08+08:00 ] ERR: 无法加载模块:Statics
[ 2014-09-29T09:00:08+08:00 ] ERR: 无法加载模块:Statics
[ 2014-09-29T09:06:31+08:00 ] ERR: 无法加载模块:Statics
[ 2014-09-29T09:06:31+08:00 ] ERR: 无法加载模块:Statics
[ 2014-09-29T09:07:12+08:00 ] ERR: 无法加载模块:Statics
[ 2014-09-29T09:07:12+08:00 ] ERR: 无法加载模块:Statics
[ 2014-09-29T09:08:44+08:00 ] ERR: 无法加载模块:Statics
[ 2014-09-29T09:08:44+08:00 ] ERR: 无法加载模块:Statics
[ 2014-09-29T09:08:48+08:00 ] ERR: 无法加载模块:Statics
[ 2014-09-29T09:08:48+08:00 ] ERR: 无法加载模块:Statics
[ 2014-09-29T09:09:09+08:00 ] ERR: 无法加载模块:Statics
[ 2014-09-29T09:09:09+08:00 ] ERR: 无法加载模块:Statics
[ 2014-09-29T09:11:41+08:00 ] ERR: 无法加载模块:Statics
[ 2014-09-29T09:11:41+08:00 ] ERR: 无法加载模块:Statics
[ 2014-09-29T09:18:18+08:00 ] ERR: 无法加载模块:Statics
[ 2014-09-29T09:18:18+08:00 ] ERR: 无法加载模块:Statics
[ 2014-09-29T09:18:38+08:00 ] ERR: 无法加载模块:Statics
[ 2014-09-29T09:18:38+08:00 ] ERR: 无法加载模块:Statics
[ 2014-09-29T09:18:53+08:00 ] ERR: 无法加载模块:Statics
[ 2014-09-29T09:18:53+08:00 ] ERR: 无法加载模块:Statics
[ 2014-09-29T09:22:14+08:00 ] ERR: 无法加载模块:Statics
[ 2014-09-29T09:22:14+08:00 ] ERR: 无法加载模块:Statics
[ 2014-09-29T09:25:04+08:00 ] ERR: 无法加载模块:Statics
[ 2014-09-29T09:25:04+08:00 ] ERR: 无法加载模块:Statics
[ 2014-09-29T09:37:16+08:00 ] ERR: 无法加载模块:Statics
[ 2014-09-29T09:37:16+08:00 ] ERR: 无法加载模块:Statics
[ 2014-09-29T09:43:11+08:00 ] ERR: 无法加载模块:Statics
[ 2014-09-29T09:43:11+08:00 ] ERR: 无法加载模块:Statics
[ 2014-09-29T09:44:12+08:00 ] ERR: 无法加载模块:Statics
[ 2014-09-29T09:44:12+08:00 ] ERR: 无法加载模块:Statics
[ 2014-09-29T09:46:50+08:00 ] ERR: 无法加载模块:Statics
[ 2014-09-29T09:46:50+08:00 ] ERR: 无法加载模块:Statics
[ 2014-09-29T09:54:22+08:00 ] ERR: 无法加载模块:Statics
[ 2014-09-29T09:54:22+08:00 ] ERR: 无法加载模块:Statics
[ 2014-09-29T09:59:00+08:00 ] ERR: 无法加载模块:Statics
[ 2014-09-29T09:59:00+08:00 ] ERR: 无法加载模块:Statics
[ 2014-09-29T10:03:00+08:00 ] ERR: 无法加载模块:Statics
[ 2014-09-29T10:03:00+08:00 ] ERR: 无法加载模块:Statics
[ 2014-09-29T10:05:29+08:00 ] ERR: 无法加载模块:Statics
[ 2014-09-29T10:05:29+08:00 ] ERR: 无法加载模块:Statics
[ 2014-09-29T10:10:15+08:00 ] ERR: 无法加载模块:Robots.txt
[ 2014-09-29T10:11:07+08:00 ] ERR: 无法加载模块:Statics
[ 2014-09-29T10:11:07+08:00 ] ERR: 无法加载模块:Statics
[ 2014-09-29T10:13:31+08:00 ] ERR: 无法加载模块:Statics
[ 2014-09-29T10:13:31+08:00 ] ERR: 无法加载模块:Statics
[ 2014-09-29T10:13:43+08:00 ] ERR: 无法加载模块:Statics
[ 2014-09-29T10:13:43+08:00 ] ERR: 无法加载模块:Statics
[ 2014-09-29T10:14:25+08:00 ] ERR: 无法加载模块:Statics
[ 2014-09-29T10:14:25+08:00 ] ERR: 无法加载模块:Statics
[ 2014-09-29T10:16:13+08:00 ] ERR: 无法加载模块:Statics
[ 2014-09-29T10:16:13+08:00 ] ERR: 无法加载模块:Statics
[ 2014-09-29T10:17:00+08:00 ] ERR: 无法加载模块:Statics
[ 2014-09-29T10:17:00+08:00 ] ERR: 无法加载模块:Statics
[ 2014-09-29T10:17:04+08:00 ] ERR: 无法加载模块:Statics
[ 2014-09-29T10:17:04+08:00 ] ERR: 无法加载模块:Statics
[ 2014-09-29T10:19:23+08:00 ] ERR: 无法加载模块:Statics
[ 2014-09-29T10:19:23+08:00 ] ERR: 无法加载模块:Statics
[ 2014-09-29T10:20:35+08:00 ] ERR: 无法加载模块:Statics
[ 2014-09-29T10:20:35+08:00 ] ERR: 无法加载模块:Statics
[ 2014-09-29T10:21:32+08:00 ] ERR: 无法加载模块:Statics
[ 2014-09-29T10:21:32+08:00 ] ERR: 无法加载模块:Statics
[ 2014-09-29T10:22:01+08:00 ] ERR: 无法加载模块:Statics
[ 2014-09-29T10:22:01+08:00 ] ERR: 无法加载模块:Statics
[ 2014-09-29T10:23:37+08:00 ] ERR: 无法加载模块:Statics
[ 2014-09-29T10:23:37+08:00 ] ERR: 无法加载模块:Statics
[ 2014-09-29T10:27:11+08:00 ] ERR: 无法加载模块:Statics
[ 2014-09-29T10:27:11+08:00 ] ERR: 无法加载模块:Statics
[ 2014-09-29T10:28:24+08:00 ] ERR: 无法加载模块:Statics
[ 2014-09-29T10:28:24+08:00 ] ERR: 无法加载模块:Statics
[ 2014-09-29T10:32:22+08:00 ] ERR: 无法加载模块:Statics
[ 2014-09-29T10:32:22+08:00 ] ERR: 无法加载模块:Statics
[ 2014-09-29T10:34:10+08:00 ] ERR: 无法加载模块:Statics
[ 2014-09-29T10:34:10+08:00 ] ERR: 无法加载模块:Statics
[ 2014-09-29T10:35:09+08:00 ] ERR: 无法加载模块:Statics
[ 2014-09-29T10:35:09+08:00 ] ERR: 无法加载模块:Statics
[ 2014-09-29T10:35:10+08:00 ] ERR: 无法加载模块:Statics
[ 2014-09-29T10:35:15+08:00 ] ERR: 无法加载模块:Statics
[ 2014-09-29T10:35:15+08:00 ] ERR: 无法加载模块:Statics
[ 2014-09-29T10:35:18+08:00 ] ERR: 无法加载模块:Statics
[ 2014-09-29T10:38:02+08:00 ] ERR: 无法加载模块:Statics
[ 2014-09-29T10:38:02+08:00 ] ERR: 无法加载模块:Statics
[ 2014-09-29T10:40:00+08:00 ] ERR: 无法加载模块:Statics
[ 2014-09-29T10:40:00+08:00 ] ERR: 无法加载模块:Statics
[ 2014-09-29T10:40:50+08:00 ] ERR: 无法加载模块:Statics
[ 2014-09-29T10:40:50+08:00 ] ERR: 无法加载模块:Statics
[ 2014-09-29T10:52:18+08:00 ] ERR: 无法加载模块:Statics
[ 2014-09-29T10:52:18+08:00 ] ERR: 无法加载模块:Statics
[ 2014-09-29T10:56:10+08:00 ] ERR: 无法加载模块:Statics
[ 2014-09-29T10:56:10+08:00 ] ERR: 无法加载模块:Statics
[ 2014-09-29T10:57:16+08:00 ] ERR: 无法加载模块:Statics
[ 2014-09-29T10:57:16+08:00 ] ERR: 无法加载模块:Statics
[ 2014-09-29T11:00:00+08:00 ] ERR: 无法加载模块:Statics
[ 2014-09-29T11:00:00+08:00 ] ERR: 无法加载模块:Statics
[ 2014-09-29T11:00:32+08:00 ] ERR: 无法加载模块:Statics
[ 2014-09-29T11:00:32+08:00 ] ERR: 无法加载模块:Statics
[ 2014-09-29T11:02:55+08:00 ] ERR: 无法加载模块:VtiBin
[ 2014-09-29T11:02:55+08:00 ] ERR: 无法加载模块:MSOffice
[ 2014-09-29T11:03:22+08:00 ] ERR: 无法加载模块:Statics
[ 2014-09-29T11:03:22+08:00 ] ERR: 无法加载模块:Statics
[ 2014-09-29T11:07:12+08:00 ] ERR: 无法加载模块:Statics
[ 2014-09-29T11:07:12+08:00 ] ERR: 无法加载模块:Statics
[ 2014-09-29T11:07:47+08:00 ] ERR: 无法加载模块:Statics
[ 2014-09-29T11:07:47+08:00 ] ERR: 无法加载模块:Statics
[ 2014-09-29T11:09:59+08:00 ] ERR: 无法加载模块:Statics
[ 2014-09-29T11:09:59+08:00 ] ERR: 无法加载模块:Statics
[ 2014-09-29T11:10:26+08:00 ] ERR: 无法加载模块:Statics
[ 2014-09-29T11:10:26+08:00 ] ERR: 无法加载模块:Statics
[ 2014-09-29T11:12:26+08:00 ] ERR: 无法加载模块:Statics
[ 2014-09-29T11:12:26+08:00 ] ERR: 无法加载模块:Statics
[ 2014-09-29T11:13:46+08:00 ] ERR: 无法加载模块:Statics
[ 2014-09-29T11:13:46+08:00 ] ERR: 无法加载模块:Statics
[ 2014-09-29T11:13:46+08:00 ] ERR: 无法加载模块:Statics
[ 2014-09-29T11:15:03+08:00 ] ERR: 无法加载模块:Statics
[ 2014-09-29T11:15:03+08:00 ] ERR: 无法加载模块:Statics
[ 2014-09-29T11:15:16+08:00 ] ERR: 无法加载模块:Statics
[ 2014-09-29T11:15:16+08:00 ] ERR: 无法加载模块:Statics
[ 2014-09-29T11:16:46+08:00 ] ERR: 无法加载模块:Statics
[ 2014-09-29T11:16:46+08:00 ] ERR: 无法加载模块:Statics
[ 2014-09-29T11:20:28+08:00 ] ERR: 无法加载模块:Statics
[ 2014-09-29T11:20:28+08:00 ] ERR: 无法加载模块:Statics
[ 2014-09-29T11:23:16+08:00 ] ERR: 无法加载模块:Statics
[ 2014-09-29T11:23:16+08:00 ] ERR: 无法加载模块:Statics
[ 2014-09-29T11:23:33+08:00 ] ERR: 无法加载模块:Statics
[ 2014-09-29T11:23:33+08:00 ] ERR: 无法加载模块:Statics
[ 2014-09-29T11:24:48+08:00 ] ERR: 无法加载模块:Statics
[ 2014-09-29T11:24:49+08:00 ] ERR: 无法加载模块:Statics
[ 2014-09-29T11:28:07+08:00 ] ERR: 无法加载模块:Statics
[ 2014-09-29T11:28:07+08:00 ] ERR: 无法加载模块:Statics
[ 2014-09-29T11:33:21+08:00 ] ERR: 无法加载模块:Statics
[ 2014-09-29T11:33:21+08:00 ] ERR: 无法加载模块:Statics
[ 2014-09-29T11:37:10+08:00 ] ERR: 无法加载模块:Statics
[ 2014-09-29T11:37:10+08:00 ] ERR: 无法加载模块:Statics
[ 2014-09-29T11:42:39+08:00 ] ERR: 无法加载模块:Statics
[ 2014-09-29T11:42:39+08:00 ] ERR: 无法加载模块:Statics
[ 2014-09-29T11:44:39+08:00 ] ERR: 无法加载模块:Statics
[ 2014-09-29T11:44:39+08:00 ] ERR: 无法加载模块:Statics
[ 2014-09-29T11:47:29+08:00 ] ERR: 无法加载模块:Statics
[ 2014-09-29T11:47:29+08:00 ] ERR: 无法加载模块:Statics
[ 2014-09-29T11:47:37+08:00 ] ERR: 无法加载模块:Statics
[ 2014-09-29T11:47:37+08:00 ] ERR: 无法加载模块:Statics
[ 2014-09-29T11:49:23+08:00 ] ERR: 无法加载模块:Statics
[ 2014-09-29T11:49:24+08:00 ] ERR: 无法加载模块:Statics
[ 2014-09-29T11:50:39+08:00 ] ERR: 无法加载模块:Statics
[ 2014-09-29T11:50:39+08:00 ] ERR: 无法加载模块:Statics
[ 2014-09-29T11:56:40+08:00 ] ERR: 无法加载模块:Statics
[ 2014-09-29T11:56:40+08:00 ] ERR: 无法加载模块:Statics
[ 2014-09-29T11:57:27+08:00 ] ERR: 无法加载模块:Statics
[ 2014-09-29T11:57:27+08:00 ] ERR: 无法加载模块:Statics
[ 2014-09-29T11:57:44+08:00 ] ERR: 无法加载模块:Statics
[ 2014-09-29T11:57:44+08:00 ] ERR: 无法加载模块:Statics
[ 2014-09-29T11:58:01+08:00 ] ERR: 无法加载模块:Statics
[ 2014-09-29T11:58:01+08:00 ] ERR: 无法加载模块:Statics
[ 2014-09-29T11:58:03+08:00 ] ERR: 无法加载模块:Statics
[ 2014-09-29T11:58:03+08:00 ] ERR: 无法加载模块:Statics
[ 2014-09-29T11:58:13+08:00 ] ERR: 无法加载模块:Statics
[ 2014-09-29T11:58:13+08:00 ] ERR: 无法加载模块:Statics
[ 2014-09-29T11:58:20+08:00 ] ERR: 无法加载模块:Statics
[ 2014-09-29T11:58:20+08:00 ] ERR: 无法加载模块:Statics
[ 2014-09-29T12:03:21+08:00 ] ERR: 无法加载模块:Statics
[ 2014-09-29T12:03:21+08:00 ] ERR: 无法加载模块:Statics
[ 2014-09-29T12:03:39+08:00 ] ERR: 无法加载模块:Statics
[ 2014-09-29T12:03:39+08:00 ] ERR: 无法加载模块:Statics
[ 2014-09-29T12:05:07+08:00 ] ERR: 无法加载模块:Statics
[ 2014-09-29T12:05:07+08:00 ] ERR: 无法加载模块:Statics
[ 2014-09-29T12:07:02+08:00 ] ERR: 无法加载模块:Statics
[ 2014-09-29T12:07:02+08:00 ] ERR: 无法加载模块:Statics
[ 2014-09-29T12:07:15+08:00 ] ERR: 无法加载模块:Statics
[ 2014-09-29T12:07:15+08:00 ] ERR: 无法加载模块:Statics
[ 2014-09-29T12:07:37+08:00 ] ERR: 无法加载模块:Statics
[ 2014-09-29T12:07:37+08:00 ] ERR: 无法加载模块:Statics
[ 2014-09-29T12:23:44+08:00 ] ERR: 无法加载模块:Statics
[ 2014-09-29T12:23:44+08:00 ] ERR: 无法加载模块:Statics
[ 2014-09-29T12:24:42+08:00 ] ERR: 无法加载模块:Robots.txt
[ 2014-09-29T12:28:51+08:00 ] ERR: 无法加载模块:Statics
[ 2014-09-29T12:28:54+08:00 ] ERR: 无法加载模块:Statics
[ 2014-09-29T12:29:34+08:00 ] ERR: 无法加载模块:Statics
[ 2014-09-29T12:29:34+08:00 ] ERR: 无法加载模块:Statics
[ 2014-09-29T12:33:56+08:00 ] ERR: 无法加载模块:Statics
[ 2014-09-29T12:33:56+08:00 ] ERR: 无法加载模块:Statics
[ 2014-09-29T12:47:12+08:00 ] ERR: 无法加载模块:Statics
[ 2014-09-29T12:47:12+08:00 ] ERR: 无法加载模块:Statics
[ 2014-09-29T12:53:22+08:00 ] ERR: 无法加载模块:Statics
[ 2014-09-29T12:53:22+08:00 ] ERR: 无法加载模块:Statics
[ 2014-09-29T12:53:38+08:00 ] ERR: 无法加载模块:Statics
[ 2014-09-29T12:53:38+08:00 ] ERR: 无法加载模块:Statics
[ 2014-09-29T13:05:13+08:00 ] ERR: 无法加载模块:Statics
[ 2014-09-29T13:05:13+08:00 ] ERR: 无法加载模块:Statics
[ 2014-09-29T13:12:18+08:00 ] ERR: 无法加载模块:Statics
[ 2014-09-29T13:12:18+08:00 ] ERR: 无法加载模块:Statics
[ 2014-09-29T13:14:58+08:00 ] ERR: 无法加载模块:Statics
[ 2014-09-29T13:14:58+08:00 ] ERR: 无法加载模块:Statics
[ 2014-09-29T13:18:32+08:00 ] ERR: 无法加载模块:Statics
[ 2014-09-29T13:18:32+08:00 ] ERR: 无法加载模块:Statics
[ 2014-09-29T13:19:02+08:00 ] ERR: 无法加载模块:Statics
[ 2014-09-29T13:19:02+08:00 ] ERR: 无法加载模块:Statics
[ 2014-09-29T13:22:28+08:00 ] ERR: 无法加载模块:Statics
[ 2014-09-29T13:22:28+08:00 ] ERR: 无法加载模块:Statics
[ 2014-09-29T13:26:00+08:00 ] ERR: 无法加载模块:Statics
[ 2014-09-29T13:26:00+08:00 ] ERR: 无法加载模块:Statics
[ 2014-09-29T13:27:01+08:00 ] ERR: 无法加载模块:Statics
[ 2014-09-29T13:27:01+08:00 ] ERR: 无法加载模块:Statics
[ 2014-09-29T13:35:56+08:00 ] ERR: 无法加载模块:Statics
[ 2014-09-29T13:35:56+08:00 ] ERR: 无法加载模块:Statics
[ 2014-09-29T13:36:26+08:00 ] ERR: 无法加载模块:Statics
[ 2014-09-29T13:36:26+08:00 ] ERR: 无法加载模块:Statics
[ 2014-09-29T13:39:44+08:00 ] ERR: 无法加载模块:Statics
[ 2014-09-29T13:39:44+08:00 ] ERR: 无法加载模块:Statics
[ 2014-09-29T13:41:06+08:00 ] ERR: 无法加载模块:Statics
[ 2014-09-29T13:41:06+08:00 ] ERR: 无法加载模块:Statics
[ 2014-09-29T13:41:56+08:00 ] ERR: 无法加载模块:Statics
[ 2014-09-29T13:41:56+08:00 ] ERR: 无法加载模块:Statics
[ 2014-09-29T13:45:46+08:00 ] ERR: 无法加载模块:Statics
[ 2014-09-29T13:45:46+08:00 ] ERR: 无法加载模块:Statics
[ 2014-09-29T13:46:59+08:00 ] ERR: 无法加载模块:Statics
[ 2014-09-29T13:46:59+08:00 ] ERR: 无法加载模块:Statics
[ 2014-09-29T13:49:01+08:00 ] ERR: 无法加载模块:Statics
[ 2014-09-29T13:49:01+08:00 ] ERR: 无法加载模块:Statics
[ 2014-09-29T13:50:49+08:00 ] ERR: 无法加载模块:Statics
[ 2014-09-29T13:50:49+08:00 ] ERR: 无法加载模块:Statics
[ 2014-09-29T13:51:12+08:00 ] ERR: 无法加载模块:Statics
[ 2014-09-29T13:51:12+08:00 ] ERR: 无法加载模块:Statics
[ 2014-09-29T13:51:36+08:00 ] ERR: 无法加载模块:Statics
[ 2014-09-29T13:51:36+08:00 ] ERR: 无法加载模块:Statics
[ 2014-09-29T13:51:48+08:00 ] ERR: 无法加载模块:Statics
[ 2014-09-29T13:51:48+08:00 ] ERR: 无法加载模块:Statics
[ 2014-09-29T13:55:00+08:00 ] ERR: 无法加载模块:Statics
[ 2014-09-29T13:55:00+08:00 ] ERR: 无法加载模块:Statics
[ 2014-09-29T13:58:51+08:00 ] ERR: 无法加载模块:Statics
[ 2014-09-29T13:58:51+08:00 ] ERR: 无法加载模块:Statics
[ 2014-09-29T14:01:30+08:00 ] ERR: 无法加载模块:Statics
[ 2014-09-29T14:01:30+08:00 ] ERR: 无法加载模块:Statics
[ 2014-09-29T14:01:58+08:00 ] ERR: 无法加载模块:Statics
[ 2014-09-29T14:01:58+08:00 ] ERR: 无法加载模块:Statics
[ 2014-09-29T14:02:34+08:00 ] ERR: 无法加载模块:Statics
[ 2014-09-29T14:02:34+08:00 ] ERR: 无法加载模块:Statics
[ 2014-09-29T14:04:12+08:00 ] ERR: 无法加载模块:Statics
[ 2014-09-29T14:04:12+08:00 ] ERR: 无法加载模块:Statics
[ 2014-09-29T14:04:42+08:00 ] ERR: 无法加载模块:Statics
[ 2014-09-29T14:04:42+08:00 ] ERR: 无法加载模块:Statics
[ 2014-09-29T14:04:45+08:00 ] ERR: 无法加载模块:Statics
[ 2014-09-29T14:04:45+08:00 ] ERR: 无法加载模块:Statics
[ 2014-09-29T14:15:09+08:00 ] ERR: 无法加载模块:Statics
[ 2014-09-29T14:15:09+08:00 ] ERR: 无法加载模块:Statics
[ 2014-09-29T14:17:07+08:00 ] ERR: 无法加载模块:Statics
[ 2014-09-29T14:17:07+08:00 ] ERR: 无法加载模块:Statics
[ 2014-09-29T14:20:10+08:00 ] ERR: 无法加载模块:Statics
[ 2014-09-29T14:20:10+08:00 ] ERR: 无法加载模块:Statics
[ 2014-09-29T14:21:41+08:00 ] ERR: 无法加载模块:Statics
[ 2014-09-29T14:21:41+08:00 ] ERR: 无法加载模块:Statics
[ 2014-09-29T14:24:42+08:00 ] ERR: 无法加载模块:Statics
[ 2014-09-29T14:24:42+08:00 ] ERR: 无法加载模块:Statics
[ 2014-09-29T14:24:52+08:00 ] ERR: 无法加载模块:Statics
[ 2014-09-29T14:24:52+08:00 ] ERR: 无法加载模块:Statics
[ 2014-09-29T14:25:19+08:00 ] ERR: 无法加载模块:Statics
[ 2014-09-29T14:25:19+08:00 ] ERR: 无法加载模块:Statics
[ 2014-09-29T14:26:05+08:00 ] ERR: 无法加载模块:Statics
[ 2014-09-29T14:26:05+08:00 ] ERR: 无法加载模块:Statics
[ 2014-09-29T14:27:27+08:00 ] ERR: 无法加载模块:Statics
[ 2014-09-29T14:27:27+08:00 ] ERR: 无法加载模块:Statics
[ 2014-09-29T14:27:28+08:00 ] ERR: 无法加载模块:Statics
[ 2014-09-29T14:27:28+08:00 ] ERR: 无法加载模块:Statics
[ 2014-09-29T14:33:23+08:00 ] ERR: 无法加载模块:Statics
[ 2014-09-29T14:33:23+08:00 ] ERR: 无法加载模块:Statics
[ 2014-09-29T14:40:01+08:00 ] ERR: 无法加载模块:Statics
[ 2014-09-29T14:40:01+08:00 ] ERR: 无法加载模块:Statics
[ 2014-09-29T14:40:38+08:00 ] ERR: 无法加载模块:Statics
[ 2014-09-29T14:40:38+08:00 ] ERR: 无法加载模块:Statics
[ 2014-09-29T14:40:52+08:00 ] ERR: 无法加载模块:Statics
[ 2014-09-29T14:40:52+08:00 ] ERR: 无法加载模块:Statics
[ 2014-09-29T14:41:12+08:00 ] ERR: 无法加载模块:Statics
[ 2014-09-29T14:41:12+08:00 ] ERR: 无法加载模块:Statics
[ 2014-09-29T14:41:41+08:00 ] ERR: 无法加载模块:Statics
[ 2014-09-29T14:41:41+08:00 ] ERR: 无法加载模块:Statics
[ 2014-09-29T14:44:46+08:00 ] ERR: 无法加载模块:Statics
[ 2014-09-29T14:44:46+08:00 ] ERR: 无法加载模块:Statics
[ 2014-09-29T14:47:56+08:00 ] ERR: 无法加载模块:Statics
[ 2014-09-29T14:47:56+08:00 ] ERR: 无法加载模块:Statics
[ 2014-09-29T14:48:29+08:00 ] ERR: 无法加载模块:Statics
[ 2014-09-29T14:48:29+08:00 ] ERR: 无法加载模块:Statics
[ 2014-09-29T14:49:50+08:00 ] ERR: 无法加载模块:Statics
[ 2014-09-29T14:49:50+08:00 ] ERR: 无法加载模块:Statics
[ 2014-09-29T14:51:06+08:00 ] ERR: 无法加载模块:Robots.txt
[ 2014-09-29T14:52:12+08:00 ] ERR: 无法加载模块:Statics
[ 2014-09-29T14:52:12+08:00 ] ERR: 无法加载模块:Statics
[ 2014-09-29T14:53:49+08:00 ] ERR: 无法加载模块:Statics
[ 2014-09-29T14:53:49+08:00 ] ERR: 无法加载模块:Statics
[ 2014-09-29T14:54:45+08:00 ] ERR: 无法加载模块:Statics
[ 2014-09-29T14:54:45+08:00 ] ERR: 无法加载模块:Statics
[ 2014-09-29T14:55:43+08:00 ] ERR: 无法加载模块:Statics
[ 2014-09-29T14:55:43+08:00 ] ERR: 无法加载模块:Statics
[ 2014-09-29T14:56:04+08:00 ] ERR: 无法加载模块:Statics
[ 2014-09-29T14:56:04+08:00 ] ERR: 无法加载模块:Statics
[ 2014-09-29T14:56:17+08:00 ] ERR: 无法加载模块:Statics
[ 2014-09-29T14:56:17+08:00 ] ERR: 无法加载模块:Statics
[ 2014-09-29T14:57:51+08:00 ] ERR: 无法加载模块:Statics
[ 2014-09-29T14:57:51+08:00 ] ERR: 无法加载模块:Statics
[ 2014-09-29T15:02:08+08:00 ] ERR: 无法加载模块:Statics
[ 2014-09-29T15:02:08+08:00 ] ERR: 无法加载模块:Statics
[ 2014-09-29T15:07:15+08:00 ] ERR: 无法加载模块:Statics
[ 2014-09-29T15:07:15+08:00 ] ERR: 无法加载模块:Statics
[ 2014-09-29T15:07:21+08:00 ] ERR: 无法加载模块:Statics
[ 2014-09-29T15:07:21+08:00 ] ERR: 无法加载模块:Statics
[ 2014-09-29T15:07:29+08:00 ] ERR: 无法加载模块:Statics
[ 2014-09-29T15:07:29+08:00 ] ERR: 无法加载模块:Statics
[ 2014-09-29T15:11:00+08:00 ] ERR: 无法加载模块:Statics
[ 2014-09-29T15:11:00+08:00 ] ERR: 无法加载模块:Statics
[ 2014-09-29T15:11:41+08:00 ] ERR: 无法加载模块:Statics
[ 2014-09-29T15:11:49+08:00 ] ERR: 无法加载模块:Statics
[ 2014-09-29T15:13:39+08:00 ] ERR: 无法加载模块:Statics
[ 2014-09-29T15:13:39+08:00 ] ERR: 无法加载模块:Statics
[ 2014-09-29T15:17:36+08:00 ] ERR: 无法加载模块:Statics
[ 2014-09-29T15:17:36+08:00 ] ERR: 无法加载模块:Statics
[ 2014-09-29T15:26:05+08:00 ] ERR: 无法加载模块:Statics
[ 2014-09-29T15:26:05+08:00 ] ERR: 无法加载模块:Statics
[ 2014-09-29T15:28:25+08:00 ] ERR: 无法加载模块:Statics
[ 2014-09-29T15:28:25+08:00 ] ERR: 无法加载模块:Statics
[ 2014-09-29T15:30:41+08:00 ] ERR: 无法加载模块:Statics
[ 2014-09-29T15:30:41+08:00 ] ERR: 无法加载模块:Statics
[ 2014-09-29T15:30:59+08:00 ] ERR: 无法加载模块:Statics
[ 2014-09-29T15:30:59+08:00 ] ERR: 无法加载模块:Statics
[ 2014-09-29T15:36:41+08:00 ] ERR: 无法加载模块:Statics
[ 2014-09-29T15:36:41+08:00 ] ERR: 无法加载模块:Statics
[ 2014-09-29T15:37:20+08:00 ] ERR: 无法加载模块:Statics
[ 2014-09-29T15:37:20+08:00 ] ERR: 无法加载模块:Statics
[ 2014-09-29T15:37:34+08:00 ] ERR: 无法加载模块:Statics
[ 2014-09-29T15:37:34+08:00 ] ERR: 无法加载模块:Statics
[ 2014-09-29T15:37:50+08:00 ] ERR: 无法加载模块:Statics
[ 2014-09-29T15:37:50+08:00 ] ERR: 无法加载模块:Statics
[ 2014-09-29T15:39:25+08:00 ] ERR: 无法加载模块:Statics
[ 2014-09-29T15:39:25+08:00 ] ERR: 无法加载模块:Statics
[ 2014-09-29T15:43:13+08:00 ] ERR: 无法加载模块:Statics
[ 2014-09-29T15:43:13+08:00 ] ERR: 无法加载模块:Statics
[ 2014-09-29T15:44:17+08:00 ] ERR: 无法加载模块:Statics
[ 2014-09-29T15:44:17+08:00 ] ERR: 无法加载模块:Statics
[ 2014-09-29T15:49:34+08:00 ] ERR: 无法加载模块:Statics
[ 2014-09-29T15:49:34+08:00 ] ERR: 无法加载模块:Statics
[ 2014-09-29T15:53:44+08:00 ] ERR: 无法加载模块:Statics
[ 2014-09-29T15:53:45+08:00 ] ERR: 无法加载模块:Statics
[ 2014-09-29T15:54:11+08:00 ] ERR: 无法加载模块:Statics
[ 2014-09-29T15:54:11+08:00 ] ERR: 无法加载模块:Statics
[ 2014-09-29T15:54:13+08:00 ] ERR: 无法加载模块:Statics
[ 2014-09-29T15:54:13+08:00 ] ERR: 无法加载模块:Statics
[ 2014-09-29T15:54:20+08:00 ] ERR: 无法加载模块:Statics
[ 2014-09-29T15:54:20+08:00 ] ERR: 无法加载模块:Statics
[ 2014-09-29T15:59:23+08:00 ] ERR: 无法加载模块:Statics
[ 2014-09-29T15:59:23+08:00 ] ERR: 无法加载模块:Statics
[ 2014-09-29T16:04:04+08:00 ] ERR: 无法加载模块:Statics
[ 2014-09-29T16:04:04+08:00 ] ERR: 无法加载模块:Statics
[ 2014-09-29T16:05:16+08:00 ] ERR: 无法加载模块:Statics
[ 2014-09-29T16:05:16+08:00 ] ERR: 无法加载模块:Statics
[ 2014-09-29T16:05:22+08:00 ] ERR: 无法加载模块:Statics
[ 2014-09-29T16:05:22+08:00 ] ERR: 无法加载模块:Statics
[ 2014-09-29T16:05:30+08:00 ] ERR: 无法加载模块:Statics
[ 2014-09-29T16:05:30+08:00 ] ERR: 无法加载模块:Statics
[ 2014-09-29T16:05:52+08:00 ] ERR: 无法加载模块:Statics
[ 2014-09-29T16:05:52+08:00 ] ERR: 无法加载模块:Statics
[ 2014-09-29T16:15:14+08:00 ] ERR: 无法加载模块:Statics
[ 2014-09-29T16:15:14+08:00 ] ERR: 无法加载模块:Statics
[ 2014-09-29T16:15:42+08:00 ] ERR: 无法加载模块:Statics
[ 2014-09-29T16:15:42+08:00 ] ERR: 无法加载模块:Statics
[ 2014-09-29T16:16:46+08:00 ] ERR: 无法加载模块:Statics
[ 2014-09-29T16:16:46+08:00 ] ERR: 无法加载模块:Statics
[ 2014-09-29T16:21:50+08:00 ] ERR: 无法加载模块:Statics
[ 2014-09-29T16:21:50+08:00 ] ERR: 无法加载模块:Statics
[ 2014-09-29T16:22:25+08:00 ] ERR: 无法加载模块:Statics
[ 2014-09-29T16:22:25+08:00 ] ERR: 无法加载模块:Statics
[ 2014-09-29T16:22:50+08:00 ] ERR: 无法加载模块:Statics
[ 2014-09-29T16:22:50+08:00 ] ERR: 无法加载模块:Statics
[ 2014-09-29T16:24:44+08:00 ] ERR: 无法加载模块:Statics
[ 2014-09-29T16:24:44+08:00 ] ERR: 无法加载模块:Statics
[ 2014-09-29T16:25:20+08:00 ] ERR: 无法加载模块:Statics
[ 2014-09-29T16:25:20+08:00 ] ERR: 无法加载模块:Statics
[ 2014-09-29T16:30:01+08:00 ] ERR: 无法加载模块:Statics
[ 2014-09-29T16:30:01+08:00 ] ERR: 无法加载模块:Statics
[ 2014-09-29T16:31:21+08:00 ] ERR: 无法加载模块:Statics
[ 2014-09-29T16:31:21+08:00 ] ERR: 无法加载模块:Statics
[ 2014-09-29T16:31:57+08:00 ] ERR: 无法加载模块:Statics
[ 2014-09-29T16:31:57+08:00 ] ERR: 无法加载模块:Statics
[ 2014-09-29T16:32:47+08:00 ] ERR: 无法加载模块:Statics
[ 2014-09-29T16:32:47+08:00 ] ERR: 无法加载模块:Statics
[ 2014-09-29T16:42:19+08:00 ] ERR: 无法加载模块:Statics
[ 2014-09-29T16:42:19+08:00 ] ERR: 无法加载模块:Statics
[ 2014-09-29T16:44:17+08:00 ] ERR: 无法加载模块:Statics
[ 2014-09-29T16:44:17+08:00 ] ERR: 无法加载模块:Statics
[ 2014-09-29T16:46:25+08:00 ] ERR: 无法加载模块:Statics
[ 2014-09-29T16:46:25+08:00 ] ERR: 无法加载模块:Statics
[ 2014-09-29T16:49:16+08:00 ] ERR: 无法加载模块:Statics
[ 2014-09-29T16:49:16+08:00 ] ERR: 无法加载模块:Statics
[ 2014-09-29T16:51:44+08:00 ] ERR: 无法加载模块:Statics
[ 2014-09-29T16:51:44+08:00 ] ERR: 无法加载模块:Statics
[ 2014-09-29T16:52:52+08:00 ] ERR: 无法加载模块:Statics
[ 2014-09-29T16:52:52+08:00 ] ERR: 无法加载模块:Statics
[ 2014-09-29T16:53:23+08:00 ] ERR: 无法加载模块:Statics
[ 2014-09-29T16:53:23+08:00 ] ERR: 无法加载模块:Statics
[ 2014-09-29T16:55:19+08:00 ] ERR: 无法加载模块:Statics
[ 2014-09-29T16:55:19+08:00 ] ERR: 无法加载模块:Statics
[ 2014-09-29T16:55:52+08:00 ] ERR: 无法加载模块:Statics
[ 2014-09-29T16:55:52+08:00 ] ERR: 无法加载模块:Statics
[ 2014-09-29T16:57:25+08:00 ] ERR: 无法加载模块:Statics
[ 2014-09-29T16:57:25+08:00 ] ERR: 无法加载模块:Statics
[ 2014-09-29T17:00:49+08:00 ] ERR: 无法加载模块:Statics
[ 2014-09-29T17:00:49+08:00 ] ERR: 无法加载模块:Statics
[ 2014-09-29T17:08:34+08:00 ] ERR: 无法加载模块:Statics
[ 2014-09-29T17:08:34+08:00 ] ERR: 无法加载模块:Statics
[ 2014-09-29T17:15:49+08:00 ] ERR: 无法加载模块:Statics
[ 2014-09-29T17:15:49+08:00 ] ERR: 无法加载模块:Statics
[ 2014-09-29T17:16:28+08:00 ] ERR: 无法加载模块:Statics
[ 2014-09-29T17:16:28+08:00 ] ERR: 无法加载模块:Statics
[ 2014-09-29T17:17:35+08:00 ] ERR: 无法加载模块:Statics
[ 2014-09-29T17:17:36+08:00 ] ERR: 无法加载模块:Statics
[ 2014-09-29T17:19:45+08:00 ] ERR: 无法加载模块:Statics
[ 2014-09-29T17:19:45+08:00 ] ERR: 无法加载模块:Statics
[ 2014-09-29T17:24:07+08:00 ] ERR: 无法加载模块:Statics
[ 2014-09-29T17:24:07+08:00 ] ERR: 无法加载模块:Statics
[ 2014-09-29T17:26:28+08:00 ] ERR: 无法加载模块:Statics
[ 2014-09-29T17:26:28+08:00 ] ERR: 无法加载模块:Statics
[ 2014-09-29T17:28:01+08:00 ] ERR: 无法加载模块:Statics
[ 2014-09-29T17:28:01+08:00 ] ERR: 无法加载模块:Statics
[ 2014-09-29T17:28:17+08:00 ] ERR: 无法加载模块:Statics
[ 2014-09-29T17:28:17+08:00 ] ERR: 无法加载模块:Statics
[ 2014-09-29T17:28:56+08:00 ] ERR: 无法加载模块:Statics
[ 2014-09-29T17:28:56+08:00 ] ERR: 无法加载模块:Statics
[ 2014-09-29T17:29:23+08:00 ] ERR: 无法加载模块:Statics
[ 2014-09-29T17:29:23+08:00 ] ERR: 无法加载模块:Statics
[ 2014-09-29T17:29:46+08:00 ] ERR: 无法加载模块:Statics
[ 2014-09-29T17:29:46+08:00 ] ERR: 无法加载模块:Statics
[ 2014-09-29T17:32:53+08:00 ] ERR: 无法加载模块:Statics
[ 2014-09-29T17:32:53+08:00 ] ERR: 无法加载模块:Statics
[ 2014-09-29T17:33:43+08:00 ] ERR: 无法加载模块:Statics
[ 2014-09-29T17:33:43+08:00 ] ERR: 无法加载模块:Statics
[ 2014-09-29T17:44:53+08:00 ] ERR: 无法加载模块:Statics
[ 2014-09-29T17:44:53+08:00 ] ERR: 无法加载模块:Statics
[ 2014-09-29T17:45:08+08:00 ] ERR: 无法加载模块:Statics
[ 2014-09-29T17:45:08+08:00 ] ERR: 无法加载模块:Statics
[ 2014-09-29T17:49:24+08:00 ] ERR: 无法加载模块:Statics
[ 2014-09-29T17:49:24+08:00 ] ERR: 无法加载模块:Statics
[ 2014-09-29T17:53:53+08:00 ] ERR: 无法加载模块:Statics
[ 2014-09-29T17:53:53+08:00 ] ERR: 无法加载模块:Statics
[ 2014-09-29T18:00:19+08:00 ] ERR: 无法加载模块:Apple-touch-icon-120x120-precomposed.png
[ 2014-09-29T18:00:19+08:00 ] ERR: 无法加载模块:Apple-touch-icon-120x120.png
[ 2014-09-29T18:00:19+08:00 ] ERR: 无法加载模块:Apple-touch-icon.png
[ 2014-09-29T18:00:19+08:00 ] ERR: 无法加载模块:Apple-touch-icon.png
[ 2014-09-29T18:00:19+08:00 ] ERR: 无法加载模块:Apple-touch-icon-precomposed.png
[ 2014-09-29T18:05:35+08:00 ] ERR: 无法加载模块:Statics
[ 2014-09-29T18:05:35+08:00 ] ERR: 无法加载模块:Statics
[ 2014-09-29T18:07:44+08:00 ] ERR: 无法加载模块:Statics
[ 2014-09-29T18:07:44+08:00 ] ERR: 无法加载模块:Statics
[ 2014-09-29T18:09:04+08:00 ] ERR: 无法加载模块:Statics
[ 2014-09-29T18:09:04+08:00 ] ERR: 无法加载模块:Statics
[ 2014-09-29T18:09:53+08:00 ] ERR: 无法加载模块:Statics
[ 2014-09-29T18:09:53+08:00 ] ERR: 无法加载模块:Statics
[ 2014-09-29T18:16:42+08:00 ] ERR: 无法加载模块:Statics
[ 2014-09-29T18:16:42+08:00 ] ERR: 无法加载模块:Statics
[ 2014-09-29T18:23:40+08:00 ] ERR: 无法加载模块:Statics
[ 2014-09-29T18:23:40+08:00 ] ERR: 无法加载模块:Statics
[ 2014-09-29T18:27:04+08:00 ] ERR: 无法加载模块:Statics
[ 2014-09-29T18:27:04+08:00 ] ERR: 无法加载模块:Statics
[ 2014-09-29T18:29:44+08:00 ] ERR: 无法加载模块:Statics
[ 2014-09-29T18:29:44+08:00 ] ERR: 无法加载模块:Statics
[ 2014-09-29T18:30:10+08:00 ] ERR: 无法加载模块:Statics
[ 2014-09-29T18:30:10+08:00 ] ERR: 无法加载模块:Statics
[ 2014-09-29T18:37:01+08:00 ] ERR: 无法加载模块:Statics
[ 2014-09-29T18:37:01+08:00 ] ERR: 无法加载模块:Statics
[ 2014-09-29T18:49:54+08:00 ] ERR: 无法加载模块:Statics
[ 2014-09-29T18:49:54+08:00 ] ERR: 无法加载模块:Statics
[ 2014-09-29T18:53:14+08:00 ] ERR: 无法加载模块:Statics
[ 2014-09-29T18:53:15+08:00 ] ERR: 无法加载模块:Statics
[ 2014-09-29T18:57:21+08:00 ] ERR: 无法加载模块:Statics
[ 2014-09-29T18:57:21+08:00 ] ERR: 无法加载模块:Statics
[ 2014-09-29T18:58:22+08:00 ] ERR: 无法加载模块:Statics
[ 2014-09-29T18:58:22+08:00 ] ERR: 无法加载模块:Statics
[ 2014-09-29T19:03:26+08:00 ] ERR: 无法加载模块:Statics
[ 2014-09-29T19:03:26+08:00 ] ERR: 无法加载模块:Statics
[ 2014-09-29T19:10:27+08:00 ] ERR: 无法加载模块:Statics
[ 2014-09-29T19:10:27+08:00 ] ERR: 无法加载模块:Statics
[ 2014-09-29T19:10:40+08:00 ] ERR: 无法加载模块:Statics
[ 2014-09-29T19:10:40+08:00 ] ERR: 无法加载模块:Statics
[ 2014-09-29T19:24:41+08:00 ] ERR: 无法加载模块:Statics
[ 2014-09-29T19:24:41+08:00 ] ERR: 无法加载模块:Statics
[ 2014-09-29T19:27:18+08:00 ] ERR: 无法加载模块:Statics
[ 2014-09-29T19:27:18+08:00 ] ERR: 无法加载模块:Statics
[ 2014-09-29T19:31:09+08:00 ] ERR: 无法加载模块:Statics
[ 2014-09-29T19:31:09+08:00 ] ERR: 无法加载模块:Statics
[ 2014-09-29T19:32:13+08:00 ] ERR: 无法加载模块:Statics
[ 2014-09-29T19:32:13+08:00 ] ERR: 无法加载模块:Statics
[ 2014-09-29T19:42:38+08:00 ] ERR: 无法加载模块:Statics
[ 2014-09-29T19:42:38+08:00 ] ERR: 无法加载模块:Statics
[ 2014-09-29T19:42:48+08:00 ] ERR: 无法加载模块:Statics
[ 2014-09-29T19:42:48+08:00 ] ERR: 无法加载模块:Statics
[ 2014-09-29T19:56:20+08:00 ] ERR: 无法加载模块:Statics
[ 2014-09-29T19:56:20+08:00 ] ERR: 无法加载模块:Statics
[ 2014-09-29T20:05:21+08:00 ] ERR: 无法加载模块:Statics
[ 2014-09-29T20:05:21+08:00 ] ERR: 无法加载模块:Statics
[ 2014-09-29T20:21:24+08:00 ] ERR: 无法加载模块:Statics
[ 2014-09-29T20:21:24+08:00 ] ERR: 无法加载模块:Statics
[ 2014-09-29T20:21:55+08:00 ] ERR: 无法加载模块:Statics
[ 2014-09-29T20:21:55+08:00 ] ERR: 无法加载模块:Statics
[ 2014-09-29T20:22:25+08:00 ] ERR: 无法加载模块:Statics
[ 2014-09-29T20:22:26+08:00 ] ERR: 无法加载模块:Statics
[ 2014-09-29T20:23:23+08:00 ] ERR: 无法加载模块:Statics
[ 2014-09-29T20:23:23+08:00 ] ERR: 无法加载模块:Statics
[ 2014-09-29T20:28:12+08:00 ] ERR: 无法加载模块:Statics
[ 2014-09-29T20:28:12+08:00 ] ERR: 无法加载模块:Statics
[ 2014-09-29T20:29:25+08:00 ] ERR: 无法加载模块:Statics
[ 2014-09-29T20:29:25+08:00 ] ERR: 无法加载模块:Statics
[ 2014-09-29T20:30:03+08:00 ] ERR: 无法加载模块:Statics
[ 2014-09-29T20:30:06+08:00 ] ERR: 无法加载模块:Statics
[ 2014-09-29T20:31:56+08:00 ] ERR: 无法加载模块:Statics
[ 2014-09-29T20:31:56+08:00 ] ERR: 无法加载模块:Statics
[ 2014-09-29T21:07:12+08:00 ] ERR: 无法加载模块:Statics
[ 2014-09-29T21:07:12+08:00 ] ERR: 无法加载模块:Statics
[ 2014-09-29T21:07:35+08:00 ] ERR: 无法加载模块:Statics
[ 2014-09-29T21:07:35+08:00 ] ERR: 无法加载模块:Statics
[ 2014-09-29T21:20:33+08:00 ] ERR: 无法加载模块:Statics
[ 2014-09-29T21:20:33+08:00 ] ERR: 无法加载模块:Statics
[ 2014-09-29T21:20:34+08:00 ] ERR: 无法加载模块:Statics
[ 2014-09-29T21:21:10+08:00 ] ERR: 无法加载模块:Statics
[ 2014-09-29T21:21:10+08:00 ] ERR: 无法加载模块:Statics
[ 2014-09-29T21:22:56+08:00 ] ERR: 无法加载模块:Statics
[ 2014-09-29T21:22:57+08:00 ] ERR: 无法加载模块:Statics
[ 2014-09-29T21:23:09+08:00 ] ERR: 无法加载模块:Statics
[ 2014-09-29T21:23:09+08:00 ] ERR: 无法加载模块:Statics
[ 2014-09-29T21:23:13+08:00 ] ERR: 无法加载模块:Statics
[ 2014-09-29T21:23:13+08:00 ] ERR: 无法加载模块:Statics
[ 2014-09-29T21:46:03+08:00 ] ERR: 无法加载模块:Statics
[ 2014-09-29T21:46:03+08:00 ] ERR: 无法加载模块:Statics
[ 2014-09-29T22:19:09+08:00 ] ERR: 无法加载模块:Statics
[ 2014-09-29T22:19:09+08:00 ] ERR: 无法加载模块:Statics
[ 2014-09-29T22:21:41+08:00 ] ERR: 无法加载模块:Statics
[ 2014-09-29T22:21:41+08:00 ] ERR: 无法加载模块:Statics
[ 2014-09-29T22:21:52+08:00 ] ERR: 无法加载模块:Statics
[ 2014-09-29T22:21:52+08:00 ] ERR: 无法加载模块:Statics
[ 2014-09-29T22:36:12+08:00 ] ERR: 无法加载模块:Statics
[ 2014-09-29T22:36:12+08:00 ] ERR: 无法加载模块:Statics
[ 2014-09-29T22:49:43+08:00 ] ERR: 无法加载模块:Statics
[ 2014-09-29T22:49:43+08:00 ] ERR: 无法加载模块:Statics
[ 2014-09-29T22:49:56+08:00 ] ERR: 无法加载模块:Statics
[ 2014-09-29T22:49:56+08:00 ] ERR: 无法加载模块:Statics
[ 2014-09-29T22:52:56+08:00 ] ERR: 无法加载模块:Statics
[ 2014-09-29T22:52:57+08:00 ] ERR: 无法加载模块:Statics
[ 2014-09-29T22:53:32+08:00 ] ERR: 无法加载模块:Statics
[ 2014-09-29T22:53:32+08:00 ] ERR: 无法加载模块:Statics
[ 2014-09-29T23:08:52+08:00 ] ERR: 无法加载模块:Statics
[ 2014-09-29T23:08:52+08:00 ] ERR: 无法加载模块:Statics
[ 2014-09-29T23:08:58+08:00 ] ERR: 无法加载模块:Statics
[ 2014-09-29T23:08:58+08:00 ] ERR: 无法加载模块:Statics
[ 2014-09-29T23:09:05+08:00 ] ERR: 无法加载模块:Statics
[ 2014-09-29T23:09:05+08:00 ] ERR: 无法加载模块:Statics
[ 2014-09-29T23:19:00+08:00 ] ERR: 无法加载模块:Statics
[ 2014-09-29T23:19:00+08:00 ] ERR: 无法加载模块:Statics
[ 2014-09-29T23:45:55+08:00 ] ERR: 无法加载模块:Apple-touch-icon-120x120-precomposed.png
[ 2014-09-29T23:45:55+08:00 ] ERR: 无法加载模块:Apple-touch-icon-120x120.png
[ 2014-09-29T23:45:56+08:00 ] ERR: 无法加载模块:Apple-touch-icon.png
[ 2014-09-29T23:45:56+08:00 ] ERR: 无法加载模块:Apple-touch-icon.png
[ 2014-09-29T23:51:15+08:00 ] ERR: 无法加载模块:Robots.txt
[ 2014-09-29T23:51:38+08:00 ] ERR: 无法加载模块:Robots.txt
[ 2014-09-29T23:51:42+08:00 ] ERR: 无法加载模块:Robots.txt
