[ 2014-09-17T00:14:29+08:00 ] ERR: 无法加载模块:Statics
[ 2014-09-17T00:14:29+08:00 ] ERR: 无法加载模块:Statics
[ 2014-09-17T00:35:34+08:00 ] ERR: 无法加载模块:Statics
[ 2014-09-17T00:35:34+08:00 ] ERR: 无法加载模块:Statics
[ 2014-09-17T01:12:05+08:00 ] ERR: 无法加载模块:Statics
[ 2014-09-17T01:12:05+08:00 ] ERR: 无法加载模块:Statics
[ 2014-09-17T01:30:15+08:00 ] ERR: 无法加载模块:Statics
[ 2014-09-17T01:30:15+08:00 ] ERR: 无法加载模块:Statics
[ 2014-09-17T07:48:55+08:00 ] ERR: 无法加载模块:Statics
[ 2014-09-17T07:48:55+08:00 ] ERR: 无法加载模块:Statics
[ 2014-09-17T08:08:56+08:00 ] ERR: 无法加载模块:Statics
[ 2014-09-17T08:08:56+08:00 ] ERR: 无法加载模块:Statics
[ 2014-09-17T08:09:34+08:00 ] ERR: 无法加载模块:Statics
[ 2014-09-17T08:09:34+08:00 ] ERR: 无法加载模块:Statics
[ 2014-09-17T08:22:47+08:00 ] ERR: 无法加载模块:Statics
[ 2014-09-17T08:22:47+08:00 ] ERR: 无法加载模块:Statics
[ 2014-09-17T08:24:27+08:00 ] ERR: 无法加载模块:Statics
[ 2014-09-17T08:24:27+08:00 ] ERR: 无法加载模块:Statics
[ 2014-09-17T08:27:34+08:00 ] ERR: 无法加载模块:Statics
[ 2014-09-17T08:27:34+08:00 ] ERR: 无法加载模块:Statics
[ 2014-09-17T08:39:57+08:00 ] ERR: 无法加载模块:Statics
[ 2014-09-17T08:39:57+08:00 ] ERR: 无法加载模块:Statics
[ 2014-09-17T08:44:22+08:00 ] ERR: 无法加载模块:Statics
[ 2014-09-17T08:44:22+08:00 ] ERR: 无法加载模块:Statics
[ 2014-09-17T08:52:20+08:00 ] ERR: 无法加载模块:Statics
[ 2014-09-17T08:52:20+08:00 ] ERR: 无法加载模块:Statics
[ 2014-09-17T08:53:37+08:00 ] ERR: 无法加载模块:Statics
[ 2014-09-17T08:53:37+08:00 ] ERR: 无法加载模块:Statics
[ 2014-09-17T08:53:43+08:00 ] ERR: 无法加载模块:Statics
[ 2014-09-17T08:53:43+08:00 ] ERR: 无法加载模块:Statics
[ 2014-09-17T09:00:39+08:00 ] ERR: 无法加载模块:Statics
[ 2014-09-17T09:00:39+08:00 ] ERR: 无法加载模块:Statics
[ 2014-09-17T09:19:05+08:00 ] ERR: 无法加载模块:Statics
[ 2014-09-17T09:19:05+08:00 ] ERR: 无法加载模块:Statics
[ 2014-09-17T09:26:08+08:00 ] ERR: 无法加载模块:Statics
[ 2014-09-17T09:26:08+08:00 ] ERR: 无法加载模块:Statics
[ 2014-09-17T09:39:51+08:00 ] ERR: 无法加载模块:Statics
[ 2014-09-17T09:39:51+08:00 ] ERR: 无法加载模块:Statics
[ 2014-09-17T09:39:51+08:00 ] ERR: 无法加载模块:Statics
[ 2014-09-17T09:39:52+08:00 ] ERR: 无法加载模块:Statics
[ 2014-09-17T09:43:44+08:00 ] ERR: 无法加载模块:Statics
[ 2014-09-17T09:43:44+08:00 ] ERR: 无法加载模块:Statics
[ 2014-09-17T09:56:53+08:00 ] ERR: 无法加载模块:Robots.txt
[ 2014-09-17T10:00:23+08:00 ] ERR: 无法加载模块:Statics
[ 2014-09-17T10:00:23+08:00 ] ERR: 无法加载模块:Statics
[ 2014-09-17T10:14:05+08:00 ] ERR: 无法加载模块:Statics
[ 2014-09-17T10:14:05+08:00 ] ERR: 无法加载模块:Statics
[ 2014-09-17T10:21:00+08:00 ] ERR: 无法加载模块:Statics
[ 2014-09-17T10:21:00+08:00 ] ERR: 无法加载模块:Statics
[ 2014-09-17T10:33:55+08:00 ] ERR: 无法加载模块:Statics
[ 2014-09-17T10:33:55+08:00 ] ERR: 无法加载模块:Statics
[ 2014-09-17T10:35:02+08:00 ] ERR: 无法加载模块:Statics
[ 2014-09-17T10:35:02+08:00 ] ERR: 无法加载模块:Statics
[ 2014-09-17T10:35:05+08:00 ] ERR: 无法加载模块:Statics
[ 2014-09-17T10:35:05+08:00 ] ERR: 无法加载模块:Statics
[ 2014-09-17T10:35:15+08:00 ] ERR: 无法加载模块:Statics
[ 2014-09-17T10:39:01+08:00 ] ERR: 无法加载模块:Statics
[ 2014-09-17T10:39:01+08:00 ] ERR: 无法加载模块:Statics
[ 2014-09-17T10:39:48+08:00 ] ERR: 无法加载模块:Statics
[ 2014-09-17T10:39:48+08:00 ] ERR: 无法加载模块:Statics
[ 2014-09-17T10:48:04+08:00 ] ERR: 无法加载模块:Statics
[ 2014-09-17T10:48:04+08:00 ] ERR: 无法加载模块:Statics
[ 2014-09-17T10:54:26+08:00 ] ERR: 无法加载模块:Statics
[ 2014-09-17T10:54:26+08:00 ] ERR: 无法加载模块:Statics
[ 2014-09-17T10:54:59+08:00 ] ERR: 无法加载模块:Statics
[ 2014-09-17T10:54:59+08:00 ] ERR: 无法加载模块:Statics
[ 2014-09-17T10:55:37+08:00 ] ERR: 无法加载模块:Statics
[ 2014-09-17T10:55:37+08:00 ] ERR: 无法加载模块:Statics
[ 2014-09-17T10:59:52+08:00 ] ERR: 无法加载模块:Statics
[ 2014-09-17T10:59:52+08:00 ] ERR: 无法加载模块:Statics
[ 2014-09-17T11:02:44+08:00 ] ERR: 无法加载模块:Statics
[ 2014-09-17T11:02:44+08:00 ] ERR: 无法加载模块:Statics
[ 2014-09-17T11:03:27+08:00 ] ERR: 无法加载模块:Statics
[ 2014-09-17T11:03:27+08:00 ] ERR: 无法加载模块:Statics
[ 2014-09-17T11:04:12+08:00 ] ERR: 无法加载模块:Statics
[ 2014-09-17T11:04:12+08:00 ] ERR: 无法加载模块:Statics
[ 2014-09-17T11:04:26+08:00 ] ERR: 无法加载模块:Statics
[ 2014-09-17T11:04:26+08:00 ] ERR: 无法加载模块:Statics
[ 2014-09-17T11:04:40+08:00 ] ERR: 无法加载模块:Statics
[ 2014-09-17T11:04:40+08:00 ] ERR: 无法加载模块:Statics
[ 2014-09-17T11:04:49+08:00 ] ERR: 无法加载模块:Statics
[ 2014-09-17T11:04:49+08:00 ] ERR: 无法加载模块:Statics
[ 2014-09-17T11:04:53+08:00 ] ERR: 无法加载模块:Statics
[ 2014-09-17T11:04:53+08:00 ] ERR: 无法加载模块:Statics
[ 2014-09-17T11:05:15+08:00 ] ERR: 无法加载模块:Statics
[ 2014-09-17T11:05:15+08:00 ] ERR: 无法加载模块:Statics
[ 2014-09-17T11:05:38+08:00 ] ERR: 无法加载模块:Statics
[ 2014-09-17T11:05:38+08:00 ] ERR: 无法加载模块:Statics
[ 2014-09-17T11:08:18+08:00 ] ERR: 无法加载模块:Statics
[ 2014-09-17T11:08:18+08:00 ] ERR: 无法加载模块:Statics
[ 2014-09-17T11:12:01+08:00 ] ERR: 无法加载模块:Statics
[ 2014-09-17T11:12:01+08:00 ] ERR: 无法加载模块:Statics
[ 2014-09-17T11:12:25+08:00 ] ERR: 无法加载模块:Statics
[ 2014-09-17T11:12:25+08:00 ] ERR: 无法加载模块:Statics
[ 2014-09-17T11:12:58+08:00 ] ERR: 无法加载模块:Statics
[ 2014-09-17T11:12:58+08:00 ] ERR: 无法加载模块:Statics
[ 2014-09-17T11:13:16+08:00 ] ERR: 无法加载模块:Statics
[ 2014-09-17T11:13:16+08:00 ] ERR: 无法加载模块:Statics
[ 2014-09-17T11:18:36+08:00 ] ERR: 无法加载模块:Statics
[ 2014-09-17T11:18:36+08:00 ] ERR: 无法加载模块:Statics
[ 2014-09-17T11:19:54+08:00 ] ERR: 无法加载模块:Statics
[ 2014-09-17T11:19:54+08:00 ] ERR: 无法加载模块:Statics
[ 2014-09-17T11:24:43+08:00 ] ERR: 无法加载模块:Undefined
[ 2014-09-17T11:29:38+08:00 ] ERR: 无法加载模块:Statics
[ 2014-09-17T11:29:38+08:00 ] ERR: 无法加载模块:Statics
[ 2014-09-17T11:33:52+08:00 ] ERR: 无法加载模块:Statics
[ 2014-09-17T11:37:48+08:00 ] ERR: 无法加载模块:Statics
[ 2014-09-17T11:37:48+08:00 ] ERR: 无法加载模块:Statics
[ 2014-09-17T11:45:07+08:00 ] ERR: 无法加载模块:Statics
[ 2014-09-17T11:45:07+08:00 ] ERR: 无法加载模块:Statics
[ 2014-09-17T11:45:13+08:00 ] ERR: 无法加载模块:Statics
[ 2014-09-17T11:45:13+08:00 ] ERR: 无法加载模块:Statics
[ 2014-09-17T11:51:08+08:00 ] ERR: 无法加载模块:Statics
[ 2014-09-17T11:51:08+08:00 ] ERR: 无法加载模块:Statics
[ 2014-09-17T11:53:37+08:00 ] ERR: 无法加载模块:Statics
[ 2014-09-17T11:53:37+08:00 ] ERR: 无法加载模块:Statics
[ 2014-09-17T11:58:01+08:00 ] ERR: 无法加载模块:Statics
[ 2014-09-17T11:58:02+08:00 ] ERR: 无法加载模块:Statics
[ 2014-09-17T11:58:41+08:00 ] ERR: 无法加载模块:Statics
[ 2014-09-17T11:58:41+08:00 ] ERR: 无法加载模块:Statics
[ 2014-09-17T11:58:42+08:00 ] ERR: 无法加载模块:Statics
[ 2014-09-17T11:58:42+08:00 ] ERR: 无法加载模块:Statics
[ 2014-09-17T11:59:26+08:00 ] ERR: 无法加载模块:Statics
[ 2014-09-17T11:59:26+08:00 ] ERR: 无法加载模块:Statics
[ 2014-09-17T12:18:55+08:00 ] ERR: 无法加载模块:Statics
[ 2014-09-17T12:18:55+08:00 ] ERR: 无法加载模块:Statics
[ 2014-09-17T12:19:28+08:00 ] ERR: 无法加载模块:Statics
[ 2014-09-17T12:19:28+08:00 ] ERR: 无法加载模块:Statics
[ 2014-09-17T12:26:53+08:00 ] ERR: 无法加载模块:Statics
[ 2014-09-17T12:26:53+08:00 ] ERR: 无法加载模块:Statics
[ 2014-09-17T12:31:10+08:00 ] ERR: 无法加载模块:Statics
[ 2014-09-17T12:31:10+08:00 ] ERR: 无法加载模块:Statics
[ 2014-09-17T12:35:30+08:00 ] ERR: 无法加载模块:Statics
[ 2014-09-17T12:35:30+08:00 ] ERR: 无法加载模块:Statics
[ 2014-09-17T12:39:40+08:00 ] ERR: 无法加载模块:Statics
[ 2014-09-17T12:39:40+08:00 ] ERR: 无法加载模块:Statics
[ 2014-09-17T12:45:46+08:00 ] ERR: 无法加载模块:Statics
[ 2014-09-17T12:45:49+08:00 ] ERR: 无法加载模块:Statics
[ 2014-09-17T12:52:15+08:00 ] ERR: 无法加载模块:Statics
[ 2014-09-17T12:52:17+08:00 ] ERR: 无法加载模块:Statics
[ 2014-09-17T12:54:01+08:00 ] ERR: 无法加载模块:Robots.txt
[ 2014-09-17T12:55:03+08:00 ] ERR: 无法加载模块:Statics
[ 2014-09-17T12:55:03+08:00 ] ERR: 无法加载模块:Statics
[ 2014-09-17T12:55:47+08:00 ] ERR: 无法加载模块:Statics
[ 2014-09-17T12:55:47+08:00 ] ERR: 无法加载模块:Statics
[ 2014-09-17T12:56:05+08:00 ] ERR: 无法加载模块:Statics
[ 2014-09-17T12:56:05+08:00 ] ERR: 无法加载模块:Statics
[ 2014-09-17T12:56:12+08:00 ] ERR: 无法加载模块:Statics
[ 2014-09-17T12:56:12+08:00 ] ERR: 无法加载模块:Statics
[ 2014-09-17T12:56:27+08:00 ] ERR: 无法加载模块:Statics
[ 2014-09-17T12:56:27+08:00 ] ERR: 无法加载模块:Statics
[ 2014-09-17T12:56:40+08:00 ] ERR: 无法加载模块:Statics
[ 2014-09-17T12:56:40+08:00 ] ERR: 无法加载模块:Statics
[ 2014-09-17T12:56:41+08:00 ] ERR: 无法加载模块:Statics
[ 2014-09-17T12:56:41+08:00 ] ERR: 无法加载模块:Statics
[ 2014-09-17T12:56:42+08:00 ] ERR: 无法加载模块:Statics
[ 2014-09-17T12:56:42+08:00 ] ERR: 无法加载模块:Statics
[ 2014-09-17T12:56:42+08:00 ] ERR: 无法加载模块:Statics
[ 2014-09-17T12:56:42+08:00 ] ERR: 无法加载模块:Statics
[ 2014-09-17T12:58:18+08:00 ] ERR: 无法加载模块:Statics
[ 2014-09-17T12:58:18+08:00 ] ERR: 无法加载模块:Statics
[ 2014-09-17T13:00:46+08:00 ] ERR: 无法加载模块:Errpage
[ 2014-09-17T13:01:14+08:00 ] ERR: 无法加载模块:Errpage
[ 2014-09-17T13:01:57+08:00 ] ERR: 无法加载模块:Errpage
[ 2014-09-17T13:11:24+08:00 ] ERR: 无法加载模块:Statics
[ 2014-09-17T13:11:24+08:00 ] ERR: 无法加载模块:Statics
[ 2014-09-17T13:16:08+08:00 ] ERR: 无法加载模块:Statics
[ 2014-09-17T13:16:08+08:00 ] ERR: 无法加载模块:Statics
[ 2014-09-17T13:24:09+08:00 ] ERR: 无法加载模块:Statics
[ 2014-09-17T13:24:09+08:00 ] ERR: 无法加载模块:Statics
[ 2014-09-17T13:33:38+08:00 ] ERR: 无法加载模块:Statics
[ 2014-09-17T13:33:38+08:00 ] ERR: 无法加载模块:Statics
[ 2014-09-17T13:40:03+08:00 ] ERR: 无法加载模块:Statics
[ 2014-09-17T13:40:03+08:00 ] ERR: 无法加载模块:Statics
[ 2014-09-17T13:40:03+08:00 ] ERR: 无法加载模块:Statics
[ 2014-09-17T13:41:00+08:00 ] ERR: 无法加载模块:Statics
[ 2014-09-17T13:41:00+08:00 ] ERR: 无法加载模块:Statics
[ 2014-09-17T13:43:06+08:00 ] ERR: 无法加载模块:Robots.txt
[ 2014-09-17T13:50:40+08:00 ] ERR: 无法加载模块:Statics
[ 2014-09-17T13:50:40+08:00 ] ERR: 无法加载模块:Statics
[ 2014-09-17T13:51:06+08:00 ] ERR: 无法加载模块:Statics
[ 2014-09-17T13:51:06+08:00 ] ERR: 无法加载模块:Statics
[ 2014-09-17T13:57:22+08:00 ] ERR: 无法加载模块:Statics
[ 2014-09-17T13:57:22+08:00 ] ERR: 无法加载模块:Statics
[ 2014-09-17T13:57:30+08:00 ] ERR: 无法加载模块:Statics
[ 2014-09-17T13:57:30+08:00 ] ERR: 无法加载模块:Statics
[ 2014-09-17T13:57:58+08:00 ] ERR: 无法加载模块:Statics
[ 2014-09-17T13:57:58+08:00 ] ERR: 无法加载模块:Statics
[ 2014-09-17T14:14:37+08:00 ] ERR: 无法加载模块:Statics
[ 2014-09-17T14:14:37+08:00 ] ERR: 无法加载模块:Statics
[ 2014-09-17T14:37:48+08:00 ] ERR: 无法加载模块:Statics
[ 2014-09-17T14:37:48+08:00 ] ERR: 无法加载模块:Statics
[ 2014-09-17T14:42:41+08:00 ] ERR: 无法加载模块:Statics
[ 2014-09-17T14:42:41+08:00 ] ERR: 无法加载模块:Statics
[ 2014-09-17T14:45:44+08:00 ] ERR: 无法加载模块:Statics
[ 2014-09-17T14:45:44+08:00 ] ERR: 无法加载模块:Statics
[ 2014-09-17T14:47:18+08:00 ] ERR: 无法加载模块:Statics
[ 2014-09-17T14:47:18+08:00 ] ERR: 无法加载模块:Statics
[ 2014-09-17T14:53:46+08:00 ] ERR: 无法加载模块:Statics
[ 2014-09-17T14:53:47+08:00 ] ERR: 无法加载模块:Statics
[ 2014-09-17T14:57:16+08:00 ] ERR: 无法加载模块:Statics
[ 2014-09-17T14:57:16+08:00 ] ERR: 无法加载模块:Statics
[ 2014-09-17T14:58:42+08:00 ] ERR: 无法加载模块:Statics
[ 2014-09-17T14:58:42+08:00 ] ERR: 无法加载模块:Statics
[ 2014-09-17T14:58:42+08:00 ] ERR: 无法加载模块:Statics
[ 2014-09-17T14:58:42+08:00 ] ERR: 无法加载模块:Statics
[ 2014-09-17T14:59:03+08:00 ] ERR: 无法加载模块:Statics
[ 2014-09-17T14:59:03+08:00 ] ERR: 无法加载模块:Statics
[ 2014-09-17T15:01:15+08:00 ] ERR: 无法加载模块:Statics
[ 2014-09-17T15:01:15+08:00 ] ERR: 无法加载模块:Statics
[ 2014-09-17T15:05:34+08:00 ] ERR: 无法加载模块:Statics
[ 2014-09-17T15:05:34+08:00 ] ERR: 无法加载模块:Statics
[ 2014-09-17T15:15:23+08:00 ] ERR: 无法加载模块:Statics
[ 2014-09-17T15:15:23+08:00 ] ERR: 无法加载模块:Statics
[ 2014-09-17T15:17:08+08:00 ] ERR: 无法加载模块:Statics
[ 2014-09-17T15:17:08+08:00 ] ERR: 无法加载模块:Statics
[ 2014-09-17T15:17:15+08:00 ] ERR: 无法加载模块:Statics
[ 2014-09-17T15:17:15+08:00 ] ERR: 无法加载模块:Statics
[ 2014-09-17T15:24:16+08:00 ] ERR: 无法加载模块:Apple-touch-icon-precomposed.png
[ 2014-09-17T15:27:48+08:00 ] ERR: 无法加载模块:Statics
[ 2014-09-17T15:27:50+08:00 ] ERR: 无法加载模块:Statics
[ 2014-09-17T15:33:37+08:00 ] ERR: 无法加载模块:Statics
[ 2014-09-17T15:33:37+08:00 ] ERR: 无法加载模块:Statics
[ 2014-09-17T15:44:23+08:00 ] ERR: 无法加载模块:Statics
[ 2014-09-17T15:44:23+08:00 ] ERR: 无法加载模块:Statics
[ 2014-09-17T15:52:24+08:00 ] ERR: 无法加载模块:Statics
[ 2014-09-17T15:52:24+08:00 ] ERR: 无法加载模块:Statics
[ 2014-09-17T15:52:45+08:00 ] ERR: 无法加载模块:Statics
[ 2014-09-17T15:52:45+08:00 ] ERR: 无法加载模块:Statics
[ 2014-09-17T15:54:22+08:00 ] ERR: 无法加载模块:Statics
[ 2014-09-17T15:54:22+08:00 ] ERR: 无法加载模块:Statics
[ 2014-09-17T15:56:16+08:00 ] ERR: 无法加载模块:Statics
[ 2014-09-17T15:56:16+08:00 ] ERR: 无法加载模块:Statics
[ 2014-09-17T15:57:21+08:00 ] ERR: 无法加载模块:Statics
[ 2014-09-17T15:57:21+08:00 ] ERR: 无法加载模块:Statics
[ 2014-09-17T15:57:31+08:00 ] ERR: 无法加载模块:Statics
[ 2014-09-17T15:57:32+08:00 ] ERR: 无法加载模块:Statics
[ 2014-09-17T16:06:54+08:00 ] ERR: 无法加载模块:Statics
[ 2014-09-17T16:06:54+08:00 ] ERR: 无法加载模块:Statics
[ 2014-09-17T16:17:50+08:00 ] ERR: 无法加载模块:Statics
[ 2014-09-17T16:17:50+08:00 ] ERR: 无法加载模块:Statics
[ 2014-09-17T16:20:07+08:00 ] ERR: 无法加载模块:Statics
[ 2014-09-17T16:20:07+08:00 ] ERR: 无法加载模块:Statics
[ 2014-09-17T16:23:32+08:00 ] ERR: 无法加载模块:Statics
[ 2014-09-17T16:23:32+08:00 ] ERR: 无法加载模块:Statics
[ 2014-09-17T16:24:38+08:00 ] ERR: 无法加载模块:Statics
[ 2014-09-17T16:24:38+08:00 ] ERR: 无法加载模块:Statics
[ 2014-09-17T16:36:10+08:00 ] ERR: 无法加载模块:Statics
[ 2014-09-17T16:36:10+08:00 ] ERR: 无法加载模块:Statics
[ 2014-09-17T16:48:26+08:00 ] ERR: 无法加载模块:Statics
[ 2014-09-17T16:48:26+08:00 ] ERR: 无法加载模块:Statics
[ 2014-09-17T17:03:53+08:00 ] ERR: 无法加载模块:Statics
[ 2014-09-17T17:03:53+08:00 ] ERR: 无法加载模块:Statics
[ 2014-09-17T17:06:43+08:00 ] ERR: 无法加载模块:Statics
[ 2014-09-17T17:06:43+08:00 ] ERR: 无法加载模块:Statics
[ 2014-09-17T17:06:44+08:00 ] ERR: 无法加载模块:Statics
[ 2014-09-17T17:06:44+08:00 ] ERR: 无法加载模块:Statics
[ 2014-09-17T17:06:44+08:00 ] ERR: 无法加载模块:Statics
[ 2014-09-17T17:06:44+08:00 ] ERR: 无法加载模块:Statics
[ 2014-09-17T17:07:14+08:00 ] ERR: 无法加载模块:Statics
[ 2014-09-17T17:07:14+08:00 ] ERR: 无法加载模块:Statics
[ 2014-09-17T17:07:17+08:00 ] ERR: 无法加载模块:Statics
[ 2014-09-17T17:07:17+08:00 ] ERR: 无法加载模块:Statics
[ 2014-09-17T17:11:44+08:00 ] ERR: 无法加载模块:Statics
[ 2014-09-17T17:11:44+08:00 ] ERR: 无法加载模块:Statics
[ 2014-09-17T17:12:13+08:00 ] ERR: 无法加载模块:Statics
[ 2014-09-17T17:12:16+08:00 ] ERR: 无法加载模块:Statics
[ 2014-09-17T17:15:53+08:00 ] ERR: 无法加载模块:Statics
[ 2014-09-17T17:15:56+08:00 ] ERR: 无法加载模块:Statics
[ 2014-09-17T17:17:41+08:00 ] ERR: 无法加载模块:Statics
[ 2014-09-17T17:17:41+08:00 ] ERR: 无法加载模块:Statics
[ 2014-09-17T17:23:31+08:00 ] ERR: 无法加载模块:Statics
[ 2014-09-17T17:23:31+08:00 ] ERR: 无法加载模块:Statics
[ 2014-09-17T17:28:06+08:00 ] ERR: 无法加载模块:Statics
[ 2014-09-17T17:28:06+08:00 ] ERR: 无法加载模块:Statics
[ 2014-09-17T17:36:51+08:00 ] ERR: 无法加载模块:Statics
[ 2014-09-17T17:36:54+08:00 ] ERR: 无法加载模块:Statics
[ 2014-09-17T17:44:16+08:00 ] ERR: 无法加载模块:Statics
[ 2014-09-17T17:44:16+08:00 ] ERR: 无法加载模块:Statics
[ 2014-09-17T17:44:28+08:00 ] ERR: 无法加载模块:Statics
[ 2014-09-17T17:44:28+08:00 ] ERR: 无法加载模块:Statics
[ 2014-09-17T17:58:27+08:00 ] ERR: 无法加载模块:Statics
[ 2014-09-17T17:58:27+08:00 ] ERR: 无法加载模块:Statics
[ 2014-09-17T18:01:39+08:00 ] ERR: 无法加载模块:Statics
[ 2014-09-17T18:01:39+08:00 ] ERR: 无法加载模块:Statics
[ 2014-09-17T18:05:23+08:00 ] ERR: 无法加载模块:Statics
[ 2014-09-17T18:05:23+08:00 ] ERR: 无法加载模块:Statics
[ 2014-09-17T18:06:14+08:00 ] ERR: 无法加载模块:Statics
[ 2014-09-17T18:06:14+08:00 ] ERR: 无法加载模块:Statics
[ 2014-09-17T18:18:52+08:00 ] ERR: 无法加载模块:Statics
[ 2014-09-17T18:18:52+08:00 ] ERR: 无法加载模块:Statics
[ 2014-09-17T18:19:26+08:00 ] ERR: 无法加载模块:Statics
[ 2014-09-17T18:19:26+08:00 ] ERR: 无法加载模块:Statics
[ 2014-09-17T18:20:11+08:00 ] ERR: 无法加载模块:Statics
[ 2014-09-17T18:20:11+08:00 ] ERR: 无法加载模块:Statics
[ 2014-09-17T18:20:21+08:00 ] ERR: 无法加载模块:Statics
[ 2014-09-17T18:20:21+08:00 ] ERR: 无法加载模块:Statics
[ 2014-09-17T18:20:26+08:00 ] ERR: 无法加载模块:Statics
[ 2014-09-17T18:20:26+08:00 ] ERR: 无法加载模块:Statics
[ 2014-09-17T18:22:48+08:00 ] ERR: 无法加载模块:Statics
[ 2014-09-17T18:22:48+08:00 ] ERR: 无法加载模块:Statics
[ 2014-09-17T18:25:34+08:00 ] ERR: 无法加载模块:Robots.txt
[ 2014-09-17T18:57:13+08:00 ] ERR: 无法加载模块:Statics
[ 2014-09-17T18:57:13+08:00 ] ERR: 无法加载模块:Statics
[ 2014-09-17T18:59:58+08:00 ] ERR: 无法加载模块:Statics
[ 2014-09-17T18:59:58+08:00 ] ERR: 无法加载模块:Statics
[ 2014-09-17T19:07:27+08:00 ] ERR: 无法加载模块:Statics
[ 2014-09-17T19:07:27+08:00 ] ERR: 无法加载模块:Statics
[ 2014-09-17T19:22:23+08:00 ] ERR: 无法加载模块:Statics
[ 2014-09-17T19:22:23+08:00 ] ERR: 无法加载模块:Statics
[ 2014-09-17T19:39:55+08:00 ] ERR: 无法加载模块:Statics
[ 2014-09-17T19:39:55+08:00 ] ERR: 无法加载模块:Statics
[ 2014-09-17T19:47:05+08:00 ] ERR: 无法加载模块:Statics
[ 2014-09-17T19:47:05+08:00 ] ERR: 无法加载模块:Statics
[ 2014-09-17T19:50:39+08:00 ] ERR: 无法加载模块:Statics
[ 2014-09-17T19:50:39+08:00 ] ERR: 无法加载模块:Statics
[ 2014-09-17T19:51:40+08:00 ] ERR: 无法加载模块:Statics
[ 2014-09-17T19:51:40+08:00 ] ERR: 无法加载模块:Statics
[ 2014-09-17T19:54:16+08:00 ] ERR: 无法加载模块:Browserconfig.xml
[ 2014-09-17T19:57:17+08:00 ] ERR: 无法加载模块:Statics
[ 2014-09-17T19:57:17+08:00 ] ERR: 无法加载模块:Statics
[ 2014-09-17T19:57:21+08:00 ] ERR: 无法加载模块:Statics
[ 2014-09-17T19:57:21+08:00 ] ERR: 无法加载模块:Statics
[ 2014-09-17T19:57:50+08:00 ] ERR: 无法加载模块:Statics
[ 2014-09-17T19:57:50+08:00 ] ERR: 无法加载模块:Statics
[ 2014-09-17T19:58:11+08:00 ] ERR: 无法加载模块:Statics
[ 2014-09-17T19:58:11+08:00 ] ERR: 无法加载模块:Statics
[ 2014-09-17T20:01:41+08:00 ] ERR: 无法加载模块:Apple-touch-icon-120x120-precomposed.png
[ 2014-09-17T20:01:42+08:00 ] ERR: 无法加载模块:Apple-touch-icon-120x120.png
[ 2014-09-17T20:01:43+08:00 ] ERR: 无法加载模块:Apple-touch-icon-precomposed.png
[ 2014-09-17T20:01:44+08:00 ] ERR: 无法加载模块:Apple-touch-icon.png
[ 2014-09-17T20:57:18+08:00 ] ERR: 无法加载模块:Statics
[ 2014-09-17T20:57:18+08:00 ] ERR: 无法加载模块:Statics
[ 2014-09-17T21:39:11+08:00 ] ERR: 无法加载模块:Statics
[ 2014-09-17T21:39:11+08:00 ] ERR: 无法加载模块:Statics
[ 2014-09-17T22:04:22+08:00 ] ERR: 无法加载模块:Statics
[ 2014-09-17T22:04:22+08:00 ] ERR: 无法加载模块:Statics
[ 2014-09-17T22:04:28+08:00 ] ERR: 无法加载模块:Statics
[ 2014-09-17T22:04:28+08:00 ] ERR: 无法加载模块:Statics
[ 2014-09-17T22:05:48+08:00 ] ERR: 无法加载模块:Statics
[ 2014-09-17T22:05:48+08:00 ] ERR: 无法加载模块:Statics
[ 2014-09-17T22:05:56+08:00 ] ERR: 无法加载模块:Statics
[ 2014-09-17T22:05:56+08:00 ] ERR: 无法加载模块:Statics
[ 2014-09-17T22:06:30+08:00 ] ERR: 无法加载模块:Statics
[ 2014-09-17T22:06:30+08:00 ] ERR: 无法加载模块:Statics
[ 2014-09-17T22:06:47+08:00 ] ERR: 无法加载模块:Statics
[ 2014-09-17T22:06:47+08:00 ] ERR: 无法加载模块:Statics
[ 2014-09-17T22:07:10+08:00 ] ERR: 无法加载模块:Statics
[ 2014-09-17T22:07:10+08:00 ] ERR: 无法加载模块:Statics
[ 2014-09-17T22:07:32+08:00 ] ERR: 无法加载模块:Statics
[ 2014-09-17T22:07:35+08:00 ] ERR: 无法加载模块:Statics
[ 2014-09-17T22:07:46+08:00 ] ERR: 无法加载模块:Statics
[ 2014-09-17T22:07:46+08:00 ] ERR: 无法加载模块:Statics
[ 2014-09-17T22:07:52+08:00 ] ERR: 无法加载模块:Statics
[ 2014-09-17T22:07:52+08:00 ] ERR: 无法加载模块:Statics
[ 2014-09-17T22:15:57+08:00 ] ERR: 无法加载模块:Statics
[ 2014-09-17T22:15:57+08:00 ] ERR: 无法加载模块:Statics
[ 2014-09-17T22:38:14+08:00 ] ERR: 无法加载模块:Statics
[ 2014-09-17T22:38:14+08:00 ] ERR: 无法加载模块:Statics
[ 2014-09-17T23:18:15+08:00 ] ERR: 无法加载模块:Statics
[ 2014-09-17T23:18:15+08:00 ] ERR: 无法加载模块:Statics
[ 2014-09-17T23:30:21+08:00 ] ERR: 无法加载模块:Statics
[ 2014-09-17T23:30:21+08:00 ] ERR: 无法加载模块:Statics
[ 2014-09-17T23:54:39+08:00 ] ERR: 无法加载模块:Statics
[ 2014-09-17T23:54:39+08:00 ] ERR: 无法加载模块:Statics
[ 2014-09-17T23:56:20+08:00 ] ERR: 无法加载模块:Robots.txt
