[ 2014-09-24T00:07:07+08:00 ] ERR: 无法加载模块:Statics
[ 2014-09-24T00:07:07+08:00 ] ERR: 无法加载模块:Statics
[ 2014-09-24T00:13:00+08:00 ] ERR: 无法加载模块:Robots.txt
[ 2014-09-24T00:43:45+08:00 ] ERR: 无法加载模块:Statics
[ 2014-09-24T00:43:45+08:00 ] ERR: 无法加载模块:Statics
[ 2014-09-24T00:44:58+08:00 ] ERR: 无法加载模块:Apple-touch-icon-precomposed.png
[ 2014-09-24T00:44:58+08:00 ] ERR: 无法加载模块:Apple-touch-icon.png
[ 2014-09-24T00:45:00+08:00 ] ERR: 无法加载模块:Apple-touch-icon-precomposed.png
[ 2014-09-24T00:45:00+08:00 ] ERR: 无法加载模块:Apple-touch-icon.png
[ 2014-09-24T00:45:04+08:00 ] ERR: 无法加载模块:Apple-touch-icon-precomposed.png
[ 2014-09-24T00:45:04+08:00 ] ERR: 无法加载模块:Apple-touch-icon.png
[ 2014-09-24T02:00:17+08:00 ] ERR: 无法加载模块:Statics
[ 2014-09-24T02:00:17+08:00 ] ERR: 无法加载模块:Statics
[ 2014-09-24T02:00:30+08:00 ] ERR: 无法加载模块:Statics
[ 2014-09-24T02:00:30+08:00 ] ERR: 无法加载模块:Statics
[ 2014-09-24T03:10:30+08:00 ] ERR: 无法加载模块:Robots.txt
[ 2014-09-24T03:21:02+08:00 ] ERR: 无法加载模块:Errpage
[ 2014-09-24T04:21:22+08:00 ] ERR: 无法加载模块:Statics
[ 2014-09-24T04:21:22+08:00 ] ERR: 无法加载模块:Statics
[ 2014-09-24T07:55:49+08:00 ] ERR: 无法加载模块:Statics
[ 2014-09-24T07:55:49+08:00 ] ERR: 无法加载模块:Statics
[ 2014-09-24T08:05:59+08:00 ] ERR: 无法加载模块:Statics
[ 2014-09-24T08:06:00+08:00 ] ERR: 无法加载模块:Statics
[ 2014-09-24T08:12:08+08:00 ] ERR: 无法加载模块:Robots.txt
[ 2014-09-24T08:23:27+08:00 ] ERR: 无法加载模块:Statics
[ 2014-09-24T08:23:27+08:00 ] ERR: 无法加载模块:Statics
[ 2014-09-24T08:35:48+08:00 ] ERR: 无法加载模块:Statics
[ 2014-09-24T08:35:48+08:00 ] ERR: 无法加载模块:Statics
[ 2014-09-24T08:40:55+08:00 ] ERR: 无法加载模块:Statics
[ 2014-09-24T08:40:55+08:00 ] ERR: 无法加载模块:Statics
[ 2014-09-24T08:46:03+08:00 ] ERR: 无法加载模块:Statics
[ 2014-09-24T08:46:03+08:00 ] ERR: 无法加载模块:Statics
[ 2014-09-24T08:47:01+08:00 ] ERR: 无法加载模块:Statics
[ 2014-09-24T08:47:01+08:00 ] ERR: 无法加载模块:Statics
[ 2014-09-24T08:50:28+08:00 ] ERR: 无法加载模块:Statics
[ 2014-09-24T08:50:28+08:00 ] ERR: 无法加载模块:Statics
[ 2014-09-24T08:50:39+08:00 ] ERR: 无法加载模块:Statics
[ 2014-09-24T08:50:39+08:00 ] ERR: 无法加载模块:Statics
[ 2014-09-24T08:50:49+08:00 ] ERR: 无法加载模块:Statics
[ 2014-09-24T08:50:49+08:00 ] ERR: 无法加载模块:Statics
[ 2014-09-24T08:50:56+08:00 ] ERR: 无法加载模块:Statics
[ 2014-09-24T08:50:56+08:00 ] ERR: 无法加载模块:Statics
[ 2014-09-24T08:51:12+08:00 ] ERR: 无法加载模块:Statics
[ 2014-09-24T08:51:12+08:00 ] ERR: 无法加载模块:Statics
[ 2014-09-24T08:57:45+08:00 ] ERR: 无法加载模块:Statics
[ 2014-09-24T08:57:45+08:00 ] ERR: 无法加载模块:Statics
[ 2014-09-24T08:57:57+08:00 ] ERR: 无法加载模块:Statics
[ 2014-09-24T08:57:57+08:00 ] ERR: 无法加载模块:Statics
[ 2014-09-24T08:59:11+08:00 ] ERR: 无法加载模块:Statics
[ 2014-09-24T08:59:14+08:00 ] ERR: 无法加载模块:Statics
[ 2014-09-24T08:59:35+08:00 ] ERR: 无法加载模块:Statics
[ 2014-09-24T08:59:35+08:00 ] ERR: 无法加载模块:Statics
[ 2014-09-24T09:10:44+08:00 ] ERR: 无法加载模块:Statics
[ 2014-09-24T09:10:44+08:00 ] ERR: 无法加载模块:Statics
[ 2014-09-24T09:11:34+08:00 ] ERR: 无法加载模块:Statics
[ 2014-09-24T09:11:34+08:00 ] ERR: 无法加载模块:Statics
[ 2014-09-24T09:13:52+08:00 ] ERR: 无法加载模块:Statics
[ 2014-09-24T09:13:52+08:00 ] ERR: 无法加载模块:Statics
[ 2014-09-24T09:15:41+08:00 ] ERR: 无法加载模块:Statics
[ 2014-09-24T09:15:41+08:00 ] ERR: 无法加载模块:Statics
[ 2014-09-24T09:16:16+08:00 ] ERR: 无法加载模块:Statics
[ 2014-09-24T09:16:25+08:00 ] ERR: 无法加载模块:Statics
[ 2014-09-24T09:18:31+08:00 ] ERR: 无法加载模块:Statics
[ 2014-09-24T09:18:31+08:00 ] ERR: 无法加载模块:Statics
[ 2014-09-24T09:21:54+08:00 ] ERR: 无法加载模块:Statics
[ 2014-09-24T09:21:54+08:00 ] ERR: 无法加载模块:Statics
[ 2014-09-24T09:22:46+08:00 ] ERR: 无法加载模块:Statics
[ 2014-09-24T09:22:46+08:00 ] ERR: 无法加载模块:Statics
[ 2014-09-24T09:23:54+08:00 ] ERR: 无法加载模块:Statics
[ 2014-09-24T09:23:54+08:00 ] ERR: 无法加载模块:Statics
[ 2014-09-24T09:31:21+08:00 ] ERR: 无法加载模块:Statics
[ 2014-09-24T09:31:22+08:00 ] ERR: 无法加载模块:Statics
[ 2014-09-24T09:31:42+08:00 ] ERR: 无法加载模块:Statics
[ 2014-09-24T09:31:42+08:00 ] ERR: 无法加载模块:Statics
[ 2014-09-24T09:33:23+08:00 ] ERR: 无法加载模块:Statics
[ 2014-09-24T09:33:23+08:00 ] ERR: 无法加载模块:Statics
[ 2014-09-24T09:35:29+08:00 ] ERR: 无法加载模块:Statics
[ 2014-09-24T09:35:29+08:00 ] ERR: 无法加载模块:Statics
[ 2014-09-24T09:35:51+08:00 ] ERR: 无法加载模块:Statics
[ 2014-09-24T09:35:51+08:00 ] ERR: 无法加载模块:Statics
[ 2014-09-24T09:36:00+08:00 ] ERR: 无法加载模块:Statics
[ 2014-09-24T09:36:00+08:00 ] ERR: 无法加载模块:Statics
[ 2014-09-24T09:37:22+08:00 ] ERR: 无法加载模块:Statics
[ 2014-09-24T09:37:22+08:00 ] ERR: 无法加载模块:Statics
[ 2014-09-24T09:41:18+08:00 ] ERR: 无法加载模块:Statics
[ 2014-09-24T09:41:18+08:00 ] ERR: 无法加载模块:Statics
[ 2014-09-24T09:41:30+08:00 ] ERR: 无法加载模块:Statics
[ 2014-09-24T09:41:30+08:00 ] ERR: 无法加载模块:Statics
[ 2014-09-24T09:41:54+08:00 ] ERR: 无法加载模块:Statics
[ 2014-09-24T09:41:54+08:00 ] ERR: 无法加载模块:Statics
[ 2014-09-24T09:47:21+08:00 ] ERR: 无法加载模块:Apple-touch-icon-precomposed.png
[ 2014-09-24T09:47:21+08:00 ] ERR: 无法加载模块:Apple-touch-icon.png
[ 2014-09-24T09:50:18+08:00 ] ERR: 无法加载模块:Statics
[ 2014-09-24T09:50:18+08:00 ] ERR: 无法加载模块:Statics
[ 2014-09-24T09:52:54+08:00 ] ERR: 无法加载模块:Statics
[ 2014-09-24T09:52:54+08:00 ] ERR: 无法加载模块:Statics
[ 2014-09-24T09:56:23+08:00 ] ERR: 无法加载模块:Statics
[ 2014-09-24T09:56:23+08:00 ] ERR: 无法加载模块:Statics
[ 2014-09-24T09:56:31+08:00 ] ERR: 无法加载模块:Statics
[ 2014-09-24T09:56:31+08:00 ] ERR: 无法加载模块:Statics
[ 2014-09-24T09:56:31+08:00 ] ERR: 无法加载模块:Robots.txt
[ 2014-09-24T09:56:49+08:00 ] ERR: 无法加载模块:Statics
[ 2014-09-24T09:56:49+08:00 ] ERR: 无法加载模块:Statics
[ 2014-09-24T09:56:56+08:00 ] ERR: 无法加载模块:Statics
[ 2014-09-24T09:56:56+08:00 ] ERR: 无法加载模块:Statics
[ 2014-09-24T10:00:39+08:00 ] ERR: 无法加载模块:Statics
[ 2014-09-24T10:00:40+08:00 ] ERR: 无法加载模块:Statics
[ 2014-09-24T10:10:06+08:00 ] ERR: 无法加载模块:Statics
[ 2014-09-24T10:10:06+08:00 ] ERR: 无法加载模块:Statics
[ 2014-09-24T10:12:39+08:00 ] ERR: 无法加载模块:Statics
[ 2014-09-24T10:12:39+08:00 ] ERR: 无法加载模块:Statics
[ 2014-09-24T10:13:13+08:00 ] ERR: 无法加载模块:Statics
[ 2014-09-24T10:13:13+08:00 ] ERR: 无法加载模块:Statics
[ 2014-09-24T10:21:29+08:00 ] ERR: 无法加载模块:Statics
[ 2014-09-24T10:21:29+08:00 ] ERR: 无法加载模块:Statics
[ 2014-09-24T10:21:50+08:00 ] ERR: 无法加载模块:Statics
[ 2014-09-24T10:21:50+08:00 ] ERR: 无法加载模块:Statics
[ 2014-09-24T10:25:14+08:00 ] ERR: 无法加载模块:Statics
[ 2014-09-24T10:25:14+08:00 ] ERR: 无法加载模块:Statics
[ 2014-09-24T10:28:38+08:00 ] ERR: 无法加载模块:Statics
[ 2014-09-24T10:28:38+08:00 ] ERR: 无法加载模块:Statics
[ 2014-09-24T10:29:55+08:00 ] ERR: 无法加载模块:Statics
[ 2014-09-24T10:29:55+08:00 ] ERR: 无法加载模块:Statics
[ 2014-09-24T10:40:36+08:00 ] ERR: 无法加载模块:Statics
[ 2014-09-24T10:40:36+08:00 ] ERR: 无法加载模块:Statics
[ 2014-09-24T10:46:06+08:00 ] ERR: 无法加载模块:Statics
[ 2014-09-24T10:46:06+08:00 ] ERR: 无法加载模块:Statics
[ 2014-09-24T10:46:27+08:00 ] ERR: 无法加载模块:Statics
[ 2014-09-24T10:46:27+08:00 ] ERR: 无法加载模块:Statics
[ 2014-09-24T10:46:44+08:00 ] ERR: 无法加载模块:Statics
[ 2014-09-24T10:46:44+08:00 ] ERR: 无法加载模块:Statics
[ 2014-09-24T10:47:22+08:00 ] ERR: 无法加载模块:Statics
[ 2014-09-24T10:47:25+08:00 ] ERR: 无法加载模块:Statics
[ 2014-09-24T10:50:24+08:00 ] ERR: 无法加载模块:Statics
[ 2014-09-24T10:50:24+08:00 ] ERR: 无法加载模块:Statics
[ 2014-09-24T10:50:24+08:00 ] ERR: 无法加载模块:Statics
[ 2014-09-24T10:50:24+08:00 ] ERR: 无法加载模块:Statics
[ 2014-09-24T10:50:43+08:00 ] ERR: 无法加载模块:Statics
[ 2014-09-24T10:50:43+08:00 ] ERR: 无法加载模块:Statics
[ 2014-09-24T10:50:43+08:00 ] ERR: 无法加载模块:Statics
[ 2014-09-24T10:50:43+08:00 ] ERR: 无法加载模块:Statics
[ 2014-09-24T10:51:13+08:00 ] ERR: 无法加载模块:Statics
[ 2014-09-24T10:51:13+08:00 ] ERR: 无法加载模块:Statics
[ 2014-09-24T10:51:49+08:00 ] ERR: 无法加载模块:Statics
[ 2014-09-24T10:51:49+08:00 ] ERR: 无法加载模块:Statics
[ 2014-09-24T10:52:59+08:00 ] ERR: 无法加载模块:Statics
[ 2014-09-24T10:52:59+08:00 ] ERR: 无法加载模块:Statics
[ 2014-09-24T10:54:04+08:00 ] ERR: 无法加载模块:Statics
[ 2014-09-24T10:54:04+08:00 ] ERR: 无法加载模块:Statics
[ 2014-09-24T10:55:50+08:00 ] ERR: 无法加载模块:Statics
[ 2014-09-24T10:55:50+08:00 ] ERR: 无法加载模块:Statics
[ 2014-09-24T10:56:59+08:00 ] ERR: 无法加载模块:Statics
[ 2014-09-24T10:56:59+08:00 ] ERR: 无法加载模块:Statics
[ 2014-09-24T10:57:00+08:00 ] ERR: 无法加载模块:Statics
[ 2014-09-24T10:57:00+08:00 ] ERR: 无法加载模块:Statics
[ 2014-09-24T10:57:52+08:00 ] ERR: 无法加载模块:Statics
[ 2014-09-24T10:57:52+08:00 ] ERR: 无法加载模块:Statics
[ 2014-09-24T10:58:03+08:00 ] ERR: 无法加载模块:Statics
[ 2014-09-24T10:58:03+08:00 ] ERR: 无法加载模块:Statics
[ 2014-09-24T10:58:14+08:00 ] ERR: 无法加载模块:Statics
[ 2014-09-24T10:58:14+08:00 ] ERR: 无法加载模块:Statics
[ 2014-09-24T10:58:24+08:00 ] ERR: 无法加载模块:Statics
[ 2014-09-24T10:58:24+08:00 ] ERR: 无法加载模块:Statics
[ 2014-09-24T10:59:22+08:00 ] ERR: 无法加载模块:Statics
[ 2014-09-24T10:59:22+08:00 ] ERR: 无法加载模块:Statics
[ 2014-09-24T11:06:13+08:00 ] ERR: 无法加载模块:Statics
[ 2014-09-24T11:06:13+08:00 ] ERR: 无法加载模块:Statics
[ 2014-09-24T11:07:45+08:00 ] ERR: 无法加载模块:Statics
[ 2014-09-24T11:07:45+08:00 ] ERR: 无法加载模块:Statics
[ 2014-09-24T11:07:55+08:00 ] ERR: 无法加载模块:Statics
[ 2014-09-24T11:07:55+08:00 ] ERR: 无法加载模块:Statics
[ 2014-09-24T11:12:52+08:00 ] ERR: 无法加载模块:Statics
[ 2014-09-24T11:12:52+08:00 ] ERR: 无法加载模块:Statics
[ 2014-09-24T11:13:00+08:00 ] ERR: 无法加载模块:Statics
[ 2014-09-24T11:13:01+08:00 ] ERR: 无法加载模块:Statics
[ 2014-09-24T11:20:34+08:00 ] ERR: 无法加载模块:Statics
[ 2014-09-24T11:20:34+08:00 ] ERR: 无法加载模块:Statics
[ 2014-09-24T11:23:40+08:00 ] ERR: 无法加载模块:Statics
[ 2014-09-24T11:23:40+08:00 ] ERR: 无法加载模块:Statics
[ 2014-09-24T11:28:47+08:00 ] ERR: 无法加载模块:Statics
[ 2014-09-24T11:28:47+08:00 ] ERR: 无法加载模块:Statics
[ 2014-09-24T11:30:08+08:00 ] ERR: 无法加载模块:Statics
[ 2014-09-24T11:30:08+08:00 ] ERR: 无法加载模块:Statics
[ 2014-09-24T11:32:18+08:00 ] ERR: 无法加载模块:Statics
[ 2014-09-24T11:32:18+08:00 ] ERR: 无法加载模块:Statics
[ 2014-09-24T11:34:19+08:00 ] ERR: 无法加载模块:Statics
[ 2014-09-24T11:34:19+08:00 ] ERR: 无法加载模块:Statics
[ 2014-09-24T11:35:01+08:00 ] ERR: 无法加载模块:Apple-touch-icon-precomposed.png
[ 2014-09-24T11:35:01+08:00 ] ERR: 无法加载模块:Apple-touch-icon.png
[ 2014-09-24T11:37:27+08:00 ] ERR: 无法加载模块:Statics
[ 2014-09-24T11:37:27+08:00 ] ERR: 无法加载模块:Statics
[ 2014-09-24T11:37:52+08:00 ] ERR: 无法加载模块:Statics
[ 2014-09-24T11:37:52+08:00 ] ERR: 无法加载模块:Statics
[ 2014-09-24T11:37:57+08:00 ] ERR: 无法加载模块:Statics
[ 2014-09-24T11:37:57+08:00 ] ERR: 无法加载模块:Statics
[ 2014-09-24T11:38:11+08:00 ] ERR: 无法加载模块:Statics
[ 2014-09-24T11:38:11+08:00 ] ERR: 无法加载模块:Statics
[ 2014-09-24T11:38:17+08:00 ] ERR: 无法加载模块:Statics
[ 2014-09-24T11:38:17+08:00 ] ERR: 无法加载模块:Statics
[ 2014-09-24T11:38:19+08:00 ] ERR: 无法加载模块:Statics
[ 2014-09-24T11:38:19+08:00 ] ERR: 无法加载模块:Statics
[ 2014-09-24T11:38:31+08:00 ] ERR: 无法加载模块:Statics
[ 2014-09-24T11:38:32+08:00 ] ERR: 无法加载模块:Statics
[ 2014-09-24T11:38:40+08:00 ] ERR: 无法加载模块:Statics
[ 2014-09-24T11:38:40+08:00 ] ERR: 无法加载模块:Statics
[ 2014-09-24T11:40:16+08:00 ] ERR: 无法加载模块:Statics
[ 2014-09-24T11:40:16+08:00 ] ERR: 无法加载模块:Statics
[ 2014-09-24T11:40:51+08:00 ] ERR: 无法加载模块:Statics
[ 2014-09-24T11:40:51+08:00 ] ERR: 无法加载模块:Statics
[ 2014-09-24T11:47:15+08:00 ] ERR: 无法加载模块:Statics
[ 2014-09-24T11:47:15+08:00 ] ERR: 无法加载模块:Statics
[ 2014-09-24T11:47:16+08:00 ] ERR: 无法加载模块:Statics
[ 2014-09-24T11:47:16+08:00 ] ERR: 无法加载模块:Statics
[ 2014-09-24T11:47:30+08:00 ] ERR: 无法加载模块:Statics
[ 2014-09-24T11:47:30+08:00 ] ERR: 无法加载模块:Statics
[ 2014-09-24T11:47:44+08:00 ] ERR: 无法加载模块:Statics
[ 2014-09-24T11:47:44+08:00 ] ERR: 无法加载模块:Statics
[ 2014-09-24T11:50:11+08:00 ] ERR: 无法加载模块:Statics
[ 2014-09-24T11:50:11+08:00 ] ERR: 无法加载模块:Statics
[ 2014-09-24T11:54:02+08:00 ] ERR: 无法加载模块:Statics
[ 2014-09-24T11:54:02+08:00 ] ERR: 无法加载模块:Statics
[ 2014-09-24T11:57:31+08:00 ] ERR: 无法加载模块:Statics
[ 2014-09-24T11:57:32+08:00 ] ERR: 无法加载模块:Statics
[ 2014-09-24T11:58:04+08:00 ] ERR: 无法加载模块:Statics
[ 2014-09-24T11:58:04+08:00 ] ERR: 无法加载模块:Statics
[ 2014-09-24T12:00:52+08:00 ] ERR: 无法加载模块:Statics
[ 2014-09-24T12:00:52+08:00 ] ERR: 无法加载模块:Statics
[ 2014-09-24T12:05:23+08:00 ] ERR: 无法加载模块:Statics
[ 2014-09-24T12:05:23+08:00 ] ERR: 无法加载模块:Statics
[ 2014-09-24T12:10:54+08:00 ] ERR: 无法加载模块:Statics
[ 2014-09-24T12:10:54+08:00 ] ERR: 无法加载模块:Statics
[ 2014-09-24T12:25:02+08:00 ] ERR: 无法加载模块:Statics
[ 2014-09-24T12:25:02+08:00 ] ERR: 无法加载模块:Statics
[ 2014-09-24T12:27:31+08:00 ] ERR: 无法加载模块:Robots.txt
[ 2014-09-24T12:29:40+08:00 ] ERR: 无法加载模块:Statics
[ 2014-09-24T12:29:40+08:00 ] ERR: 无法加载模块:Statics
[ 2014-09-24T12:34:23+08:00 ] ERR: 无法加载模块:Statics
[ 2014-09-24T12:34:23+08:00 ] ERR: 无法加载模块:Statics
[ 2014-09-24T12:41:21+08:00 ] ERR: 无法加载模块:Statics
[ 2014-09-24T12:41:21+08:00 ] ERR: 无法加载模块:Statics
[ 2014-09-24T12:54:09+08:00 ] ERR: 无法加载模块:Statics
[ 2014-09-24T12:54:09+08:00 ] ERR: 无法加载模块:Statics
[ 2014-09-24T13:04:49+08:00 ] ERR: 无法加载模块:Statics
[ 2014-09-24T13:04:49+08:00 ] ERR: 无法加载模块:Statics
[ 2014-09-24T13:05:02+08:00 ] ERR: 无法加载模块:Statics
[ 2014-09-24T13:05:02+08:00 ] ERR: 无法加载模块:Statics
[ 2014-09-24T13:06:19+08:00 ] ERR: 无法加载模块:Statics
[ 2014-09-24T13:06:19+08:00 ] ERR: 无法加载模块:Statics
[ 2014-09-24T13:07:01+08:00 ] ERR: 无法加载模块:Statics
[ 2014-09-24T13:07:04+08:00 ] ERR: 无法加载模块:Statics
[ 2014-09-24T13:08:24+08:00 ] ERR: 无法加载模块:Statics
[ 2014-09-24T13:08:24+08:00 ] ERR: 无法加载模块:Statics
[ 2014-09-24T13:25:48+08:00 ] ERR: 无法加载模块:Statics
[ 2014-09-24T13:25:48+08:00 ] ERR: 无法加载模块:Statics
[ 2014-09-24T13:26:33+08:00 ] ERR: 无法加载模块:Statics
[ 2014-09-24T13:26:33+08:00 ] ERR: 无法加载模块:Statics
[ 2014-09-24T13:31:01+08:00 ] ERR: 无法加载模块:Statics
[ 2014-09-24T13:31:01+08:00 ] ERR: 无法加载模块:Statics
[ 2014-09-24T13:41:13+08:00 ] ERR: 无法加载模块:Statics
[ 2014-09-24T13:41:13+08:00 ] ERR: 无法加载模块:Statics
[ 2014-09-24T13:45:38+08:00 ] ERR: 无法加载模块:Statics
[ 2014-09-24T13:45:38+08:00 ] ERR: 无法加载模块:Statics
[ 2014-09-24T13:47:57+08:00 ] ERR: 无法加载模块:Statics
[ 2014-09-24T13:47:57+08:00 ] ERR: 无法加载模块:Statics
[ 2014-09-24T13:48:06+08:00 ] ERR: 无法加载模块:Statics
[ 2014-09-24T13:48:06+08:00 ] ERR: 无法加载模块:Statics
[ 2014-09-24T13:50:59+08:00 ] ERR: 无法加载模块:Statics
[ 2014-09-24T13:50:59+08:00 ] ERR: 无法加载模块:Statics
[ 2014-09-24T13:51:59+08:00 ] ERR: 无法加载模块:Statics
[ 2014-09-24T13:51:59+08:00 ] ERR: 无法加载模块:Statics
[ 2014-09-24T13:52:08+08:00 ] ERR: 无法加载模块:Statics
[ 2014-09-24T13:52:08+08:00 ] ERR: 无法加载模块:Statics
[ 2014-09-24T13:54:15+08:00 ] ERR: 无法加载模块:Statics
[ 2014-09-24T13:54:15+08:00 ] ERR: 无法加载模块:Statics
[ 2014-09-24T13:58:31+08:00 ] ERR: 无法加载模块:Statics
[ 2014-09-24T13:58:31+08:00 ] ERR: 无法加载模块:Statics
[ 2014-09-24T13:58:53+08:00 ] ERR: 无法加载模块:Statics
[ 2014-09-24T13:58:53+08:00 ] ERR: 无法加载模块:Statics
[ 2014-09-24T14:01:10+08:00 ] ERR: 无法加载模块:Statics
[ 2014-09-24T14:01:10+08:00 ] ERR: 无法加载模块:Statics
[ 2014-09-24T14:01:20+08:00 ] ERR: 无法加载模块:Statics
[ 2014-09-24T14:01:20+08:00 ] ERR: 无法加载模块:Statics
[ 2014-09-24T14:02:54+08:00 ] ERR: 无法加载模块:Statics
[ 2014-09-24T14:02:54+08:00 ] ERR: 无法加载模块:Statics
[ 2014-09-24T14:05:38+08:00 ] ERR: 无法加载模块:Statics
[ 2014-09-24T14:05:38+08:00 ] ERR: 无法加载模块:Statics
[ 2014-09-24T14:06:47+08:00 ] ERR: 无法加载模块:Statics
[ 2014-09-24T14:06:49+08:00 ] ERR: 无法加载模块:Statics
[ 2014-09-24T14:10:04+08:00 ] ERR: 无法加载模块:Statics
[ 2014-09-24T14:10:04+08:00 ] ERR: 无法加载模块:Statics
[ 2014-09-24T14:12:54+08:00 ] ERR: 无法加载模块:Statics
[ 2014-09-24T14:12:54+08:00 ] ERR: 无法加载模块:Statics
[ 2014-09-24T14:14:45+08:00 ] ERR: 无法加载模块:Statics
[ 2014-09-24T14:14:52+08:00 ] ERR: 无法加载模块:Statics
[ 2014-09-24T14:15:53+08:00 ] ERR: 无法加载模块:Statics
[ 2014-09-24T14:15:53+08:00 ] ERR: 无法加载模块:Statics
[ 2014-09-24T14:17:25+08:00 ] ERR: 无法加载模块:Statics
[ 2014-09-24T14:17:26+08:00 ] ERR: 无法加载模块:Statics
[ 2014-09-24T14:20:39+08:00 ] ERR: 无法加载模块:Statics
[ 2014-09-24T14:20:40+08:00 ] ERR: 无法加载模块:Statics
[ 2014-09-24T14:23:34+08:00 ] ERR: 无法加载模块:Statics
[ 2014-09-24T14:23:34+08:00 ] ERR: 无法加载模块:Statics
[ 2014-09-24T14:26:48+08:00 ] ERR: 无法加载模块:Statics
[ 2014-09-24T14:26:48+08:00 ] ERR: 无法加载模块:Statics
[ 2014-09-24T14:27:43+08:00 ] ERR: 无法加载模块:Statics
[ 2014-09-24T14:27:43+08:00 ] ERR: 无法加载模块:Statics
[ 2014-09-24T14:29:30+08:00 ] ERR: 无法加载模块:Statics
[ 2014-09-24T14:29:30+08:00 ] ERR: 无法加载模块:Statics
[ 2014-09-24T14:31:23+08:00 ] ERR: 无法加载模块:Statics
[ 2014-09-24T14:31:23+08:00 ] ERR: 无法加载模块:Statics
[ 2014-09-24T14:33:10+08:00 ] ERR: 无法加载模块:Statics
[ 2014-09-24T14:33:10+08:00 ] ERR: 无法加载模块:Statics
[ 2014-09-24T14:35:49+08:00 ] ERR: 无法加载模块:Statics
[ 2014-09-24T14:35:49+08:00 ] ERR: 无法加载模块:Statics
[ 2014-09-24T14:36:15+08:00 ] ERR: 无法加载模块:Statics
[ 2014-09-24T14:36:16+08:00 ] ERR: 无法加载模块:Statics
[ 2014-09-24T14:41:47+08:00 ] ERR: 无法加载模块:Statics
[ 2014-09-24T14:41:47+08:00 ] ERR: 无法加载模块:Statics
[ 2014-09-24T14:46:15+08:00 ] ERR: 无法加载模块:Statics
[ 2014-09-24T14:46:15+08:00 ] ERR: 无法加载模块:Statics
[ 2014-09-24T14:46:19+08:00 ] ERR: 无法加载模块:Statics
[ 2014-09-24T14:46:19+08:00 ] ERR: 无法加载模块:Statics
[ 2014-09-24T14:51:30+08:00 ] ERR: 无法加载模块:Statics
[ 2014-09-24T14:51:30+08:00 ] ERR: 无法加载模块:Statics
[ 2014-09-24T14:54:35+08:00 ] ERR: 无法加载模块:Statics
[ 2014-09-24T14:54:35+08:00 ] ERR: 无法加载模块:Statics
[ 2014-09-24T14:55:49+08:00 ] ERR: 无法加载模块:Statics
[ 2014-09-24T14:55:49+08:00 ] ERR: 无法加载模块:Statics
[ 2014-09-24T15:01:50+08:00 ] ERR: 无法加载模块:Statics
[ 2014-09-24T15:01:50+08:00 ] ERR: 无法加载模块:Statics
[ 2014-09-24T15:05:01+08:00 ] ERR: 无法加载模块:Statics
[ 2014-09-24T15:05:01+08:00 ] ERR: 无法加载模块:Statics
[ 2014-09-24T15:05:38+08:00 ] ERR: 无法加载模块:Statics
[ 2014-09-24T15:05:38+08:00 ] ERR: 无法加载模块:Statics
[ 2014-09-24T15:06:08+08:00 ] ERR: 无法加载模块:Statics
[ 2014-09-24T15:06:08+08:00 ] ERR: 无法加载模块:Statics
[ 2014-09-24T15:07:48+08:00 ] ERR: 无法加载模块:Statics
[ 2014-09-24T15:07:48+08:00 ] ERR: 无法加载模块:Statics
[ 2014-09-24T15:08:32+08:00 ] ERR: 无法加载模块:Statics
[ 2014-09-24T15:08:32+08:00 ] ERR: 无法加载模块:Statics
[ 2014-09-24T15:08:48+08:00 ] ERR: 无法加载模块:Statics
[ 2014-09-24T15:08:51+08:00 ] ERR: 无法加载模块:Statics
[ 2014-09-24T15:09:00+08:00 ] ERR: 无法加载模块:Statics
[ 2014-09-24T15:09:00+08:00 ] ERR: 无法加载模块:Statics
[ 2014-09-24T15:10:36+08:00 ] ERR: 无法加载模块:Statics
[ 2014-09-24T15:10:36+08:00 ] ERR: 无法加载模块:Statics
[ 2014-09-24T15:13:38+08:00 ] ERR: 无法加载模块:Statics
[ 2014-09-24T15:13:38+08:00 ] ERR: 无法加载模块:Statics
[ 2014-09-24T15:14:02+08:00 ] ERR: 无法加载模块:Statics
[ 2014-09-24T15:14:02+08:00 ] ERR: 无法加载模块:Statics
[ 2014-09-24T15:14:19+08:00 ] ERR: 无法加载模块:Statics
[ 2014-09-24T15:14:19+08:00 ] ERR: 无法加载模块:Statics
[ 2014-09-24T15:14:50+08:00 ] ERR: 无法加载模块:Statics
[ 2014-09-24T15:14:50+08:00 ] ERR: 无法加载模块:Statics
[ 2014-09-24T15:14:56+08:00 ] ERR: 无法加载模块:Statics
[ 2014-09-24T15:14:56+08:00 ] ERR: 无法加载模块:Statics
[ 2014-09-24T15:15:31+08:00 ] ERR: 无法加载模块:Statics
[ 2014-09-24T15:15:33+08:00 ] ERR: 无法加载模块:Statics
[ 2014-09-24T15:17:38+08:00 ] ERR: 无法加载模块:Statics
[ 2014-09-24T15:17:38+08:00 ] ERR: 无法加载模块:Statics
[ 2014-09-24T15:27:07+08:00 ] ERR: 无法加载模块:Statics
[ 2014-09-24T15:27:07+08:00 ] ERR: 无法加载模块:Statics
[ 2014-09-24T15:28:22+08:00 ] ERR: 无法加载模块:Statics
[ 2014-09-24T15:28:22+08:00 ] ERR: 无法加载模块:Statics
[ 2014-09-24T15:29:45+08:00 ] ERR: 无法加载模块:Statics
[ 2014-09-24T15:29:45+08:00 ] ERR: 无法加载模块:Statics
[ 2014-09-24T15:30:27+08:00 ] ERR: 无法加载模块:Statics
[ 2014-09-24T15:30:27+08:00 ] ERR: 无法加载模块:Statics
[ 2014-09-24T15:30:35+08:00 ] ERR: 无法加载模块:Statics
[ 2014-09-24T15:30:35+08:00 ] ERR: 无法加载模块:Statics
[ 2014-09-24T15:30:57+08:00 ] ERR: 无法加载模块:Statics
[ 2014-09-24T15:30:57+08:00 ] ERR: 无法加载模块:Statics
[ 2014-09-24T15:34:03+08:00 ] ERR: 无法加载模块:Statics
[ 2014-09-24T15:34:03+08:00 ] ERR: 无法加载模块:Statics
[ 2014-09-24T15:37:05+08:00 ] ERR: 无法加载模块:Statics
[ 2014-09-24T15:37:05+08:00 ] ERR: 无法加载模块:Statics
[ 2014-09-24T15:38:51+08:00 ] ERR: 无法加载模块:Statics
[ 2014-09-24T15:38:51+08:00 ] ERR: 无法加载模块:Statics
[ 2014-09-24T15:40:56+08:00 ] ERR: 无法加载模块:Statics
[ 2014-09-24T15:40:57+08:00 ] ERR: 无法加载模块:Statics
[ 2014-09-24T15:41:02+08:00 ] ERR: 无法加载模块:Statics
[ 2014-09-24T15:41:02+08:00 ] ERR: 无法加载模块:Statics
[ 2014-09-24T15:42:28+08:00 ] ERR: 无法加载模块:Statics
[ 2014-09-24T15:42:28+08:00 ] ERR: 无法加载模块:Statics
[ 2014-09-24T15:43:47+08:00 ] ERR: 无法加载模块:Statics
[ 2014-09-24T15:43:47+08:00 ] ERR: 无法加载模块:Statics
[ 2014-09-24T15:46:05+08:00 ] ERR: 无法加载模块:Statics
[ 2014-09-24T15:46:05+08:00 ] ERR: 无法加载模块:Statics
[ 2014-09-24T15:46:18+08:00 ] ERR: 无法加载模块:Statics
[ 2014-09-24T15:46:18+08:00 ] ERR: 无法加载模块:Statics
[ 2014-09-24T15:46:31+08:00 ] ERR: 无法加载模块:Statics
[ 2014-09-24T15:46:31+08:00 ] ERR: 无法加载模块:Statics
[ 2014-09-24T15:51:21+08:00 ] ERR: 无法加载模块:Statics
[ 2014-09-24T15:51:21+08:00 ] ERR: 无法加载模块:Statics
[ 2014-09-24T15:54:08+08:00 ] ERR: 无法加载模块:Statics
[ 2014-09-24T15:54:08+08:00 ] ERR: 无法加载模块:Statics
[ 2014-09-24T15:55:08+08:00 ] ERR: 无法加载模块:Statics
[ 2014-09-24T15:55:08+08:00 ] ERR: 无法加载模块:Statics
[ 2014-09-24T15:55:31+08:00 ] ERR: 无法加载模块:Statics
[ 2014-09-24T15:55:31+08:00 ] ERR: 无法加载模块:Statics
[ 2014-09-24T16:01:47+08:00 ] ERR: 无法加载模块:Statics
[ 2014-09-24T16:01:47+08:00 ] ERR: 无法加载模块:Statics
[ 2014-09-24T16:03:01+08:00 ] ERR: 无法加载模块:Statics
[ 2014-09-24T16:03:01+08:00 ] ERR: 无法加载模块:Statics
[ 2014-09-24T16:04:01+08:00 ] ERR: 无法加载模块:Statics
[ 2014-09-24T16:04:01+08:00 ] ERR: 无法加载模块:Statics
[ 2014-09-24T16:05:20+08:00 ] ERR: 无法加载模块:Statics
[ 2014-09-24T16:05:20+08:00 ] ERR: 无法加载模块:Statics
[ 2014-09-24T16:06:41+08:00 ] ERR: 无法加载模块:Statics
[ 2014-09-24T16:06:41+08:00 ] ERR: 无法加载模块:Statics
[ 2014-09-24T16:07:16+08:00 ] ERR: 无法加载模块:Statics
[ 2014-09-24T16:07:18+08:00 ] ERR: 无法加载模块:Statics
[ 2014-09-24T16:08:23+08:00 ] ERR: 无法加载模块:Statics
[ 2014-09-24T16:08:23+08:00 ] ERR: 无法加载模块:Statics
[ 2014-09-24T16:14:05+08:00 ] ERR: 无法加载模块:Statics
[ 2014-09-24T16:14:05+08:00 ] ERR: 无法加载模块:Statics
[ 2014-09-24T16:17:03+08:00 ] ERR: 无法加载模块:Statics
[ 2014-09-24T16:17:03+08:00 ] ERR: 无法加载模块:Statics
[ 2014-09-24T16:19:03+08:00 ] ERR: 无法加载模块:Statics
[ 2014-09-24T16:19:03+08:00 ] ERR: 无法加载模块:Statics
[ 2014-09-24T16:19:54+08:00 ] ERR: 无法加载模块:Statics
[ 2014-09-24T16:19:54+08:00 ] ERR: 无法加载模块:Statics
[ 2014-09-24T16:21:29+08:00 ] ERR: 无法加载模块:Statics
[ 2014-09-24T16:21:31+08:00 ] ERR: 无法加载模块:Statics
[ 2014-09-24T16:21:55+08:00 ] ERR: 无法加载模块:Statics
[ 2014-09-24T16:21:55+08:00 ] ERR: 无法加载模块:Statics
[ 2014-09-24T16:25:06+08:00 ] ERR: 无法加载模块:Statics
[ 2014-09-24T16:25:06+08:00 ] ERR: 无法加载模块:Statics
[ 2014-09-24T16:25:10+08:00 ] ERR: 无法加载模块:Statics
[ 2014-09-24T16:25:10+08:00 ] ERR: 无法加载模块:Statics
[ 2014-09-24T16:25:24+08:00 ] ERR: 无法加载模块:Statics
[ 2014-09-24T16:25:24+08:00 ] ERR: 无法加载模块:Statics
[ 2014-09-24T16:25:30+08:00 ] ERR: 无法加载模块:Statics
[ 2014-09-24T16:25:30+08:00 ] ERR: 无法加载模块:Statics
[ 2014-09-24T16:25:40+08:00 ] ERR: 无法加载模块:Statics
[ 2014-09-24T16:25:40+08:00 ] ERR: 无法加载模块:Statics
[ 2014-09-24T16:29:05+08:00 ] ERR: 无法加载模块:Statics
[ 2014-09-24T16:29:06+08:00 ] ERR: 无法加载模块:Statics
[ 2014-09-24T16:30:42+08:00 ] ERR: 无法加载模块:Statics
[ 2014-09-24T16:30:46+08:00 ] ERR: 无法加载模块:Statics
[ 2014-09-24T16:31:06+08:00 ] ERR: 无法加载模块:Statics
[ 2014-09-24T16:31:06+08:00 ] ERR: 无法加载模块:Statics
[ 2014-09-24T16:32:51+08:00 ] ERR: 无法加载模块:Browserconfig.xml
[ 2014-09-24T16:33:40+08:00 ] ERR: 无法加载模块:Statics
[ 2014-09-24T16:33:40+08:00 ] ERR: 无法加载模块:Statics
[ 2014-09-24T16:35:58+08:00 ] ERR: 无法加载模块:Statics
[ 2014-09-24T16:35:58+08:00 ] ERR: 无法加载模块:Statics
[ 2014-09-24T16:37:05+08:00 ] ERR: 无法加载模块:Statics
[ 2014-09-24T16:37:05+08:00 ] ERR: 无法加载模块:Statics
[ 2014-09-24T16:38:24+08:00 ] ERR: 无法加载模块:Statics
[ 2014-09-24T16:38:24+08:00 ] ERR: 无法加载模块:Statics
[ 2014-09-24T16:42:15+08:00 ] ERR: 无法加载模块:Statics
[ 2014-09-24T16:42:15+08:00 ] ERR: 无法加载模块:Statics
[ 2014-09-24T16:46:26+08:00 ] ERR: 无法加载模块:Statics
[ 2014-09-24T16:46:26+08:00 ] ERR: 无法加载模块:Statics
[ 2014-09-24T16:46:34+08:00 ] ERR: 无法加载模块:Statics
[ 2014-09-24T16:48:35+08:00 ] ERR: 无法加载模块:Statics
[ 2014-09-24T16:48:35+08:00 ] ERR: 无法加载模块:Statics
[ 2014-09-24T16:48:49+08:00 ] ERR: 无法加载模块:Statics
[ 2014-09-24T16:48:49+08:00 ] ERR: 无法加载模块:Statics
[ 2014-09-24T16:50:10+08:00 ] ERR: 无法加载模块:Statics
[ 2014-09-24T16:50:10+08:00 ] ERR: 无法加载模块:Statics
[ 2014-09-24T16:50:17+08:00 ] ERR: 无法加载模块:Statics
[ 2014-09-24T16:50:17+08:00 ] ERR: 无法加载模块:Statics
[ 2014-09-24T16:50:23+08:00 ] ERR: 无法加载模块:Statics
[ 2014-09-24T16:50:23+08:00 ] ERR: 无法加载模块:Statics
[ 2014-09-24T16:50:27+08:00 ] ERR: 无法加载模块:Statics
[ 2014-09-24T16:50:27+08:00 ] ERR: 无法加载模块:Statics
[ 2014-09-24T16:55:59+08:00 ] ERR: 无法加载模块:Statics
[ 2014-09-24T16:55:59+08:00 ] ERR: 无法加载模块:Statics
[ 2014-09-24T16:56:34+08:00 ] ERR: 无法加载模块:Statics
[ 2014-09-24T16:56:34+08:00 ] ERR: 无法加载模块:Statics
[ 2014-09-24T16:57:38+08:00 ] ERR: 无法加载模块:Statics
[ 2014-09-24T16:57:38+08:00 ] ERR: 无法加载模块:Statics
[ 2014-09-24T17:00:13+08:00 ] ERR: 无法加载模块:Statics
[ 2014-09-24T17:00:13+08:00 ] ERR: 无法加载模块:Statics
[ 2014-09-24T17:01:03+08:00 ] ERR: 无法加载模块:Statics
[ 2014-09-24T17:01:03+08:00 ] ERR: 无法加载模块:Statics
[ 2014-09-24T17:01:28+08:00 ] ERR: 无法加载模块:Statics
[ 2014-09-24T17:01:28+08:00 ] ERR: 无法加载模块:Statics
[ 2014-09-24T17:01:42+08:00 ] ERR: 无法加载模块:Statics
[ 2014-09-24T17:01:42+08:00 ] ERR: 无法加载模块:Statics
[ 2014-09-24T17:01:49+08:00 ] ERR: 无法加载模块:Statics
[ 2014-09-24T17:01:50+08:00 ] ERR: 无法加载模块:Statics
[ 2014-09-24T17:03:38+08:00 ] ERR: 无法加载模块:Statics
[ 2014-09-24T17:03:41+08:00 ] ERR: 无法加载模块:Statics
[ 2014-09-24T17:04:22+08:00 ] ERR: 无法加载模块:Statics
[ 2014-09-24T17:04:22+08:00 ] ERR: 无法加载模块:Statics
[ 2014-09-24T17:04:30+08:00 ] ERR: 无法加载模块:Statics
[ 2014-09-24T17:04:30+08:00 ] ERR: 无法加载模块:Statics
[ 2014-09-24T17:05:06+08:00 ] ERR: 无法加载模块:Statics
[ 2014-09-24T17:05:06+08:00 ] ERR: 无法加载模块:Statics
[ 2014-09-24T17:05:07+08:00 ] ERR: 无法加载模块:Statics
[ 2014-09-24T17:05:07+08:00 ] ERR: 无法加载模块:Statics
[ 2014-09-24T17:05:12+08:00 ] ERR: 无法加载模块:Statics
[ 2014-09-24T17:05:12+08:00 ] ERR: 无法加载模块:Statics
[ 2014-09-24T17:05:30+08:00 ] ERR: 无法加载模块:Statics
[ 2014-09-24T17:05:30+08:00 ] ERR: 无法加载模块:Statics
[ 2014-09-24T17:05:38+08:00 ] ERR: 无法加载模块:Statics
[ 2014-09-24T17:05:38+08:00 ] ERR: 无法加载模块:Statics
[ 2014-09-24T17:05:44+08:00 ] ERR: 无法加载模块:Statics
[ 2014-09-24T17:05:44+08:00 ] ERR: 无法加载模块:Statics
[ 2014-09-24T17:05:52+08:00 ] ERR: 无法加载模块:Statics
[ 2014-09-24T17:05:52+08:00 ] ERR: 无法加载模块:Statics
[ 2014-09-24T17:06:04+08:00 ] ERR: 无法加载模块:Statics
[ 2014-09-24T17:06:04+08:00 ] ERR: 无法加载模块:Statics
[ 2014-09-24T17:06:14+08:00 ] ERR: 无法加载模块:Statics
[ 2014-09-24T17:06:14+08:00 ] ERR: 无法加载模块:Statics
[ 2014-09-24T17:06:24+08:00 ] ERR: 无法加载模块:Statics
[ 2014-09-24T17:06:24+08:00 ] ERR: 无法加载模块:Statics
[ 2014-09-24T17:06:29+08:00 ] ERR: 无法加载模块:Statics
[ 2014-09-24T17:06:29+08:00 ] ERR: 无法加载模块:Statics
[ 2014-09-24T17:06:36+08:00 ] ERR: 无法加载模块:Statics
[ 2014-09-24T17:06:36+08:00 ] ERR: 无法加载模块:Statics
[ 2014-09-24T17:06:47+08:00 ] ERR: 无法加载模块:Statics
[ 2014-09-24T17:06:47+08:00 ] ERR: 无法加载模块:Statics
[ 2014-09-24T17:06:57+08:00 ] ERR: 无法加载模块:Statics
[ 2014-09-24T17:06:57+08:00 ] ERR: 无法加载模块:Statics
[ 2014-09-24T17:07:39+08:00 ] ERR: 无法加载模块:Statics
[ 2014-09-24T17:07:46+08:00 ] ERR: 无法加载模块:Statics
[ 2014-09-24T17:08:09+08:00 ] ERR: 无法加载模块:Statics
[ 2014-09-24T17:08:09+08:00 ] ERR: 无法加载模块:Statics
[ 2014-09-24T17:08:15+08:00 ] ERR: 无法加载模块:Statics
[ 2014-09-24T17:08:15+08:00 ] ERR: 无法加载模块:Statics
[ 2014-09-24T17:10:34+08:00 ] ERR: 无法加载模块:Statics
[ 2014-09-24T17:10:34+08:00 ] ERR: 无法加载模块:Statics
[ 2014-09-24T17:11:40+08:00 ] ERR: 无法加载模块:Statics
[ 2014-09-24T17:11:40+08:00 ] ERR: 无法加载模块:Statics
[ 2014-09-24T17:11:48+08:00 ] ERR: 无法加载模块:Statics
[ 2014-09-24T17:11:48+08:00 ] ERR: 无法加载模块:Statics
[ 2014-09-24T17:12:22+08:00 ] ERR: 无法加载模块:Statics
[ 2014-09-24T17:12:22+08:00 ] ERR: 无法加载模块:Statics
[ 2014-09-24T17:19:01+08:00 ] ERR: 无法加载模块:Statics
[ 2014-09-24T17:19:01+08:00 ] ERR: 无法加载模块:Statics
[ 2014-09-24T17:19:47+08:00 ] ERR: 无法加载模块:Statics
[ 2014-09-24T17:19:47+08:00 ] ERR: 无法加载模块:Statics
[ 2014-09-24T17:19:47+08:00 ] ERR: 无法加载模块:Statics
[ 2014-09-24T17:19:48+08:00 ] ERR: 无法加载模块:Statics
[ 2014-09-24T17:26:03+08:00 ] ERR: 无法加载模块:Statics
[ 2014-09-24T17:26:03+08:00 ] ERR: 无法加载模块:Statics
[ 2014-09-24T17:28:42+08:00 ] ERR: 无法加载模块:Statics
[ 2014-09-24T17:28:42+08:00 ] ERR: 无法加载模块:Statics
[ 2014-09-24T17:33:17+08:00 ] ERR: 无法加载模块:Statics
[ 2014-09-24T17:33:17+08:00 ] ERR: 无法加载模块:Statics
[ 2014-09-24T17:33:24+08:00 ] ERR: 无法加载模块:Statics
[ 2014-09-24T17:33:24+08:00 ] ERR: 无法加载模块:Statics
[ 2014-09-24T17:34:27+08:00 ] ERR: 无法加载模块:Statics
[ 2014-09-24T17:34:27+08:00 ] ERR: 无法加载模块:Statics
[ 2014-09-24T17:37:00+08:00 ] ERR: 无法加载模块:Statics
[ 2014-09-24T17:37:00+08:00 ] ERR: 无法加载模块:Statics
[ 2014-09-24T17:41:18+08:00 ] ERR: 无法加载模块:Statics
[ 2014-09-24T17:41:18+08:00 ] ERR: 无法加载模块:Statics
[ 2014-09-24T17:41:46+08:00 ] ERR: 无法加载模块:Statics
[ 2014-09-24T17:41:46+08:00 ] ERR: 无法加载模块:Statics
[ 2014-09-24T17:41:58+08:00 ] ERR: 无法加载模块:Statics
[ 2014-09-24T17:41:58+08:00 ] ERR: 无法加载模块:Statics
[ 2014-09-24T17:42:06+08:00 ] ERR: 无法加载模块:Statics
[ 2014-09-24T17:42:06+08:00 ] ERR: 无法加载模块:Statics
[ 2014-09-24T17:46:00+08:00 ] ERR: 无法加载模块:Statics
[ 2014-09-24T17:46:00+08:00 ] ERR: 无法加载模块:Statics
[ 2014-09-24T17:47:12+08:00 ] ERR: 无法加载模块:Statics
[ 2014-09-24T17:47:12+08:00 ] ERR: 无法加载模块:Statics
[ 2014-09-24T17:52:10+08:00 ] ERR: 无法加载模块:Statics
[ 2014-09-24T17:52:10+08:00 ] ERR: 无法加载模块:Statics
[ 2014-09-24T17:52:39+08:00 ] ERR: 无法加载模块:Statics
[ 2014-09-24T17:52:40+08:00 ] ERR: 无法加载模块:Statics
[ 2014-09-24T17:53:58+08:00 ] ERR: 无法加载模块:Statics
[ 2014-09-24T17:53:58+08:00 ] ERR: 无法加载模块:Statics
[ 2014-09-24T17:56:40+08:00 ] ERR: 无法加载模块:Statics
[ 2014-09-24T17:56:40+08:00 ] ERR: 无法加载模块:Statics
[ 2014-09-24T17:57:29+08:00 ] ERR: 无法加载模块:Statics
[ 2014-09-24T17:57:29+08:00 ] ERR: 无法加载模块:Statics
[ 2014-09-24T17:57:56+08:00 ] ERR: 无法加载模块:Statics
[ 2014-09-24T17:57:56+08:00 ] ERR: 无法加载模块:Statics
[ 2014-09-24T17:58:34+08:00 ] ERR: 无法加载模块:Statics
[ 2014-09-24T17:58:34+08:00 ] ERR: 无法加载模块:Statics
[ 2014-09-24T18:01:14+08:00 ] ERR: 无法加载模块:Statics
[ 2014-09-24T18:01:14+08:00 ] ERR: 无法加载模块:Statics
[ 2014-09-24T18:01:58+08:00 ] ERR: 无法加载模块:Statics
[ 2014-09-24T18:01:58+08:00 ] ERR: 无法加载模块:Statics
[ 2014-09-24T18:04:28+08:00 ] ERR: 无法加载模块:Statics
[ 2014-09-24T18:04:28+08:00 ] ERR: 无法加载模块:Statics
[ 2014-09-24T18:17:56+08:00 ] ERR: 无法加载模块:Statics
[ 2014-09-24T18:17:56+08:00 ] ERR: 无法加载模块:Statics
[ 2014-09-24T18:18:29+08:00 ] ERR: 无法加载模块:Statics
[ 2014-09-24T18:18:29+08:00 ] ERR: 无法加载模块:Statics
[ 2014-09-24T18:18:33+08:00 ] ERR: 无法加载模块:Statics
[ 2014-09-24T18:18:33+08:00 ] ERR: 无法加载模块:Statics
[ 2014-09-24T18:26:42+08:00 ] ERR: 无法加载模块:Statics
[ 2014-09-24T18:26:42+08:00 ] ERR: 无法加载模块:Statics
[ 2014-09-24T18:30:46+08:00 ] ERR: 无法加载模块:Statics
[ 2014-09-24T18:30:46+08:00 ] ERR: 无法加载模块:Statics
[ 2014-09-24T18:34:46+08:00 ] ERR: 无法加载模块:Statics
[ 2014-09-24T18:34:46+08:00 ] ERR: 无法加载模块:Statics
[ 2014-09-24T18:38:40+08:00 ] ERR: 无法加载模块:Statics
[ 2014-09-24T18:38:40+08:00 ] ERR: 无法加载模块:Statics
[ 2014-09-24T18:38:53+08:00 ] ERR: 无法加载模块:Statics
[ 2014-09-24T18:38:53+08:00 ] ERR: 无法加载模块:Statics
[ 2014-09-24T18:39:05+08:00 ] ERR: 无法加载模块:Statics
[ 2014-09-24T18:39:05+08:00 ] ERR: 无法加载模块:Statics
[ 2014-09-24T18:39:15+08:00 ] ERR: 无法加载模块:Statics
[ 2014-09-24T18:39:15+08:00 ] ERR: 无法加载模块:Statics
[ 2014-09-24T18:44:23+08:00 ] ERR: 无法加载模块:Statics
[ 2014-09-24T18:44:23+08:00 ] ERR: 无法加载模块:Statics
[ 2014-09-24T18:44:24+08:00 ] ERR: 无法加载模块:Statics
[ 2014-09-24T18:44:24+08:00 ] ERR: 无法加载模块:Statics
[ 2014-09-24T18:52:30+08:00 ] ERR: 无法加载模块:Statics
[ 2014-09-24T18:52:30+08:00 ] ERR: 无法加载模块:Statics
[ 2014-09-24T19:09:57+08:00 ] ERR: 无法加载模块:Statics
[ 2014-09-24T19:09:57+08:00 ] ERR: 无法加载模块:Statics
[ 2014-09-24T19:12:00+08:00 ] ERR: 无法加载模块:Statics
[ 2014-09-24T19:12:00+08:00 ] ERR: 无法加载模块:Statics
[ 2014-09-24T19:12:59+08:00 ] ERR: 无法加载模块:Statics
[ 2014-09-24T19:12:59+08:00 ] ERR: 无法加载模块:Statics
[ 2014-09-24T19:34:15+08:00 ] ERR: 无法加载模块:Statics
[ 2014-09-24T19:34:15+08:00 ] ERR: 无法加载模块:Statics
[ 2014-09-24T19:34:44+08:00 ] ERR: 无法加载模块:Statics
[ 2014-09-24T19:34:44+08:00 ] ERR: 无法加载模块:Statics
[ 2014-09-24T19:35:24+08:00 ] ERR: 无法加载模块:Statics
[ 2014-09-24T19:35:24+08:00 ] ERR: 无法加载模块:Statics
[ 2014-09-24T19:37:45+08:00 ] ERR: 无法加载模块:Statics
[ 2014-09-24T19:37:46+08:00 ] ERR: 无法加载模块:Statics
[ 2014-09-24T19:38:04+08:00 ] ERR: 无法加载模块:Statics
[ 2014-09-24T19:38:04+08:00 ] ERR: 无法加载模块:Statics
[ 2014-09-24T19:39:37+08:00 ] ERR: 无法加载模块:Statics
[ 2014-09-24T19:39:37+08:00 ] ERR: 无法加载模块:Statics
[ 2014-09-24T19:40:16+08:00 ] ERR: 无法加载模块:Statics
[ 2014-09-24T19:40:16+08:00 ] ERR: 无法加载模块:Statics
[ 2014-09-24T19:41:19+08:00 ] ERR: 无法加载模块:Statics
[ 2014-09-24T19:41:19+08:00 ] ERR: 无法加载模块:Statics
[ 2014-09-24T19:42:03+08:00 ] ERR: 无法加载模块:Statics
[ 2014-09-24T19:42:03+08:00 ] ERR: 无法加载模块:Statics
[ 2014-09-24T19:42:57+08:00 ] ERR: 无法加载模块:Statics
[ 2014-09-24T19:42:57+08:00 ] ERR: 无法加载模块:Statics
[ 2014-09-24T19:43:01+08:00 ] ERR: 无法加载模块:Statics
[ 2014-09-24T19:43:01+08:00 ] ERR: 无法加载模块:Statics
[ 2014-09-24T19:43:12+08:00 ] ERR: 无法加载模块:Statics
[ 2014-09-24T19:43:12+08:00 ] ERR: 无法加载模块:Statics
[ 2014-09-24T19:43:23+08:00 ] ERR: 无法加载模块:Statics
[ 2014-09-24T19:43:23+08:00 ] ERR: 无法加载模块:Statics
[ 2014-09-24T19:48:39+08:00 ] ERR: 无法加载模块:Statics
[ 2014-09-24T19:48:39+08:00 ] ERR: 无法加载模块:Statics
[ 2014-09-24T20:11:29+08:00 ] ERR: 无法加载模块:Statics
[ 2014-09-24T20:11:29+08:00 ] ERR: 无法加载模块:Statics
[ 2014-09-24T20:52:05+08:00 ] ERR: 无法加载模块:Statics
[ 2014-09-24T20:52:05+08:00 ] ERR: 无法加载模块:Statics
[ 2014-09-24T21:04:50+08:00 ] ERR: 无法加载模块:Statics
[ 2014-09-24T21:04:50+08:00 ] ERR: 无法加载模块:Statics
[ 2014-09-24T21:05:56+08:00 ] ERR: 无法加载模块:Statics
[ 2014-09-24T21:05:56+08:00 ] ERR: 无法加载模块:Statics
[ 2014-09-24T21:19:38+08:00 ] ERR: 无法加载模块:Statics
[ 2014-09-24T21:19:38+08:00 ] ERR: 无法加载模块:Statics
[ 2014-09-24T21:21:06+08:00 ] ERR: 无法加载模块:Statics
[ 2014-09-24T21:21:06+08:00 ] ERR: 无法加载模块:Statics
[ 2014-09-24T21:21:07+08:00 ] ERR: 无法加载模块:Statics
[ 2014-09-24T21:21:07+08:00 ] ERR: 无法加载模块:Statics
[ 2014-09-24T21:24:15+08:00 ] ERR: 无法加载模块:Statics
[ 2014-09-24T21:24:15+08:00 ] ERR: 无法加载模块:Statics
[ 2014-09-24T21:24:27+08:00 ] ERR: 无法加载模块:Statics
[ 2014-09-24T21:24:27+08:00 ] ERR: 无法加载模块:Statics
[ 2014-09-24T21:32:39+08:00 ] ERR: 无法加载模块:Statics
[ 2014-09-24T21:32:44+08:00 ] ERR: 无法加载模块:Statics
[ 2014-09-24T21:33:54+08:00 ] ERR: 无法加载模块:Statics
[ 2014-09-24T21:33:54+08:00 ] ERR: 无法加载模块:Statics
[ 2014-09-24T21:42:56+08:00 ] ERR: 无法加载模块:Statics
[ 2014-09-24T21:42:57+08:00 ] ERR: 无法加载模块:Statics
[ 2014-09-24T21:43:38+08:00 ] ERR: 无法加载模块:Statics
[ 2014-09-24T21:43:38+08:00 ] ERR: 无法加载模块:Statics
[ 2014-09-24T21:44:02+08:00 ] ERR: 无法加载模块:Statics
[ 2014-09-24T21:44:02+08:00 ] ERR: 无法加载模块:Statics
[ 2014-09-24T21:45:27+08:00 ] ERR: 无法加载模块:Statics
[ 2014-09-24T21:45:27+08:00 ] ERR: 无法加载模块:Statics
[ 2014-09-24T21:45:44+08:00 ] ERR: 无法加载模块:Statics
[ 2014-09-24T21:45:44+08:00 ] ERR: 无法加载模块:Statics
[ 2014-09-24T21:51:12+08:00 ] ERR: 无法加载模块:Statics
[ 2014-09-24T21:51:13+08:00 ] ERR: 无法加载模块:Statics
[ 2014-09-24T21:55:18+08:00 ] ERR: 无法加载模块:Statics
[ 2014-09-24T21:55:18+08:00 ] ERR: 无法加载模块:Statics
[ 2014-09-24T21:56:57+08:00 ] ERR: 无法加载模块:Statics
[ 2014-09-24T21:56:57+08:00 ] ERR: 无法加载模块:Statics
[ 2014-09-24T22:14:53+08:00 ] ERR: 无法加载模块:Apple-touch-icon-precomposed.png
[ 2014-09-24T22:14:54+08:00 ] ERR: 无法加载模块:Apple-touch-icon.png
[ 2014-09-24T22:22:38+08:00 ] ERR: 无法加载模块:Statics
[ 2014-09-24T22:22:38+08:00 ] ERR: 无法加载模块:Statics
[ 2014-09-24T22:29:25+08:00 ] ERR: 无法加载模块:Statics
[ 2014-09-24T22:29:25+08:00 ] ERR: 无法加载模块:Statics
[ 2014-09-24T22:34:57+08:00 ] ERR: 无法加载模块:Statics
[ 2014-09-24T22:34:57+08:00 ] ERR: 无法加载模块:Statics
[ 2014-09-24T22:35:04+08:00 ] ERR: 无法加载模块:Statics
[ 2014-09-24T22:35:04+08:00 ] ERR: 无法加载模块:Statics
[ 2014-09-24T22:35:08+08:00 ] ERR: 无法加载模块:Statics
[ 2014-09-24T22:35:08+08:00 ] ERR: 无法加载模块:Statics
[ 2014-09-24T22:35:09+08:00 ] ERR: 无法加载模块:Statics
[ 2014-09-24T22:35:09+08:00 ] ERR: 无法加载模块:Statics
[ 2014-09-24T22:35:15+08:00 ] ERR: 无法加载模块:Statics
[ 2014-09-24T22:35:15+08:00 ] ERR: 无法加载模块:Statics
[ 2014-09-24T22:35:24+08:00 ] ERR: 无法加载模块:Statics
[ 2014-09-24T22:35:24+08:00 ] ERR: 无法加载模块:Statics
[ 2014-09-24T22:35:29+08:00 ] ERR: 无法加载模块:Statics
[ 2014-09-24T22:35:29+08:00 ] ERR: 无法加载模块:Statics
[ 2014-09-24T22:35:31+08:00 ] ERR: 无法加载模块:Statics
[ 2014-09-24T22:35:31+08:00 ] ERR: 无法加载模块:Statics
[ 2014-09-24T23:07:34+08:00 ] ERR: 无法加载模块:Statics
[ 2014-09-24T23:07:34+08:00 ] ERR: 无法加载模块:Statics
[ 2014-09-24T23:12:35+08:00 ] ERR: 无法加载模块:Statics
[ 2014-09-24T23:12:35+08:00 ] ERR: 无法加载模块:Statics
[ 2014-09-24T23:12:49+08:00 ] ERR: 无法加载模块:Statics
[ 2014-09-24T23:12:49+08:00 ] ERR: 无法加载模块:Statics
[ 2014-09-24T23:15:06+08:00 ] ERR: 无法加载模块:Statics
[ 2014-09-24T23:15:06+08:00 ] ERR: 无法加载模块:Statics
[ 2014-09-24T23:40:18+08:00 ] ERR: 无法加载模块:Statics
[ 2014-09-24T23:40:18+08:00 ] ERR: 无法加载模块:Statics
[ 2014-09-24T23:40:39+08:00 ] ERR: 无法加载模块:Statics
[ 2014-09-24T23:40:39+08:00 ] ERR: 无法加载模块:Statics
[ 2014-09-24T23:41:19+08:00 ] ERR: 无法加载模块:Statics
[ 2014-09-24T23:41:19+08:00 ] ERR: 无法加载模块:Statics
