[ 2014-09-27T00:27:28+08:00 ] ERR: 无法加载模块:Robots.txt
[ 2014-09-27T06:16:25+08:00 ] ERR: 无法加载模块:Http:
[ 2014-09-27T08:27:08+08:00 ] ERR: 无法加载模块:Statics
[ 2014-09-27T08:27:08+08:00 ] ERR: 无法加载模块:Statics
[ 2014-09-27T08:39:54+08:00 ] ERR: 无法加载模块:Statics
[ 2014-09-27T08:39:57+08:00 ] ERR: 无法加载模块:Statics
[ 2014-09-27T09:02:11+08:00 ] ERR: 无法加载模块:Statics
[ 2014-09-27T09:02:11+08:00 ] ERR: 无法加载模块:Statics
[ 2014-09-27T09:21:57+08:00 ] ERR: 无法加载模块:Statics
[ 2014-09-27T09:21:57+08:00 ] ERR: 无法加载模块:Statics
[ 2014-09-27T09:46:49+08:00 ] ERR: 无法加载模块:Statics
[ 2014-09-27T09:46:49+08:00 ] ERR: 无法加载模块:Statics
[ 2014-09-27T09:47:19+08:00 ] ERR: 无法加载模块:Statics
[ 2014-09-27T09:47:19+08:00 ] ERR: 无法加载模块:Statics
[ 2014-09-27T10:06:06+08:00 ] ERR: 无法加载模块:Statics
[ 2014-09-27T10:06:51+08:00 ] ERR: 无法加载模块:Statics
[ 2014-09-27T10:08:01+08:00 ] ERR: 无法加载模块:Statics
[ 2014-09-27T10:08:05+08:00 ] ERR: 无法加载模块:Statics
[ 2014-09-27T10:12:22+08:00 ] ERR: 无法加载模块:Statics
[ 2014-09-27T10:12:22+08:00 ] ERR: 无法加载模块:Statics
[ 2014-09-27T10:21:42+08:00 ] ERR: 无法加载模块:Statics
[ 2014-09-27T10:21:42+08:00 ] ERR: 无法加载模块:Statics
[ 2014-09-27T11:07:07+08:00 ] ERR: 无法加载模块:Statics
[ 2014-09-27T11:07:08+08:00 ] ERR: 无法加载模块:Statics
[ 2014-09-27T11:08:37+08:00 ] ERR: 无法加载模块:Statics
[ 2014-09-27T11:08:37+08:00 ] ERR: 无法加载模块:Statics
[ 2014-09-27T12:03:36+08:00 ] ERR: 无法加载模块:Statics
[ 2014-09-27T12:03:36+08:00 ] ERR: 无法加载模块:Statics
[ 2014-09-27T12:15:29+08:00 ] ERR: 无法加载模块:Statics
[ 2014-09-27T12:15:29+08:00 ] ERR: 无法加载模块:Statics
[ 2014-09-27T12:49:34+08:00 ] ERR: 无法加载模块:Robots.txt
[ 2014-09-27T13:34:44+08:00 ] ERR: 无法加载模块:Statics
[ 2014-09-27T13:34:44+08:00 ] ERR: 无法加载模块:Statics
[ 2014-09-27T14:38:58+08:00 ] ERR: 无法加载模块:Statics
[ 2014-09-27T14:38:58+08:00 ] ERR: 无法加载模块:Statics
[ 2014-09-27T15:35:26+08:00 ] ERR: 无法加载模块:Statics
[ 2014-09-27T15:35:26+08:00 ] ERR: 无法加载模块:Statics
[ 2014-09-27T16:49:34+08:00 ] ERR: 无法加载模块:Statics
[ 2014-09-27T16:49:35+08:00 ] ERR: 无法加载模块:Statics
[ 2014-09-27T16:50:19+08:00 ] ERR: 无法加载模块:Statics
[ 2014-09-27T16:50:20+08:00 ] ERR: 无法加载模块:Statics
[ 2014-09-27T17:49:38+08:00 ] ERR: 无法加载模块:Statics
[ 2014-09-27T17:49:38+08:00 ] ERR: 无法加载模块:Statics
[ 2014-09-27T17:51:01+08:00 ] ERR: 无法加载模块:Statics
[ 2014-09-27T17:51:01+08:00 ] ERR: 无法加载模块:Statics
[ 2014-09-27T17:51:51+08:00 ] ERR: 无法加载模块:Statics
[ 2014-09-27T17:51:53+08:00 ] ERR: 无法加载模块:Statics
[ 2014-09-27T17:59:31+08:00 ] ERR: 无法加载模块:Statics
[ 2014-09-27T17:59:31+08:00 ] ERR: 无法加载模块:Statics
[ 2014-09-27T18:06:47+08:00 ] ERR: 无法加载模块:Statics
[ 2014-09-27T18:06:47+08:00 ] ERR: 无法加载模块:Statics
[ 2014-09-27T18:40:17+08:00 ] ERR: 无法加载模块:Statics
[ 2014-09-27T18:40:17+08:00 ] ERR: 无法加载模块:Statics
[ 2014-09-27T18:41:09+08:00 ] ERR: 无法加载模块:Statics
[ 2014-09-27T18:41:09+08:00 ] ERR: 无法加载模块:Statics
[ 2014-09-27T18:41:40+08:00 ] ERR: 无法加载模块:Statics
[ 2014-09-27T18:41:40+08:00 ] ERR: 无法加载模块:Statics
[ 2014-09-27T18:42:22+08:00 ] ERR: 无法加载模块:Statics
[ 2014-09-27T18:42:22+08:00 ] ERR: 无法加载模块:Statics
[ 2014-09-27T18:43:34+08:00 ] ERR: 无法加载模块:Statics
[ 2014-09-27T18:43:34+08:00 ] ERR: 无法加载模块:Statics
[ 2014-09-27T19:20:47+08:00 ] ERR: 无法加载模块:Statics
[ 2014-09-27T19:20:47+08:00 ] ERR: 无法加载模块:Statics
[ 2014-09-27T20:07:03+08:00 ] ERR: 无法加载模块:Statics
[ 2014-09-27T20:07:03+08:00 ] ERR: 无法加载模块:Statics
[ 2014-09-27T20:07:18+08:00 ] ERR: 无法加载模块:Statics
[ 2014-09-27T20:07:18+08:00 ] ERR: 无法加载模块:Statics
[ 2014-09-27T20:14:10+08:00 ] ERR: 无法加载模块:Statics
[ 2014-09-27T20:14:10+08:00 ] ERR: 无法加载模块:Statics
[ 2014-09-27T20:34:40+08:00 ] ERR: 无法加载模块:Statics
[ 2014-09-27T20:34:40+08:00 ] ERR: 无法加载模块:Statics
[ 2014-09-27T20:55:34+08:00 ] ERR: 无法加载模块:Statics
[ 2014-09-27T20:55:34+08:00 ] ERR: 无法加载模块:Statics
[ 2014-09-27T21:26:56+08:00 ] ERR: 无法加载模块:Statics
[ 2014-09-27T21:26:56+08:00 ] ERR: 无法加载模块:Statics
[ 2014-09-27T21:27:42+08:00 ] ERR: 无法加载模块:Apple-touch-icon-120x120-precomposed.png
[ 2014-09-27T21:27:42+08:00 ] ERR: 无法加载模块:Apple-touch-icon-120x120.png
[ 2014-09-27T21:27:42+08:00 ] ERR: 无法加载模块:Apple-touch-icon-precomposed.png
[ 2014-09-27T21:27:43+08:00 ] ERR: 无法加载模块:Apple-touch-icon.png
[ 2014-09-27T21:44:18+08:00 ] ERR: 无法加载模块:Statics
[ 2014-09-27T21:44:18+08:00 ] ERR: 无法加载模块:Statics
[ 2014-09-27T21:44:49+08:00 ] ERR: 无法加载模块:Statics
[ 2014-09-27T21:44:49+08:00 ] ERR: 无法加载模块:Statics
[ 2014-09-27T22:00:47+08:00 ] ERR: 无法加载模块:Statics
[ 2014-09-27T22:00:50+08:00 ] ERR: 无法加载模块:Statics
[ 2014-09-27T22:06:51+08:00 ] ERR: 无法加载模块:Statics
[ 2014-09-27T22:06:51+08:00 ] ERR: 无法加载模块:Statics
[ 2014-09-27T22:07:13+08:00 ] ERR: 无法加载模块:Statics
[ 2014-09-27T22:07:13+08:00 ] ERR: 无法加载模块:Statics
[ 2014-09-27T22:07:38+08:00 ] ERR: 无法加载模块:Statics
[ 2014-09-27T22:07:38+08:00 ] ERR: 无法加载模块:Statics
[ 2014-09-27T22:16:17+08:00 ] ERR: 无法加载模块:Statics
[ 2014-09-27T22:16:17+08:00 ] ERR: 无法加载模块:Statics
[ 2014-09-27T22:17:56+08:00 ] ERR: 无法加载模块:Statics
[ 2014-09-27T22:17:56+08:00 ] ERR: 无法加载模块:Statics
[ 2014-09-27T22:36:18+08:00 ] ERR: 无法加载模块:Statics
[ 2014-09-27T22:36:18+08:00 ] ERR: 无法加载模块:Statics
[ 2014-09-27T23:05:21+08:00 ] ERR: 无法加载模块:Robots.txt
[ 2014-09-27T23:58:19+08:00 ] ERR: 无法加载模块:Robots.txt
