[ 2014-10-07T09:50:13+08:00 ] ERR: 无法加载模块:Statics
[ 2014-10-07T09:50:13+08:00 ] ERR: 无法加载模块:Statics
[ 2014-10-07T09:56:08+08:00 ] ERR: 无法加载模块:Browserconfig.xml
[ 2014-10-07T12:12:46+08:00 ] ERR: 无法加载模块:Robots.txt
[ 2014-10-07T12:37:48+08:00 ] ERR: 无法加载模块:Robots.txt
[ 2014-10-07T14:23:30+08:00 ] ERR: 无法加载模块:Robots.txt
[ 2014-10-07T14:29:04+08:00 ] ERR: 无法加载模块:Statics
[ 2014-10-07T14:29:05+08:00 ] ERR: 无法加载模块:Statics
[ 2014-10-07T14:47:57+08:00 ] ERR: 无法加载模块:Robots.txt
[ 2014-10-07T15:19:29+08:00 ] ERR: 无法加载模块:Statics
[ 2014-10-07T15:19:29+08:00 ] ERR: 无法加载模块:Statics
[ 2014-10-07T15:31:17+08:00 ] ERR: 无法加载模块:Statics
[ 2014-10-07T15:31:17+08:00 ] ERR: 无法加载模块:Statics
[ 2014-10-07T15:32:34+08:00 ] ERR: 无法加载模块:Statics
[ 2014-10-07T15:32:34+08:00 ] ERR: 无法加载模块:Statics
[ 2014-10-07T16:06:15+08:00 ] ERR: 无法加载模块:Apple-touch-icon-precomposed.png
[ 2014-10-07T16:06:15+08:00 ] ERR: 无法加载模块:Apple-touch-icon.png
[ 2014-10-07T16:20:39+08:00 ] ERR: 无法加载模块:Statics
[ 2014-10-07T16:20:39+08:00 ] ERR: 无法加载模块:Statics
[ 2014-10-07T18:35:55+08:00 ] ERR: 无法加载模块:Statics
[ 2014-10-07T18:35:55+08:00 ] ERR: 无法加载模块:Statics
[ 2014-10-07T18:54:21+08:00 ] ERR: 无法加载模块:Statics
[ 2014-10-07T18:54:21+08:00 ] ERR: 无法加载模块:Statics
[ 2014-10-07T19:35:05+08:00 ] ERR: 无法加载模块:Statics
[ 2014-10-07T19:35:05+08:00 ] ERR: 无法加载模块:Statics
[ 2014-10-07T19:48:33+08:00 ] ERR: 无法加载模块:Statics
[ 2014-10-07T19:48:33+08:00 ] ERR: 无法加载模块:Statics
[ 2014-10-07T20:24:40+08:00 ] ERR: 无法加载模块:Statics
[ 2014-10-07T20:24:40+08:00 ] ERR: 无法加载模块:Statics
[ 2014-10-07T22:23:39+08:00 ] ERR: 无法加载模块:Robots.txt
[ 2014-10-07T22:32:37+08:00 ] ERR: 无法加载模块:Statics
[ 2014-10-07T22:32:37+08:00 ] ERR: 无法加载模块:Statics
[ 2014-10-07T22:45:32+08:00 ] ERR: 无法加载模块:Statics
[ 2014-10-07T22:45:32+08:00 ] ERR: 无法加载模块:Statics
