[ 2014-10-19T00:54:06+08:00 ] ERR: 无法加载模块:Robots.txt
[ 2014-10-19T06:53:50+08:00 ] ERR: 无法加载模块:Tbojqtnfdlldzjv.html
[ 2014-10-19T07:49:41+08:00 ] ERR: 无法加载模块:Robots.txt
[ 2014-10-19T11:27:38+08:00 ] ERR: 无法加载模块:Statics
[ 2014-10-19T11:27:38+08:00 ] ERR: 无法加载模块:Statics
[ 2014-10-19T12:31:11+08:00 ] ERR: 无法加载模块:Statics
[ 2014-10-19T12:31:11+08:00 ] ERR: 无法加载模块:Statics
[ 2014-10-19T12:35:59+08:00 ] ERR: 无法加载模块:Statics
[ 2014-10-19T12:35:59+08:00 ] ERR: 无法加载模块:Statics
[ 2014-10-19T12:36:57+08:00 ] ERR: 无法加载模块:Statics
[ 2014-10-19T12:36:57+08:00 ] ERR: 无法加载模块:Statics
[ 2014-10-19T13:11:16+08:00 ] ERR: 无法加载模块:Statics
[ 2014-10-19T13:11:16+08:00 ] ERR: 无法加载模块:Statics
[ 2014-10-19T15:21:48+08:00 ] ERR: 无法加载模块:Robots.txt
[ 2014-10-19T15:30:46+08:00 ] ERR: 无法加载模块:Robots.txt
[ 2014-10-19T15:38:58+08:00 ] ERR: 无法加载模块:Statics
[ 2014-10-19T15:38:58+08:00 ] ERR: 无法加载模块:Statics
[ 2014-10-19T17:15:35+08:00 ] ERR: 无法加载模块:Apple-touch-icon-precomposed.png
[ 2014-10-19T17:15:35+08:00 ] ERR: 无法加载模块:Apple-touch-icon.png
[ 2014-10-19T17:30:49+08:00 ] ERR: 无法加载模块:Robots.txt
[ 2014-10-19T18:31:09+08:00 ] ERR: 无法加载模块:Apple-touch-icon-precomposed.png
[ 2014-10-19T18:31:09+08:00 ] ERR: 无法加载模块:Apple-touch-icon.png
[ 2014-10-19T19:28:23+08:00 ] ERR: 无法加载模块:Statics
[ 2014-10-19T19:28:23+08:00 ] ERR: 无法加载模块:Statics
[ 2014-10-19T19:28:24+08:00 ] ERR: 无法加载模块:Statics
[ 2014-10-19T19:37:17+08:00 ] ERR: 无法加载模块:Statics
[ 2014-10-19T19:37:17+08:00 ] ERR: 无法加载模块:Statics
[ 2014-10-19T19:49:41+08:00 ] ERR: 无法加载模块:Robots.txt
[ 2014-10-19T21:48:03+08:00 ] ERR: 无法加载模块:Apple-touch-icon-precomposed.png
[ 2014-10-19T21:48:03+08:00 ] ERR: 无法加载模块:Apple-touch-icon.png
[ 2014-10-19T22:51:31+08:00 ] ERR: 无法加载模块:Statics
[ 2014-10-19T22:51:31+08:00 ] ERR: 无法加载模块:Statics
[ 2014-10-19T22:57:33+08:00 ] ERR: 无法加载模块:Statics
[ 2014-10-19T22:57:33+08:00 ] ERR: 无法加载模块:Statics
[ 2014-10-19T23:23:58+08:00 ] ERR: 无法加载模块:Apple-touch-icon-120x120-precomposed.png
[ 2014-10-19T23:23:58+08:00 ] ERR: 无法加载模块:Apple-touch-icon-120x120.png
[ 2014-10-19T23:23:58+08:00 ] ERR: 无法加载模块:Apple-touch-icon.png
[ 2014-10-19T23:23:58+08:00 ] ERR: 无法加载模块:Apple-touch-icon.png
