[ 2014-10-30T00:18:34+08:00 ] ERR: 无法加载模块:Robots.txt
[ 2014-10-30T09:05:19+08:00 ] ERR: 无法加载模块:Statics
[ 2014-10-30T09:05:19+08:00 ] ERR: 无法加载模块:Statics
[ 2014-10-30T09:31:39+08:00 ] ERR: 无法加载模块:Statics
[ 2014-10-30T09:31:39+08:00 ] ERR: 无法加载模块:Statics
[ 2014-10-30T09:32:13+08:00 ] ERR: 无法加载模块:Statics
[ 2014-10-30T09:32:13+08:00 ] ERR: 无法加载模块:Statics
[ 2014-10-30T09:46:24+08:00 ] ERR: 无法加载模块:Statics
[ 2014-10-30T09:46:24+08:00 ] ERR: 无法加载模块:Statics
[ 2014-10-30T10:08:48+08:00 ] ERR: 无法加载模块:Robots.txt
[ 2014-10-30T10:17:08+08:00 ] ERR: 无法加载模块:Robots.txt
[ 2014-10-30T15:57:46+08:00 ] ERR: 无法加载模块:Statics
[ 2014-10-30T15:57:46+08:00 ] ERR: 无法加载模块:Statics
[ 2014-10-30T15:57:53+08:00 ] ERR: 无法加载模块:Statics
[ 2014-10-30T15:57:53+08:00 ] ERR: 无法加载模块:Statics
[ 2014-10-30T15:57:59+08:00 ] ERR: 无法加载模块:Statics
[ 2014-10-30T15:57:59+08:00 ] ERR: 无法加载模块:Statics
[ 2014-10-30T17:19:26+08:00 ] ERR: 无法加载模块:Statics
[ 2014-10-30T17:19:26+08:00 ] ERR: 无法加载模块:Statics
[ 2014-10-30T21:44:45+08:00 ] ERR: 无法加载模块:Apple-touch-icon-144x144-precomposed.png
[ 2014-10-30T21:44:45+08:00 ] ERR: 无法加载模块:Apple-touch-icon-144x144.png
[ 2014-10-30T21:44:46+08:00 ] ERR: 无法加载模块:Apple-touch-icon-precomposed.png
[ 2014-10-30T21:44:49+08:00 ] ERR: 无法加载模块:Apple-touch-icon.png
[ 2014-10-30T22:01:31+08:00 ] ERR: 无法加载模块:Robots.txt
[ 2014-10-30T22:06:28+08:00 ] ERR: 无法加载模块:Robots.txt
