[ 2014-10-03T00:43:11+08:00 ] ERR: 无法加载模块:Statics
[ 2014-10-03T00:43:11+08:00 ] ERR: 无法加载模块:Statics
[ 2014-10-03T00:49:41+08:00 ] ERR: 无法加载模块:Apple-touch-icon-precomposed.png
[ 2014-10-03T02:29:22+08:00 ] ERR: 无法加载模块:Errpage
[ 2014-10-03T08:38:37+08:00 ] ERR: 无法加载模块:Apple-touch-icon-precomposed.png
[ 2014-10-03T08:38:37+08:00 ] ERR: 无法加载模块:Apple-touch-icon.png
[ 2014-10-03T08:58:11+08:00 ] ERR: 无法加载模块:Statics
[ 2014-10-03T08:58:11+08:00 ] ERR: 无法加载模块:Statics
[ 2014-10-03T11:20:53+08:00 ] ERR: 无法加载模块:Robots.txt
[ 2014-10-03T11:41:42+08:00 ] ERR: 无法加载模块:Statics
[ 2014-10-03T11:41:42+08:00 ] ERR: 无法加载模块:Statics
[ 2014-10-03T12:02:02+08:00 ] ERR: 无法加载模块:Robots.txt
[ 2014-10-03T13:16:15+08:00 ] ERR: 无法加载模块:Statics
[ 2014-10-03T13:16:15+08:00 ] ERR: 无法加载模块:Statics
[ 2014-10-03T14:56:00+08:00 ] ERR: 无法加载模块:Robots.txt
[ 2014-10-03T15:11:00+08:00 ] ERR: 无法加载模块:Statics
[ 2014-10-03T15:11:00+08:00 ] ERR: 无法加载模块:Statics
[ 2014-10-03T20:19:18+08:00 ] ERR: 无法加载模块:Robots.txt
[ 2014-10-03T21:11:12+08:00 ] ERR: 无法加载模块:Statics
[ 2014-10-03T21:11:12+08:00 ] ERR: 无法加载模块:Statics
