[ 2014-10-14T00:10:30+08:00 ] ERR: 无法加载模块:Statics
[ 2014-10-14T00:10:30+08:00 ] ERR: 无法加载模块:Statics
[ 2014-10-14T00:46:29+08:00 ] ERR: 无法加载模块:Apple-touch-icon-120x120-precomposed.png
[ 2014-10-14T00:46:34+08:00 ] ERR: 无法加载模块:Apple-touch-icon-120x120.png
[ 2014-10-14T00:46:53+08:00 ] ERR: 无法加载模块:Apple-touch-icon-precomposed.png
[ 2014-10-14T00:46:53+08:00 ] ERR: 无法加载模块:Apple-touch-icon.png
[ 2014-10-14T00:53:21+08:00 ] ERR: 无法加载模块:Statics
[ 2014-10-14T00:53:21+08:00 ] ERR: 无法加载模块:Statics
[ 2014-10-14T02:55:51+08:00 ] ERR: 无法加载模块:Robots.txt
[ 2014-10-14T02:55:55+08:00 ] ERR: 无法加载模块:Robots.txt
[ 2014-10-14T03:37:08+08:00 ] ERR: 无法加载模块:Robots.txt
[ 2014-10-14T05:44:37+08:00 ] ERR: 无法加载模块:Statics
[ 2014-10-14T08:59:08+08:00 ] ERR: 无法加载模块:Statics
[ 2014-10-14T08:59:08+08:00 ] ERR: 无法加载模块:Statics
[ 2014-10-14T09:15:58+08:00 ] ERR: 无法加载模块:Statics
[ 2014-10-14T09:15:58+08:00 ] ERR: 无法加载模块:Statics
[ 2014-10-14T09:21:27+08:00 ] ERR: 无法加载模块:Statics
[ 2014-10-14T09:21:27+08:00 ] ERR: 无法加载模块:Statics
[ 2014-10-14T09:23:14+08:00 ] ERR: 无法加载模块:Statics
[ 2014-10-14T09:23:14+08:00 ] ERR: 无法加载模块:Statics
[ 2014-10-14T09:40:57+08:00 ] ERR: 无法加载模块:Statics
[ 2014-10-14T09:40:57+08:00 ] ERR: 无法加载模块:Statics
[ 2014-10-14T09:56:55+08:00 ] ERR: 无法加载模块:Statics
[ 2014-10-14T09:56:55+08:00 ] ERR: 无法加载模块:Statics
[ 2014-10-14T09:59:56+08:00 ] ERR: 无法加载模块:Statics
[ 2014-10-14T09:59:56+08:00 ] ERR: 无法加载模块:Statics
[ 2014-10-14T10:23:26+08:00 ] ERR: 无法加载模块:Statics
[ 2014-10-14T10:23:26+08:00 ] ERR: 无法加载模块:Statics
[ 2014-10-14T10:34:59+08:00 ] ERR: 无法加载模块:Statics
[ 2014-10-14T10:34:59+08:00 ] ERR: 无法加载模块:Statics
[ 2014-10-14T10:35:40+08:00 ] ERR: 无法加载模块:Statics
[ 2014-10-14T10:35:40+08:00 ] ERR: 无法加载模块:Statics
[ 2014-10-14T11:26:14+08:00 ] ERR: 无法加载模块:Statics
[ 2014-10-14T11:26:14+08:00 ] ERR: 无法加载模块:Statics
[ 2014-10-14T11:57:19+08:00 ] ERR: 无法加载模块:Browserconfig.xml
[ 2014-10-14T11:59:27+08:00 ] ERR: 无法加载模块:Robots.txt
[ 2014-10-14T12:18:30+08:00 ] ERR: 无法加载模块:Statics
[ 2014-10-14T12:18:30+08:00 ] ERR: 无法加载模块:Statics
[ 2014-10-14T12:20:38+08:00 ] ERR: 无法加载模块:Statics
[ 2014-10-14T12:20:38+08:00 ] ERR: 无法加载模块:Statics
[ 2014-10-14T12:35:21+08:00 ] ERR: 无法加载模块:Statics
[ 2014-10-14T12:35:21+08:00 ] ERR: 无法加载模块:Statics
[ 2014-10-14T12:56:13+08:00 ] ERR: 无法加载模块:Statics
[ 2014-10-14T12:56:13+08:00 ] ERR: 无法加载模块:Statics
[ 2014-10-14T12:56:13+08:00 ] ERR: 无法加载模块:Statics
[ 2014-10-14T12:56:13+08:00 ] ERR: 无法加载模块:Statics
[ 2014-10-14T13:29:50+08:00 ] ERR: 无法加载模块:Statics
[ 2014-10-14T13:29:50+08:00 ] ERR: 无法加载模块:Statics
[ 2014-10-14T13:33:06+08:00 ] ERR: 无法加载模块:Statics
[ 2014-10-14T13:33:06+08:00 ] ERR: 无法加载模块:Statics
[ 2014-10-14T13:33:50+08:00 ] ERR: 无法加载模块:Statics
[ 2014-10-14T13:33:50+08:00 ] ERR: 无法加载模块:Statics
[ 2014-10-14T13:33:52+08:00 ] ERR: 无法加载模块:Statics
[ 2014-10-14T13:33:52+08:00 ] ERR: 无法加载模块:Statics
[ 2014-10-14T13:34:02+08:00 ] ERR: 无法加载模块:Statics
[ 2014-10-14T13:34:02+08:00 ] ERR: 无法加载模块:Statics
[ 2014-10-14T13:34:13+08:00 ] ERR: 无法加载模块:Statics
[ 2014-10-14T13:34:13+08:00 ] ERR: 无法加载模块:Statics
[ 2014-10-14T13:34:16+08:00 ] ERR: 无法加载模块:Statics
[ 2014-10-14T13:34:16+08:00 ] ERR: 无法加载模块:Statics
[ 2014-10-14T13:34:53+08:00 ] ERR: 无法加载模块:Statics
[ 2014-10-14T13:34:53+08:00 ] ERR: 无法加载模块:Statics
[ 2014-10-14T13:35:12+08:00 ] ERR: 无法加载模块:Statics
[ 2014-10-14T13:35:12+08:00 ] ERR: 无法加载模块:Statics
[ 2014-10-14T13:35:48+08:00 ] ERR: 无法加载模块:Statics
[ 2014-10-14T13:35:48+08:00 ] ERR: 无法加载模块:Statics
[ 2014-10-14T13:36:39+08:00 ] ERR: 无法加载模块:Statics
[ 2014-10-14T13:36:39+08:00 ] ERR: 无法加载模块:Statics
[ 2014-10-14T13:36:42+08:00 ] ERR: 无法加载模块:Statics
[ 2014-10-14T13:36:42+08:00 ] ERR: 无法加载模块:Statics
[ 2014-10-14T13:38:32+08:00 ] ERR: 无法加载模块:Statics
[ 2014-10-14T13:38:32+08:00 ] ERR: 无法加载模块:Statics
[ 2014-10-14T14:20:17+08:00 ] ERR: 无法加载模块:Statics
[ 2014-10-14T14:20:17+08:00 ] ERR: 无法加载模块:Statics
[ 2014-10-14T14:20:26+08:00 ] ERR: 无法加载模块:Statics
[ 2014-10-14T14:20:26+08:00 ] ERR: 无法加载模块:Statics
[ 2014-10-14T15:36:33+08:00 ] ERR: 无法加载模块:Robots.txt
[ 2014-10-14T15:39:51+08:00 ] ERR: 无法加载模块:Statics
[ 2014-10-14T15:39:51+08:00 ] ERR: 无法加载模块:Statics
[ 2014-10-14T15:42:13+08:00 ] ERR: 无法加载模块:Statics
[ 2014-10-14T15:42:13+08:00 ] ERR: 无法加载模块:Statics
[ 2014-10-14T15:55:19+08:00 ] ERR: 无法加载模块:Statics
[ 2014-10-14T16:04:54+08:00 ] ERR: 无法加载模块:Statics
[ 2014-10-14T16:04:54+08:00 ] ERR: 无法加载模块:Statics
[ 2014-10-14T16:06:23+08:00 ] ERR: 无法加载模块:Statics
[ 2014-10-14T16:06:23+08:00 ] ERR: 无法加载模块:Statics
[ 2014-10-14T16:06:26+08:00 ] ERR: 无法加载模块:Statics
[ 2014-10-14T16:06:26+08:00 ] ERR: 无法加载模块:Statics
[ 2014-10-14T16:06:31+08:00 ] ERR: 无法加载模块:Statics
[ 2014-10-14T16:06:31+08:00 ] ERR: 无法加载模块:Statics
[ 2014-10-14T16:06:41+08:00 ] ERR: 无法加载模块:Statics
[ 2014-10-14T16:06:41+08:00 ] ERR: 无法加载模块:Statics
[ 2014-10-14T16:06:53+08:00 ] ERR: 无法加载模块:Statics
[ 2014-10-14T16:06:53+08:00 ] ERR: 无法加载模块:Statics
[ 2014-10-14T16:09:38+08:00 ] ERR: 无法加载模块:Apple-touch-icon-precomposed.png
[ 2014-10-14T16:09:38+08:00 ] ERR: 无法加载模块:Apple-touch-icon.png
[ 2014-10-14T16:16:19+08:00 ] ERR: 无法加载模块:Statics
[ 2014-10-14T16:16:19+08:00 ] ERR: 无法加载模块:Statics
[ 2014-10-14T16:16:23+08:00 ] ERR: 无法加载模块:Statics
[ 2014-10-14T16:16:23+08:00 ] ERR: 无法加载模块:Statics
[ 2014-10-14T16:16:36+08:00 ] ERR: 无法加载模块:Statics
[ 2014-10-14T16:16:36+08:00 ] ERR: 无法加载模块:Statics
[ 2014-10-14T16:16:39+08:00 ] ERR: 无法加载模块:Statics
[ 2014-10-14T16:16:39+08:00 ] ERR: 无法加载模块:Statics
[ 2014-10-14T17:00:19+08:00 ] ERR: 无法加载模块:Statics
[ 2014-10-14T17:00:19+08:00 ] ERR: 无法加载模块:Statics
[ 2014-10-14T17:24:05+08:00 ] ERR: 无法加载模块:Robots.txt
[ 2014-10-14T17:28:25+08:00 ] ERR: 无法加载模块:Statics
[ 2014-10-14T17:28:25+08:00 ] ERR: 无法加载模块:Statics
[ 2014-10-14T18:01:01+08:00 ] ERR: 无法加载模块:Statics
[ 2014-10-14T18:01:01+08:00 ] ERR: 无法加载模块:Statics
[ 2014-10-14T18:01:43+08:00 ] ERR: 无法加载模块:Statics
[ 2014-10-14T18:01:43+08:00 ] ERR: 无法加载模块:Statics
[ 2014-10-14T18:52:52+08:00 ] ERR: 无法加载模块:Statics
[ 2014-10-14T18:52:52+08:00 ] ERR: 无法加载模块:Statics
[ 2014-10-14T20:03:15+08:00 ] ERR: 无法加载模块:Robots.txt
[ 2014-10-14T20:03:41+08:00 ] ERR: 无法加载模块:Robots.txt
[ 2014-10-14T23:30:41+08:00 ] ERR: 无法加载模块:Statics
[ 2014-10-14T23:30:41+08:00 ] ERR: 无法加载模块:Statics
[ 2014-10-14T23:31:22+08:00 ] ERR: 无法加载模块:Statics
[ 2014-10-14T23:31:25+08:00 ] ERR: 无法加载模块:Statics
[ 2014-10-14T23:38:46+08:00 ] ERR: 无法加载模块:Robots.txt
