[ 2014-10-10T00:19:25+08:00 ] ERR: 无法加载模块:Statics
[ 2014-10-10T00:19:25+08:00 ] ERR: 无法加载模块:Statics
[ 2014-10-10T03:23:19+08:00 ] ERR: 无法加载模块:Statics
[ 2014-10-10T03:23:19+08:00 ] ERR: 无法加载模块:Statics
[ 2014-10-10T05:27:33+08:00 ] ERR: 无法加载模块:Robots.txt
[ 2014-10-10T05:38:41+08:00 ] ERR: 无法加载模块:Robots.txt
[ 2014-10-10T09:46:14+08:00 ] ERR: 无法加载模块:Robots.txt
[ 2014-10-10T10:50:13+08:00 ] ERR: 无法加载模块:Statics
[ 2014-10-10T10:50:13+08:00 ] ERR: 无法加载模块:Statics
[ 2014-10-10T10:50:20+08:00 ] ERR: 无法加载模块:Statics
[ 2014-10-10T10:50:20+08:00 ] ERR: 无法加载模块:Statics
[ 2014-10-10T11:16:22+08:00 ] ERR: 无法加载模块:Statics
[ 2014-10-10T11:16:22+08:00 ] ERR: 无法加载模块:Statics
[ 2014-10-10T11:19:26+08:00 ] ERR: 无法加载模块:Statics
[ 2014-10-10T11:19:26+08:00 ] ERR: 无法加载模块:Statics
[ 2014-10-10T11:51:48+08:00 ] ERR: 无法加载模块:Robots.txt
[ 2014-10-10T12:18:31+08:00 ] ERR: 无法加载模块:Statics
[ 2014-10-10T12:18:36+08:00 ] ERR: 无法加载模块:Statics
[ 2014-10-10T13:48:39+08:00 ] ERR: 无法加载模块:Robots.txt
[ 2014-10-10T14:15:38+08:00 ] ERR: 无法加载模块:Statics
[ 2014-10-10T14:15:38+08:00 ] ERR: 无法加载模块:Statics
[ 2014-10-10T14:33:07+08:00 ] ERR: 无法加载模块:Statics
[ 2014-10-10T14:33:07+08:00 ] ERR: 无法加载模块:Statics
[ 2014-10-10T14:56:28+08:00 ] ERR: 无法加载模块:Statics
[ 2014-10-10T14:56:28+08:00 ] ERR: 无法加载模块:Statics
[ 2014-10-10T14:57:45+08:00 ] ERR: 无法加载模块: 
[ 2014-10-10T15:00:07+08:00 ] ERR: 无法加载模块: 
[ 2014-10-10T15:01:44+08:00 ] ERR: 无法加载模块: 
[ 2014-10-10T15:01:55+08:00 ] ERR: 无法加载模块: 
[ 2014-10-10T15:01:57+08:00 ] ERR: 无法加载模块: 
[ 2014-10-10T15:01:59+08:00 ] ERR: 无法加载模块: 
[ 2014-10-10T15:02:01+08:00 ] ERR: 无法加载模块: 
[ 2014-10-10T15:02:02+08:00 ] ERR: 无法加载模块: 
[ 2014-10-10T15:12:12+08:00 ] ERR: 无法加载模块:Statics
[ 2014-10-10T15:12:12+08:00 ] ERR: 无法加载模块:Statics
[ 2014-10-10T15:13:01+08:00 ] ERR: 无法加载模块:Statics
[ 2014-10-10T15:13:01+08:00 ] ERR: 无法加载模块:Statics
[ 2014-10-10T15:13:29+08:00 ] ERR: 无法加载模块:Statics
[ 2014-10-10T15:13:29+08:00 ] ERR: 无法加载模块:Statics
[ 2014-10-10T15:14:02+08:00 ] ERR: 无法加载模块:Statics
[ 2014-10-10T15:14:02+08:00 ] ERR: 无法加载模块:Statics
[ 2014-10-10T15:14:31+08:00 ] ERR: 无法加载模块:Statics
[ 2014-10-10T15:14:31+08:00 ] ERR: 无法加载模块:Statics
[ 2014-10-10T15:14:34+08:00 ] ERR: 无法加载模块:Statics
[ 2014-10-10T15:14:34+08:00 ] ERR: 无法加载模块:Statics
[ 2014-10-10T15:14:39+08:00 ] ERR: 无法加载模块:Statics
[ 2014-10-10T15:14:39+08:00 ] ERR: 无法加载模块:Statics
[ 2014-10-10T15:14:49+08:00 ] ERR: 无法加载模块:Statics
[ 2014-10-10T15:14:49+08:00 ] ERR: 无法加载模块:Statics
[ 2014-10-10T15:14:52+08:00 ] ERR: 无法加载模块:Statics
[ 2014-10-10T15:14:52+08:00 ] ERR: 无法加载模块:Statics
[ 2014-10-10T15:15:11+08:00 ] ERR: 无法加载模块:Statics
[ 2014-10-10T15:15:11+08:00 ] ERR: 无法加载模块:Statics
[ 2014-10-10T15:15:17+08:00 ] ERR: 无法加载模块:Statics
[ 2014-10-10T15:15:17+08:00 ] ERR: 无法加载模块:Statics
[ 2014-10-10T15:15:27+08:00 ] ERR: 无法加载模块:Statics
[ 2014-10-10T15:15:27+08:00 ] ERR: 无法加载模块:Statics
[ 2014-10-10T15:16:03+08:00 ] ERR: 无法加载模块:Statics
[ 2014-10-10T15:16:03+08:00 ] ERR: 无法加载模块:Statics
[ 2014-10-10T15:16:05+08:00 ] ERR: 无法加载模块:Statics
[ 2014-10-10T15:16:05+08:00 ] ERR: 无法加载模块:Statics
[ 2014-10-10T15:16:08+08:00 ] ERR: 无法加载模块:Statics
[ 2014-10-10T15:16:08+08:00 ] ERR: 无法加载模块:Statics
[ 2014-10-10T15:20:47+08:00 ] ERR: 无法加载模块:Statics
[ 2014-10-10T15:20:47+08:00 ] ERR: 无法加载模块:Statics
[ 2014-10-10T15:20:56+08:00 ] ERR: 无法加载模块:Statics
[ 2014-10-10T15:20:56+08:00 ] ERR: 无法加载模块:Statics
[ 2014-10-10T15:20:57+08:00 ] ERR: 无法加载模块:Statics
[ 2014-10-10T15:20:57+08:00 ] ERR: 无法加载模块:Statics
[ 2014-10-10T15:21:06+08:00 ] ERR: 无法加载模块:Statics
[ 2014-10-10T15:21:06+08:00 ] ERR: 无法加载模块:Statics
[ 2014-10-10T15:21:15+08:00 ] ERR: 无法加载模块:Statics
[ 2014-10-10T15:21:15+08:00 ] ERR: 无法加载模块:Statics
[ 2014-10-10T15:21:26+08:00 ] ERR: 无法加载模块:Statics
[ 2014-10-10T15:21:26+08:00 ] ERR: 无法加载模块:Statics
[ 2014-10-10T15:21:30+08:00 ] ERR: 无法加载模块:Statics
[ 2014-10-10T15:21:30+08:00 ] ERR: 无法加载模块:Statics
[ 2014-10-10T15:21:32+08:00 ] ERR: 无法加载模块:Statics
[ 2014-10-10T15:21:32+08:00 ] ERR: 无法加载模块:Statics
[ 2014-10-10T15:24:33+08:00 ] ERR: 无法加载模块:Statics
[ 2014-10-10T15:24:33+08:00 ] ERR: 无法加载模块:Statics
[ 2014-10-10T15:24:40+08:00 ] ERR: 无法加载模块:Statics
[ 2014-10-10T15:24:40+08:00 ] ERR: 无法加载模块:Statics
[ 2014-10-10T15:24:48+08:00 ] ERR: 无法加载模块:Statics
[ 2014-10-10T15:24:48+08:00 ] ERR: 无法加载模块:Statics
[ 2014-10-10T15:25:14+08:00 ] ERR: 无法加载模块:Statics
[ 2014-10-10T15:25:14+08:00 ] ERR: 无法加载模块:Statics
[ 2014-10-10T15:25:53+08:00 ] ERR: 无法加载模块:Statics
[ 2014-10-10T15:25:53+08:00 ] ERR: 无法加载模块:Statics
[ 2014-10-10T15:26:06+08:00 ] ERR: 无法加载模块:Statics
[ 2014-10-10T15:26:06+08:00 ] ERR: 无法加载模块:Statics
[ 2014-10-10T15:26:49+08:00 ] ERR: 无法加载模块:Statics
[ 2014-10-10T15:26:49+08:00 ] ERR: 无法加载模块:Statics
[ 2014-10-10T15:27:29+08:00 ] ERR: 无法加载模块:Statics
[ 2014-10-10T15:27:29+08:00 ] ERR: 无法加载模块:Statics
[ 2014-10-10T15:28:09+08:00 ] ERR: 无法加载模块:Statics
[ 2014-10-10T15:28:10+08:00 ] ERR: 无法加载模块:Statics
[ 2014-10-10T15:28:46+08:00 ] ERR: 无法加载模块:Statics
[ 2014-10-10T15:28:46+08:00 ] ERR: 无法加载模块:Statics
[ 2014-10-10T15:29:31+08:00 ] ERR: 无法加载模块:Statics
[ 2014-10-10T15:29:31+08:00 ] ERR: 无法加载模块:Statics
[ 2014-10-10T15:29:37+08:00 ] ERR: 无法加载模块:Statics
[ 2014-10-10T15:29:37+08:00 ] ERR: 无法加载模块:Statics
[ 2014-10-10T15:30:07+08:00 ] ERR: 无法加载模块:Statics
[ 2014-10-10T15:30:07+08:00 ] ERR: 无法加载模块:Statics
[ 2014-10-10T15:30:11+08:00 ] ERR: 无法加载模块:Statics
[ 2014-10-10T15:30:11+08:00 ] ERR: 无法加载模块:Statics
[ 2014-10-10T15:30:13+08:00 ] ERR: 无法加载模块:Statics
[ 2014-10-10T15:30:13+08:00 ] ERR: 无法加载模块:Statics
[ 2014-10-10T15:30:17+08:00 ] ERR: 无法加载模块:Statics
[ 2014-10-10T15:30:17+08:00 ] ERR: 无法加载模块:Statics
[ 2014-10-10T15:30:53+08:00 ] ERR: 无法加载模块:Statics
[ 2014-10-10T15:30:53+08:00 ] ERR: 无法加载模块:Statics
[ 2014-10-10T15:31:34+08:00 ] ERR: 无法加载模块:Statics
[ 2014-10-10T15:31:34+08:00 ] ERR: 无法加载模块:Statics
[ 2014-10-10T15:31:41+08:00 ] ERR: 无法加载模块:Statics
[ 2014-10-10T15:31:41+08:00 ] ERR: 无法加载模块:Statics
[ 2014-10-10T15:32:17+08:00 ] ERR: 无法加载模块:Statics
[ 2014-10-10T15:32:17+08:00 ] ERR: 无法加载模块:Statics
[ 2014-10-10T15:33:34+08:00 ] ERR: 无法加载模块:Statics
[ 2014-10-10T15:33:34+08:00 ] ERR: 无法加载模块:Statics
[ 2014-10-10T15:33:38+08:00 ] ERR: 无法加载模块:Statics
[ 2014-10-10T15:33:38+08:00 ] ERR: 无法加载模块:Statics
[ 2014-10-10T15:33:41+08:00 ] ERR: 无法加载模块:Statics
[ 2014-10-10T15:33:41+08:00 ] ERR: 无法加载模块:Statics
[ 2014-10-10T15:33:47+08:00 ] ERR: 无法加载模块:Statics
[ 2014-10-10T15:33:47+08:00 ] ERR: 无法加载模块:Statics
[ 2014-10-10T15:35:27+08:00 ] ERR: 无法加载模块:Statics
[ 2014-10-10T15:35:27+08:00 ] ERR: 无法加载模块:Statics
[ 2014-10-10T15:35:29+08:00 ] ERR: 无法加载模块:Statics
[ 2014-10-10T15:35:29+08:00 ] ERR: 无法加载模块:Statics
[ 2014-10-10T16:14:23+08:00 ] ERR: 无法加载模块:Statics
[ 2014-10-10T16:14:23+08:00 ] ERR: 无法加载模块:Statics
[ 2014-10-10T17:29:25+08:00 ] ERR: 无法加载模块:Robots.txt
[ 2014-10-10T17:34:28+08:00 ] ERR: 无法加载模块:Statics
[ 2014-10-10T17:34:28+08:00 ] ERR: 无法加载模块:Statics
[ 2014-10-10T17:36:19+08:00 ] ERR: 无法加载模块:Robots.txt
[ 2014-10-10T17:38:25+08:00 ] ERR: 无法加载模块:Statics
[ 2014-10-10T17:38:28+08:00 ] ERR: 无法加载模块:Statics
[ 2014-10-10T18:12:08+08:00 ] ERR: 无法加载模块:Statics
[ 2014-10-10T18:12:08+08:00 ] ERR: 无法加载模块:Statics
[ 2014-10-10T18:25:58+08:00 ] ERR: 无法加载模块:Statics
[ 2014-10-10T18:25:58+08:00 ] ERR: 无法加载模块:Statics
[ 2014-10-10T18:26:19+08:00 ] ERR: 无法加载模块:Robots.txt
[ 2014-10-10T18:26:27+08:00 ] ERR: 无法加载模块:Robots.txt
[ 2014-10-10T18:26:31+08:00 ] ERR: 无法加载模块:Robots.txt
[ 2014-10-10T18:26:44+08:00 ] ERR: 无法加载模块:Robots.txt
[ 2014-10-10T18:40:10+08:00 ] ERR: 无法加载模块:Statics
[ 2014-10-10T18:40:10+08:00 ] ERR: 无法加载模块:Statics
[ 2014-10-10T19:11:00+08:00 ] ERR: 无法加载模块:Statics
[ 2014-10-10T19:11:00+08:00 ] ERR: 无法加载模块:Statics
[ 2014-10-10T20:42:44+08:00 ] ERR: 无法加载模块:Statics
[ 2014-10-10T20:42:44+08:00 ] ERR: 无法加载模块:Statics
[ 2014-10-10T20:59:10+08:00 ] ERR: 无法加载模块:Statics
[ 2014-10-10T20:59:10+08:00 ] ERR: 无法加载模块:Statics
[ 2014-10-10T21:40:36+08:00 ] ERR: 无法加载模块:Robots.txt
[ 2014-10-10T23:04:53+08:00 ] ERR: 无法加载模块:Statics
[ 2014-10-10T23:04:53+08:00 ] ERR: 无法加载模块:Statics
[ 2014-10-10T23:32:17+08:00 ] ERR: 无法加载模块:Apple-touch-icon-precomposed.png
[ 2014-10-10T23:32:17+08:00 ] ERR: 无法加载模块:Apple-touch-icon.png
[ 2014-10-10T23:45:55+08:00 ] ERR: 无法加载模块:Errpage
