[ 2014-10-11T02:00:41+08:00 ] ERR: 无法加载模块:Robots.txt
[ 2014-10-11T12:23:31+08:00 ] ERR: 无法加载模块:Statics
[ 2014-10-11T12:23:31+08:00 ] ERR: 无法加载模块:Statics
[ 2014-10-11T13:21:54+08:00 ] ERR: 无法加载模块:Statics
[ 2014-10-11T13:21:54+08:00 ] ERR: 无法加载模块:Statics
[ 2014-10-11T13:25:42+08:00 ] ERR: 无法加载模块:Statics
[ 2014-10-11T13:25:42+08:00 ] ERR: 无法加载模块:Statics
[ 2014-10-11T13:25:44+08:00 ] ERR: 无法加载模块:Statics
[ 2014-10-11T13:25:44+08:00 ] ERR: 无法加载模块:Statics
[ 2014-10-11T13:30:49+08:00 ] ERR: 无法加载模块:Statics
[ 2014-10-11T13:30:49+08:00 ] ERR: 无法加载模块:Statics
[ 2014-10-11T13:41:09+08:00 ] ERR: 无法加载模块:Robots.txt
[ 2014-10-11T13:45:53+08:00 ] ERR: 无法加载模块:Statics
[ 2014-10-11T13:45:53+08:00 ] ERR: 无法加载模块:Statics
[ 2014-10-11T14:01:40+08:00 ] ERR: 无法加载模块:Robots.txt
[ 2014-10-11T14:27:04+08:00 ] ERR: 无法加载模块:Statics
[ 2014-10-11T14:27:04+08:00 ] ERR: 无法加载模块:Statics
[ 2014-10-11T15:09:18+08:00 ] ERR: 无法加载模块:Robots.txt
[ 2014-10-11T15:09:51+08:00 ] ERR: 无法加载模块:Apple-touch-icon-precomposed.png
[ 2014-10-11T15:09:51+08:00 ] ERR: 无法加载模块:Apple-touch-icon.png
[ 2014-10-11T15:10:15+08:00 ] ERR: 无法加载模块:Apple-touch-icon-precomposed.png
[ 2014-10-11T15:10:15+08:00 ] ERR: 无法加载模块:Apple-touch-icon.png
[ 2014-10-11T15:10:29+08:00 ] ERR: 无法加载模块:Apple-touch-icon-precomposed.png
[ 2014-10-11T15:10:29+08:00 ] ERR: 无法加载模块:Apple-touch-icon.png
[ 2014-10-11T15:10:57+08:00 ] ERR: 无法加载模块:Apple-touch-icon-precomposed.png
[ 2014-10-11T15:10:58+08:00 ] ERR: 无法加载模块:Apple-touch-icon.png
[ 2014-10-11T15:11:04+08:00 ] ERR: 无法加载模块:Apple-touch-icon-precomposed.png
[ 2014-10-11T15:11:04+08:00 ] ERR: 无法加载模块:Apple-touch-icon.png
[ 2014-10-11T15:47:24+08:00 ] ERR: 无法加载模块:Statics
[ 2014-10-11T15:47:24+08:00 ] ERR: 无法加载模块:Statics
[ 2014-10-11T15:47:38+08:00 ] ERR: 无法加载模块:Statics
[ 2014-10-11T15:47:38+08:00 ] ERR: 无法加载模块:Statics
[ 2014-10-11T15:55:46+08:00 ] ERR: 无法加载模块:Statics
[ 2014-10-11T15:55:46+08:00 ] ERR: 无法加载模块:Statics
[ 2014-10-11T16:07:20+08:00 ] ERR: 无法加载模块:Statics
[ 2014-10-11T16:07:20+08:00 ] ERR: 无法加载模块:Statics
[ 2014-10-11T16:42:52+08:00 ] ERR: 无法加载模块:Statics
[ 2014-10-11T16:42:52+08:00 ] ERR: 无法加载模块:Statics
[ 2014-10-11T17:00:34+08:00 ] ERR: 无法加载模块:Statics
[ 2014-10-11T17:00:34+08:00 ] ERR: 无法加载模块:Statics
[ 2014-10-11T17:08:35+08:00 ] ERR: 无法加载模块:Statics
[ 2014-10-11T17:08:35+08:00 ] ERR: 无法加载模块:Statics
[ 2014-10-11T17:18:17+08:00 ] ERR: 无法加载模块:Statics
[ 2014-10-11T17:18:17+08:00 ] ERR: 无法加载模块:Statics
[ 2014-10-11T17:52:11+08:00 ] ERR: 无法加载模块:Statics
[ 2014-10-11T17:52:11+08:00 ] ERR: 无法加载模块:Statics
[ 2014-10-11T17:54:27+08:00 ] ERR: 无法加载模块:Statics
[ 2014-10-11T17:54:27+08:00 ] ERR: 无法加载模块:Statics
[ 2014-10-11T18:10:40+08:00 ] ERR: 无法加载模块:Statics
[ 2014-10-11T18:10:40+08:00 ] ERR: 无法加载模块:Statics
[ 2014-10-11T18:37:48+08:00 ] ERR: 无法加载模块:Statics
[ 2014-10-11T18:37:48+08:00 ] ERR: 无法加载模块:Statics
[ 2014-10-11T19:38:37+08:00 ] ERR: 无法加载模块:Robots.txt
[ 2014-10-11T19:38:54+08:00 ] ERR: 无法加载模块:Robots.txt
[ 2014-10-11T19:45:33+08:00 ] ERR: 无法加载模块:Statics
[ 2014-10-11T19:45:33+08:00 ] ERR: 无法加载模块:Statics
[ 2014-10-11T20:25:09+08:00 ] ERR: 无法加载模块:Statics
[ 2014-10-11T20:25:09+08:00 ] ERR: 无法加载模块:Statics
[ 2014-10-11T21:57:24+08:00 ] ERR: 无法加载模块:Statics
[ 2014-10-11T21:57:24+08:00 ] ERR: 无法加载模块:Statics
[ 2014-10-11T21:57:57+08:00 ] ERR: 无法加载模块:Statics
[ 2014-10-11T21:57:57+08:00 ] ERR: 无法加载模块:Statics
[ 2014-10-11T21:58:03+08:00 ] ERR: 无法加载模块:Statics
[ 2014-10-11T21:58:03+08:00 ] ERR: 无法加载模块:Statics
[ 2014-10-11T21:58:03+08:00 ] ERR: 无法加载模块:Statics
[ 2014-10-11T22:04:56+08:00 ] ERR: 无法加载模块:Statics
[ 2014-10-11T22:04:56+08:00 ] ERR: 无法加载模块:Statics
[ 2014-10-11T22:04:56+08:00 ] ERR: 无法加载模块:Statics
[ 2014-10-11T22:04:56+08:00 ] ERR: 无法加载模块:Statics
[ 2014-10-11T22:05:03+08:00 ] ERR: 无法加载模块:Statics
[ 2014-10-11T22:05:03+08:00 ] ERR: 无法加载模块:Statics
[ 2014-10-11T22:05:03+08:00 ] ERR: 无法加载模块:Statics
[ 2014-10-11T22:07:25+08:00 ] ERR: 无法加载模块:Statics
[ 2014-10-11T22:07:25+08:00 ] ERR: 无法加载模块:Statics
[ 2014-10-11T22:12:20+08:00 ] ERR: 无法加载模块:Statics
[ 2014-10-11T22:12:20+08:00 ] ERR: 无法加载模块:Statics
[ 2014-10-11T22:12:20+08:00 ] ERR: 无法加载模块:Statics
[ 2014-10-11T22:12:59+08:00 ] ERR: 无法加载模块:Statics
[ 2014-10-11T22:12:59+08:00 ] ERR: 无法加载模块:Statics
[ 2014-10-11T22:13:00+08:00 ] ERR: 无法加载模块:Statics
[ 2014-10-11T22:17:27+08:00 ] ERR: 无法加载模块:Apple-touch-icon-precomposed.png
[ 2014-10-11T22:17:27+08:00 ] ERR: 无法加载模块:Apple-touch-icon.png
[ 2014-10-11T22:43:42+08:00 ] ERR: 无法加载模块:Statics
[ 2014-10-11T22:43:42+08:00 ] ERR: 无法加载模块:Statics
[ 2014-10-11T23:27:50+08:00 ] ERR: 无法加载模块:Statics
[ 2014-10-11T23:27:50+08:00 ] ERR: 无法加载模块:Statics
[ 2014-10-11T23:59:57+08:00 ] ERR: 无法加载模块:Apple-touch-icon-76x76-precomposed.png
[ 2014-10-11T23:59:57+08:00 ] ERR: 无法加载模块:Apple-touch-icon-76x76.png
