[ 2014-10-16T07:25:59+08:00 ] ERR: 无法加载模块:Robots.txt
[ 2014-10-16T08:26:13+08:00 ] ERR: 无法加载模块:Robots.txt
[ 2014-10-16T09:09:13+08:00 ] ERR: 无法加载模块:Statics
[ 2014-10-16T09:09:13+08:00 ] ERR: 无法加载模块:Statics
[ 2014-10-16T10:15:12+08:00 ] ERR: 无法加载模块:Robots.txt
[ 2014-10-16T10:49:42+08:00 ] ERR: 无法加载模块:Statics
[ 2014-10-16T10:49:42+08:00 ] ERR: 无法加载模块:Statics
[ 2014-10-16T10:50:07+08:00 ] ERR: 无法加载模块:Statics
[ 2014-10-16T10:50:07+08:00 ] ERR: 无法加载模块:Statics
[ 2014-10-16T11:54:50+08:00 ] ERR: 无法加载模块:Statics
[ 2014-10-16T11:54:50+08:00 ] ERR: 无法加载模块:Statics
[ 2014-10-16T12:09:59+08:00 ] ERR: 无法加载模块:Apple-touch-icon-120x120-precomposed.png
[ 2014-10-16T12:10:00+08:00 ] ERR: 无法加载模块:Apple-touch-icon-120x120.png
[ 2014-10-16T12:10:00+08:00 ] ERR: 无法加载模块:Apple-touch-icon.png
[ 2014-10-16T12:10:01+08:00 ] ERR: 无法加载模块:Apple-touch-icon.png
[ 2014-10-16T12:30:19+08:00 ] ERR: 无法加载模块:Statics
[ 2014-10-16T12:30:19+08:00 ] ERR: 无法加载模块:Statics
[ 2014-10-16T13:54:11+08:00 ] ERR: 无法加载模块:Robots.txt
[ 2014-10-16T15:21:09+08:00 ] ERR: 无法加载模块:Statics
[ 2014-10-16T15:21:09+08:00 ] ERR: 无法加载模块:Statics
[ 2014-10-16T15:41:39+08:00 ] ERR: 无法加载模块:Statics
[ 2014-10-16T15:41:39+08:00 ] ERR: 无法加载模块:Statics
[ 2014-10-16T15:43:24+08:00 ] ERR: 无法加载模块:Statics
[ 2014-10-16T15:43:24+08:00 ] ERR: 无法加载模块:Statics
[ 2014-10-16T16:02:45+08:00 ] ERR: 无法加载模块:Statics
[ 2014-10-16T16:02:45+08:00 ] ERR: 无法加载模块:Statics
[ 2014-10-16T16:03:56+08:00 ] ERR: 无法加载模块:Statics
[ 2014-10-16T16:03:56+08:00 ] ERR: 无法加载模块:Statics
[ 2014-10-16T16:05:43+08:00 ] ERR: 无法加载模块:Statics
[ 2014-10-16T16:05:43+08:00 ] ERR: 无法加载模块:Statics
[ 2014-10-16T16:30:15+08:00 ] ERR: 无法加载模块:Statics
[ 2014-10-16T16:30:15+08:00 ] ERR: 无法加载模块:Statics
[ 2014-10-16T16:36:40+08:00 ] ERR: 无法加载模块:Statics
[ 2014-10-16T16:36:40+08:00 ] ERR: 无法加载模块:Statics
[ 2014-10-16T16:36:47+08:00 ] ERR: 无法加载模块:Statics
[ 2014-10-16T16:36:47+08:00 ] ERR: 无法加载模块:Statics
[ 2014-10-16T16:36:51+08:00 ] ERR: 无法加载模块:Statics
[ 2014-10-16T16:36:51+08:00 ] ERR: 无法加载模块:Statics
[ 2014-10-16T17:07:38+08:00 ] ERR: 无法加载模块:Statics
[ 2014-10-16T17:07:38+08:00 ] ERR: 无法加载模块:Statics
[ 2014-10-16T17:09:40+08:00 ] ERR: 无法加载模块:Statics
[ 2014-10-16T17:09:40+08:00 ] ERR: 无法加载模块:Statics
[ 2014-10-16T17:17:50+08:00 ] ERR: 无法加载模块:Statics
[ 2014-10-16T17:17:50+08:00 ] ERR: 无法加载模块:Statics
[ 2014-10-16T18:18:01+08:00 ] ERR: 无法加载模块:Statics
[ 2014-10-16T18:18:01+08:00 ] ERR: 无法加载模块:Statics
[ 2014-10-16T18:40:02+08:00 ] ERR: 无法加载模块:Statics
[ 2014-10-16T18:40:02+08:00 ] ERR: 无法加载模块:Statics
[ 2014-10-16T19:14:03+08:00 ] ERR: 无法加载模块:Statics
[ 2014-10-16T19:14:03+08:00 ] ERR: 无法加载模块:Statics
[ 2014-10-16T19:14:33+08:00 ] ERR: 无法加载模块:Statics
[ 2014-10-16T19:14:33+08:00 ] ERR: 无法加载模块:Statics
[ 2014-10-16T19:15:19+08:00 ] ERR: 无法加载模块:Statics
[ 2014-10-16T19:15:19+08:00 ] ERR: 无法加载模块:Statics
[ 2014-10-16T20:51:26+08:00 ] ERR: 无法加载模块:Robots.txt
[ 2014-10-16T21:55:43+08:00 ] ERR: 无法加载模块:Statics
[ 2014-10-16T21:55:44+08:00 ] ERR: 无法加载模块:Statics
[ 2014-10-16T21:56:31+08:00 ] ERR: 无法加载模块:Statics
[ 2014-10-16T21:56:31+08:00 ] ERR: 无法加载模块:Statics
[ 2014-10-16T21:57:03+08:00 ] ERR: 无法加载模块:Statics
[ 2014-10-16T21:57:03+08:00 ] ERR: 无法加载模块:Statics
[ 2014-10-16T21:57:14+08:00 ] ERR: 无法加载模块:Statics
[ 2014-10-16T21:57:14+08:00 ] ERR: 无法加载模块:Statics
[ 2014-10-16T21:57:31+08:00 ] ERR: 无法加载模块:Statics
[ 2014-10-16T21:57:31+08:00 ] ERR: 无法加载模块:Statics
[ 2014-10-16T21:57:42+08:00 ] ERR: 无法加载模块:Statics
[ 2014-10-16T21:57:42+08:00 ] ERR: 无法加载模块:Statics
[ 2014-10-16T21:57:59+08:00 ] ERR: 无法加载模块:Statics
[ 2014-10-16T21:57:59+08:00 ] ERR: 无法加载模块:Statics
[ 2014-10-16T21:58:10+08:00 ] ERR: 无法加载模块:Statics
[ 2014-10-16T21:58:10+08:00 ] ERR: 无法加载模块:Statics
[ 2014-10-16T23:10:11+08:00 ] ERR: 无法加载模块:Statics
[ 2014-10-16T23:10:11+08:00 ] ERR: 无法加载模块:Statics
