[ 2014-10-02T03:04:36+08:00 ] ERR: 无法加载模块:Errpage
[ 2014-10-02T05:15:29+08:00 ] ERR: 无法加载模块:Robots.txt
[ 2014-10-02T06:45:35+08:00 ] ERR: 无法加载模块:Statics
[ 2014-10-02T06:45:35+08:00 ] ERR: 无法加载模块:Statics
[ 2014-10-02T07:31:30+08:00 ] ERR: 无法加载模块:Robots.txt
[ 2014-10-02T09:05:53+08:00 ] ERR: 无法加载模块:Apple-touch-icon-precomposed.png
[ 2014-10-02T09:22:09+08:00 ] ERR: 无法加载模块:Robots.txt
[ 2014-10-02T09:32:47+08:00 ] ERR: 无法加载模块:Statics
[ 2014-10-02T09:32:47+08:00 ] ERR: 无法加载模块:Statics
[ 2014-10-02T09:59:21+08:00 ] ERR: 无法加载模块:Statics
[ 2014-10-02T09:59:21+08:00 ] ERR: 无法加载模块:Statics
[ 2014-10-02T11:29:07+08:00 ] ERR: 无法加载模块:Undefined
[ 2014-10-02T11:59:40+08:00 ] ERR: 无法加载模块:Statics
[ 2014-10-02T11:59:40+08:00 ] ERR: 无法加载模块:Statics
[ 2014-10-02T12:11:22+08:00 ] ERR: 无法加载模块:Robots.txt
[ 2014-10-02T13:20:05+08:00 ] ERR: 无法加载模块:Statics
[ 2014-10-02T13:20:05+08:00 ] ERR: 无法加载模块:Statics
[ 2014-10-02T14:27:41+08:00 ] ERR: 无法加载模块:Statics
[ 2014-10-02T14:27:41+08:00 ] ERR: 无法加载模块:Statics
[ 2014-10-02T14:34:53+08:00 ] ERR: 无法加载模块:Statics
[ 2014-10-02T14:34:53+08:00 ] ERR: 无法加载模块:Statics
[ 2014-10-02T14:34:55+08:00 ] ERR: 无法加载模块:Statics
[ 2014-10-02T14:34:55+08:00 ] ERR: 无法加载模块:Statics
[ 2014-10-02T14:36:42+08:00 ] ERR: 无法加载模块:Statics
[ 2014-10-02T14:36:42+08:00 ] ERR: 无法加载模块:Statics
[ 2014-10-02T14:40:16+08:00 ] ERR: 无法加载模块:Statics
[ 2014-10-02T14:40:16+08:00 ] ERR: 无法加载模块:Statics
[ 2014-10-02T14:51:04+08:00 ] ERR: 无法加载模块:Robots.txt
[ 2014-10-02T15:13:23+08:00 ] ERR: 无法加载模块:Robots.txt
[ 2014-10-02T15:25:25+08:00 ] ERR: 无法加载模块:Statics
[ 2014-10-02T15:25:26+08:00 ] ERR: 无法加载模块:Statics
[ 2014-10-02T15:41:10+08:00 ] ERR: 无法加载模块:Statics
[ 2014-10-02T15:41:10+08:00 ] ERR: 无法加载模块:Statics
[ 2014-10-02T15:41:14+08:00 ] ERR: 无法加载模块:Statics
[ 2014-10-02T15:41:14+08:00 ] ERR: 无法加载模块:Statics
[ 2014-10-02T16:31:36+08:00 ] ERR: 无法加载模块:Robots.txt
[ 2014-10-02T17:35:31+08:00 ] ERR: 无法加载模块:Statics
[ 2014-10-02T17:35:31+08:00 ] ERR: 无法加载模块:Statics
[ 2014-10-02T17:45:49+08:00 ] ERR: 无法加载模块:Statics
[ 2014-10-02T17:45:49+08:00 ] ERR: 无法加载模块:Statics
[ 2014-10-02T19:33:39+08:00 ] ERR: 无法加载模块:Statics
[ 2014-10-02T19:33:39+08:00 ] ERR: 无法加载模块:Statics
[ 2014-10-02T20:08:24+08:00 ] ERR: 无法加载模块:Statics
[ 2014-10-02T20:08:24+08:00 ] ERR: 无法加载模块:Statics
[ 2014-10-02T20:28:41+08:00 ] ERR: 无法加载模块:Statics
[ 2014-10-02T20:28:41+08:00 ] ERR: 无法加载模块:Statics
[ 2014-10-02T20:32:58+08:00 ] ERR: 无法加载模块:Robots.txt
[ 2014-10-02T20:41:46+08:00 ] ERR: 无法加载模块:Statics
[ 2014-10-02T20:41:46+08:00 ] ERR: 无法加载模块:Statics
[ 2014-10-02T22:07:06+08:00 ] ERR: 无法加载模块:Apple-touch-icon-precomposed.png
[ 2014-10-02T22:07:06+08:00 ] ERR: 无法加载模块:Apple-touch-icon.png
[ 2014-10-02T22:14:02+08:00 ] ERR: 无法加载模块:Statics
[ 2014-10-02T22:14:02+08:00 ] ERR: 无法加载模块:Statics
[ 2014-10-02T23:03:31+08:00 ] ERR: 无法加载模块:Statics
[ 2014-10-02T23:03:31+08:00 ] ERR: 无法加载模块:Statics
[ 2014-10-02T23:19:30+08:00 ] ERR: 无法加载模块:Apple-touch-icon-precomposed.png
[ 2014-10-02T23:19:31+08:00 ] ERR: 无法加载模块:Apple-touch-icon.png
[ 2014-10-02T23:33:21+08:00 ] ERR: 无法加载模块:Statics
[ 2014-10-02T23:33:21+08:00 ] ERR: 无法加载模块:Statics
[ 2014-10-02T23:33:54+08:00 ] ERR: 无法加载模块:Statics
[ 2014-10-02T23:33:55+08:00 ] ERR: 无法加载模块:Statics
[ 2014-10-02T23:41:25+08:00 ] ERR: 无法加载模块:Statics
[ 2014-10-02T23:41:26+08:00 ] ERR: 无法加载模块:Statics
