[ 2014-10-23T04:29:57+08:00 ] ERR: 无法加载模块:Robots.txt
[ 2014-10-23T05:08:47+08:00 ] ERR: 无法加载模块:Apple-touch-icon-precomposed.png
[ 2014-10-23T05:08:48+08:00 ] ERR: 无法加载模块:Apple-touch-icon.png
[ 2014-10-23T06:56:46+08:00 ] ERR: 无法加载模块:Statics
[ 2014-10-23T06:56:46+08:00 ] ERR: 无法加载模块:Statics
[ 2014-10-23T07:51:48+08:00 ] ERR: 无法加载模块:Robots.txt
[ 2014-10-23T08:00:36+08:00 ] ERR: 无法加载模块:Statics
[ 2014-10-23T08:00:37+08:00 ] ERR: 无法加载模块:Statics
[ 2014-10-23T08:10:04+08:00 ] ERR: 无法加载模块:Statics
[ 2014-10-23T08:10:04+08:00 ] ERR: 无法加载模块:Statics
[ 2014-10-23T08:10:08+08:00 ] ERR: 无法加载模块:Statics
[ 2014-10-23T08:10:08+08:00 ] ERR: 无法加载模块:Statics
[ 2014-10-23T08:31:48+08:00 ] ERR: 无法加载模块:Robots.txt
[ 2014-10-23T08:33:06+08:00 ] ERR: 无法加载模块:Statics
[ 2014-10-23T08:33:06+08:00 ] ERR: 无法加载模块:Statics
[ 2014-10-23T08:39:08+08:00 ] ERR: 无法加载模块:Statics
[ 2014-10-23T08:39:08+08:00 ] ERR: 无法加载模块:Statics
[ 2014-10-23T08:42:03+08:00 ] ERR: 无法加载模块:Statics
[ 2014-10-23T08:42:03+08:00 ] ERR: 无法加载模块:Statics
[ 2014-10-23T08:43:57+08:00 ] ERR: 无法加载模块:Statics
[ 2014-10-23T08:43:57+08:00 ] ERR: 无法加载模块:Statics
[ 2014-10-23T08:46:15+08:00 ] ERR: 无法加载模块:Statics
[ 2014-10-23T08:46:15+08:00 ] ERR: 无法加载模块:Statics
[ 2014-10-23T09:28:40+08:00 ] ERR: 无法加载模块:Statics
[ 2014-10-23T09:28:40+08:00 ] ERR: 无法加载模块:Statics
[ 2014-10-23T09:29:00+08:00 ] ERR: 无法加载模块:Statics
[ 2014-10-23T09:29:00+08:00 ] ERR: 无法加载模块:Statics
[ 2014-10-23T09:29:11+08:00 ] ERR: 无法加载模块:Statics
[ 2014-10-23T09:29:11+08:00 ] ERR: 无法加载模块:Statics
[ 2014-10-23T09:35:56+08:00 ] ERR: 无法加载模块:Statics
[ 2014-10-23T09:35:56+08:00 ] ERR: 无法加载模块:Statics
[ 2014-10-23T09:50:28+08:00 ] ERR: 无法加载模块:Statics
[ 2014-10-23T09:50:28+08:00 ] ERR: 无法加载模块:Statics
[ 2014-10-23T09:59:12+08:00 ] ERR: 无法加载模块:Statics
[ 2014-10-23T09:59:12+08:00 ] ERR: 无法加载模块:Statics
[ 2014-10-23T10:05:32+08:00 ] ERR: 无法加载模块:Robots.txt
[ 2014-10-23T10:19:38+08:00 ] ERR: 无法加载模块:Statics
[ 2014-10-23T10:19:39+08:00 ] ERR: 无法加载模块:Statics
[ 2014-10-23T10:21:45+08:00 ] ERR: 无法加载模块:Statics
[ 2014-10-23T10:21:45+08:00 ] ERR: 无法加载模块:Statics
[ 2014-10-23T10:34:01+08:00 ] ERR: 无法加载模块:Statics
[ 2014-10-23T10:34:01+08:00 ] ERR: 无法加载模块:Statics
[ 2014-10-23T10:38:13+08:00 ] ERR: 无法加载模块:Statics
[ 2014-10-23T10:38:13+08:00 ] ERR: 无法加载模块:Statics
[ 2014-10-23T11:02:48+08:00 ] ERR: 无法加载模块:Statics
[ 2014-10-23T11:02:48+08:00 ] ERR: 无法加载模块:Statics
[ 2014-10-23T11:06:02+08:00 ] ERR: 无法加载模块:Statics
[ 2014-10-23T11:06:02+08:00 ] ERR: 无法加载模块:Statics
[ 2014-10-23T11:49:38+08:00 ] ERR: 无法加载模块:Statics
[ 2014-10-23T11:49:38+08:00 ] ERR: 无法加载模块:Statics
[ 2014-10-23T11:58:39+08:00 ] ERR: 无法加载模块:Statics
[ 2014-10-23T11:58:39+08:00 ] ERR: 无法加载模块:Statics
[ 2014-10-23T12:03:54+08:00 ] ERR: 无法加载模块:Statics
[ 2014-10-23T12:03:54+08:00 ] ERR: 无法加载模块:Statics
[ 2014-10-23T12:11:39+08:00 ] ERR: 无法加载模块:Statics
[ 2014-10-23T12:11:42+08:00 ] ERR: 无法加载模块:Statics
[ 2014-10-23T12:28:20+08:00 ] ERR: 无法加载模块:Statics
[ 2014-10-23T12:28:20+08:00 ] ERR: 无法加载模块:Statics
[ 2014-10-23T12:28:49+08:00 ] ERR: 无法加载模块:Statics
[ 2014-10-23T12:28:49+08:00 ] ERR: 无法加载模块:Statics
[ 2014-10-23T12:44:57+08:00 ] ERR: 无法加载模块:Statics
[ 2014-10-23T12:44:57+08:00 ] ERR: 无法加载模块:Statics
[ 2014-10-23T12:56:47+08:00 ] ERR: 无法加载模块:Errpage
[ 2014-10-23T12:56:48+08:00 ] ERR: 无法加载模块:Errpage
[ 2014-10-23T13:00:48+08:00 ] ERR: 无法加载模块:Errpage
[ 2014-10-23T13:07:33+08:00 ] ERR: 无法加载模块:Statics
[ 2014-10-23T13:07:33+08:00 ] ERR: 无法加载模块:Statics
[ 2014-10-23T13:08:19+08:00 ] ERR: 无法加载模块:Statics
[ 2014-10-23T13:08:19+08:00 ] ERR: 无法加载模块:Statics
[ 2014-10-23T13:18:23+08:00 ] ERR: 无法加载模块:Statics
[ 2014-10-23T13:18:23+08:00 ] ERR: 无法加载模块:Statics
[ 2014-10-23T13:31:08+08:00 ] ERR: 无法加载模块:Statics
[ 2014-10-23T13:31:08+08:00 ] ERR: 无法加载模块:Statics
[ 2014-10-23T13:42:16+08:00 ] ERR: 无法加载模块:Statics
[ 2014-10-23T13:42:16+08:00 ] ERR: 无法加载模块:Statics
[ 2014-10-23T13:46:04+08:00 ] ERR: 无法加载模块:Statics
[ 2014-10-23T13:46:04+08:00 ] ERR: 无法加载模块:Statics
[ 2014-10-23T13:46:42+08:00 ] ERR: 无法加载模块:Statics
[ 2014-10-23T13:46:42+08:00 ] ERR: 无法加载模块:Statics
[ 2014-10-23T13:47:13+08:00 ] ERR: 无法加载模块:Statics
[ 2014-10-23T13:47:13+08:00 ] ERR: 无法加载模块:Statics
[ 2014-10-23T13:47:38+08:00 ] ERR: 无法加载模块:Statics
[ 2014-10-23T13:47:38+08:00 ] ERR: 无法加载模块:Statics
[ 2014-10-23T13:48:06+08:00 ] ERR: 无法加载模块:Statics
[ 2014-10-23T13:48:06+08:00 ] ERR: 无法加载模块:Statics
[ 2014-10-23T13:48:40+08:00 ] ERR: 无法加载模块:Statics
[ 2014-10-23T13:48:40+08:00 ] ERR: 无法加载模块:Statics
[ 2014-10-23T13:49:02+08:00 ] ERR: 无法加载模块:Statics
[ 2014-10-23T13:49:02+08:00 ] ERR: 无法加载模块:Statics
[ 2014-10-23T13:49:23+08:00 ] ERR: 无法加载模块:Statics
[ 2014-10-23T13:49:23+08:00 ] ERR: 无法加载模块:Statics
[ 2014-10-23T13:50:35+08:00 ] ERR: 无法加载模块:Statics
[ 2014-10-23T13:50:35+08:00 ] ERR: 无法加载模块:Statics
[ 2014-10-23T13:51:04+08:00 ] ERR: 无法加载模块:Statics
[ 2014-10-23T13:51:04+08:00 ] ERR: 无法加载模块:Statics
[ 2014-10-23T13:51:42+08:00 ] ERR: 无法加载模块:Statics
[ 2014-10-23T13:51:42+08:00 ] ERR: 无法加载模块:Statics
[ 2014-10-23T13:52:25+08:00 ] ERR: 无法加载模块:Statics
[ 2014-10-23T13:52:25+08:00 ] ERR: 无法加载模块:Statics
[ 2014-10-23T13:52:28+08:00 ] ERR: 无法加载模块:Statics
[ 2014-10-23T13:52:28+08:00 ] ERR: 无法加载模块:Statics
[ 2014-10-23T13:52:30+08:00 ] ERR: 无法加载模块:Statics
[ 2014-10-23T13:52:30+08:00 ] ERR: 无法加载模块:Statics
[ 2014-10-23T13:53:57+08:00 ] ERR: 无法加载模块:Statics
[ 2014-10-23T13:53:58+08:00 ] ERR: 无法加载模块:Statics
[ 2014-10-23T13:54:00+08:00 ] ERR: 无法加载模块:Statics
[ 2014-10-23T13:54:00+08:00 ] ERR: 无法加载模块:Statics
[ 2014-10-23T14:43:22+08:00 ] ERR: 无法加载模块:Statics
[ 2014-10-23T14:43:22+08:00 ] ERR: 无法加载模块:Statics
[ 2014-10-23T14:56:32+08:00 ] ERR: 无法加载模块:Statics
[ 2014-10-23T14:56:32+08:00 ] ERR: 无法加载模块:Statics
[ 2014-10-23T15:03:10+08:00 ] ERR: 无法加载模块:Statics
[ 2014-10-23T15:03:10+08:00 ] ERR: 无法加载模块:Statics
[ 2014-10-23T15:14:26+08:00 ] ERR: 无法加载模块:Statics
[ 2014-10-23T15:14:26+08:00 ] ERR: 无法加载模块:Statics
[ 2014-10-23T15:41:27+08:00 ] ERR: 无法加载模块:Statics
[ 2014-10-23T15:41:27+08:00 ] ERR: 无法加载模块:Statics
[ 2014-10-23T15:47:26+08:00 ] ERR: 无法加载模块:Statics
[ 2014-10-23T15:47:26+08:00 ] ERR: 无法加载模块:Statics
[ 2014-10-23T16:01:31+08:00 ] ERR: 无法加载模块:Statics
[ 2014-10-23T16:01:31+08:00 ] ERR: 无法加载模块:Statics
[ 2014-10-23T16:03:35+08:00 ] ERR: 无法加载模块:Statics
[ 2014-10-23T16:03:35+08:00 ] ERR: 无法加载模块:Statics
[ 2014-10-23T16:59:19+08:00 ] ERR: 无法加载模块:Statics
[ 2014-10-23T16:59:19+08:00 ] ERR: 无法加载模块:Statics
[ 2014-10-23T17:03:11+08:00 ] ERR: 无法加载模块:Robots.txt
[ 2014-10-23T18:00:55+08:00 ] ERR: 无法加载模块:Statics
[ 2014-10-23T18:00:55+08:00 ] ERR: 无法加载模块:Statics
[ 2014-10-23T21:00:35+08:00 ] ERR: 无法加载模块:Robots.txt
[ 2014-10-23T21:52:08+08:00 ] ERR: 无法加载模块:Apple-touch-icon-precomposed.png
[ 2014-10-23T21:52:08+08:00 ] ERR: 无法加载模块:Apple-touch-icon.png
[ 2014-10-23T21:59:22+08:00 ] ERR: 无法加载模块:Statics
[ 2014-10-23T21:59:22+08:00 ] ERR: 无法加载模块:Statics
[ 2014-10-23T22:19:44+08:00 ] ERR: 无法加载模块:Statics
[ 2014-10-23T22:20:02+08:00 ] ERR: 无法加载模块:Statics
