[ 2014-10-12T01:07:05+08:00 ] ERR: 无法加载模块:Robots.txt
[ 2014-10-12T02:40:07+08:00 ] ERR: 无法加载模块:Errpage
[ 2014-10-12T07:55:32+08:00 ] ERR: 无法加载模块:Robots.txt
[ 2014-10-12T08:44:06+08:00 ] ERR: 无法加载模块:Statics
[ 2014-10-12T11:41:36+08:00 ] ERR: 无法加载模块:Statics
[ 2014-10-12T11:41:36+08:00 ] ERR: 无法加载模块:Statics
[ 2014-10-12T11:42:08+08:00 ] ERR: 无法加载模块:Statics
[ 2014-10-12T11:42:08+08:00 ] ERR: 无法加载模块:Statics
[ 2014-10-12T11:46:08+08:00 ] ERR: 无法加载模块:Statics
[ 2014-10-12T11:46:08+08:00 ] ERR: 无法加载模块:Statics
[ 2014-10-12T11:50:00+08:00 ] ERR: 无法加载模块:Statics
[ 2014-10-12T11:50:00+08:00 ] ERR: 无法加载模块:Statics
[ 2014-10-12T12:04:27+08:00 ] ERR: 无法加载模块:Apple-touch-icon-precomposed.png
[ 2014-10-12T12:04:27+08:00 ] ERR: 无法加载模块:Apple-touch-icon.png
[ 2014-10-12T16:03:30+08:00 ] ERR: 无法加载模块:Statics
[ 2014-10-12T16:03:30+08:00 ] ERR: 无法加载模块:Statics
[ 2014-10-12T16:04:08+08:00 ] ERR: 无法加载模块:Statics
[ 2014-10-12T16:04:08+08:00 ] ERR: 无法加载模块:Statics
[ 2014-10-12T17:40:08+08:00 ] ERR: 无法加载模块:Robots.txt
[ 2014-10-12T17:57:49+08:00 ] ERR: 无法加载模块:Robots.txt
[ 2014-10-12T18:22:41+08:00 ] ERR: 无法加载模块:Robots.txt
[ 2014-10-12T18:37:55+08:00 ] ERR: 无法加载模块:Robots.txt
[ 2014-10-12T19:39:06+08:00 ] ERR: 无法加载模块:Robots.txt
[ 2014-10-12T22:00:49+08:00 ] ERR: 无法加载模块:Browserconfig.xml
[ 2014-10-12T22:06:26+08:00 ] ERR: 无法加载模块:Statics
[ 2014-10-12T22:06:26+08:00 ] ERR: 无法加载模块:Statics
[ 2014-10-12T22:49:58+08:00 ] ERR: 无法加载模块:Robots.txt
[ 2014-10-12T23:58:24+08:00 ] ERR: 无法加载模块:Robots.txt
