[ 2014-11-03T03:46:33+08:00 ] ERR: 无法加载模块:Editor
[ 2014-11-03T03:46:33+08:00 ] ERR: 无法加载模块:Include
[ 2014-11-03T03:46:33+08:00 ] ERR: 无法加载模块:Manage
[ 2014-11-03T03:46:33+08:00 ] ERR: 无法加载模块:Includes
[ 2014-11-03T03:46:33+08:00 ] ERR: 无法加载模块:Common
[ 2014-11-03T03:46:33+08:00 ] ERR: 无法加载模块:Editor
[ 2014-11-03T03:46:33+08:00 ] ERR: 无法加载模块:fckeditor
[ 2014-11-03T03:46:33+08:00 ] ERR: 无法加载模块:Js
[ 2014-11-03T03:46:33+08:00 ] ERR: 无法加载模块:Fckeditor
[ 2014-11-03T03:46:33+08:00 ] ERR: 无法加载模块:Inc
[ 2014-11-03T05:15:52+08:00 ] ERR: 无法加载模块:Robots.txt
[ 2014-11-03T08:10:22+08:00 ] ERR: 无法加载模块:Robots.txt
[ 2014-11-03T08:51:36+08:00 ] ERR: 无法加载模块:Robots.txt
[ 2014-11-03T09:04:50+08:00 ] ERR: 无法加载模块:Statics
[ 2014-11-03T09:04:50+08:00 ] ERR: 无法加载模块:Statics
[ 2014-11-03T09:10:45+08:00 ] ERR: 无法加载模块:Statics
[ 2014-11-03T09:10:45+08:00 ] ERR: 无法加载模块:Statics
[ 2014-11-03T10:22:49+08:00 ] ERR: 无法加载模块:Statics
[ 2014-11-03T10:22:49+08:00 ] ERR: 无法加载模块:Statics
[ 2014-11-03T11:01:00+08:00 ] ERR: 无法加载模块:Statics
[ 2014-11-03T11:01:00+08:00 ] ERR: 无法加载模块:Statics
[ 2014-11-03T11:37:36+08:00 ] ERR: 无法加载模块:Robots.txt
[ 2014-11-03T12:06:29+08:00 ] ERR: 无法加载模块:Statics
[ 2014-11-03T12:06:29+08:00 ] ERR: 无法加载模块:Statics
[ 2014-11-03T14:10:01+08:00 ] ERR: 无法加载模块:Statics
[ 2014-11-03T14:10:02+08:00 ] ERR: 无法加载模块:Statics
[ 2014-11-03T15:10:47+08:00 ] ERR: 无法加载模块:Robots.txt
[ 2014-11-03T15:12:15+08:00 ] ERR: 无法加载模块:Statics
[ 2014-11-03T15:12:15+08:00 ] ERR: 无法加载模块:Statics
[ 2014-11-03T15:18:13+08:00 ] ERR: 无法加载模块:Statics
[ 2014-11-03T15:18:13+08:00 ] ERR: 无法加载模块:Statics
[ 2014-11-03T15:26:48+08:00 ] ERR: 无法加载模块:Statics
[ 2014-11-03T15:26:48+08:00 ] ERR: 无法加载模块:Statics
[ 2014-11-03T15:36:16+08:00 ] ERR: 无法加载模块:Statics
[ 2014-11-03T15:36:17+08:00 ] ERR: 无法加载模块:Statics
[ 2014-11-03T15:59:08+08:00 ] ERR: 无法加载模块:Test
[ 2014-11-03T16:04:55+08:00 ] ERR: 无法加载模块:Wordpress
[ 2014-11-03T16:16:05+08:00 ] ERR: 无法加载模块:Statics
[ 2014-11-03T16:16:06+08:00 ] ERR: 无法加载模块:Statics
[ 2014-11-03T16:16:06+08:00 ] ERR: 无法加载模块:Blog
[ 2014-11-03T16:27:23+08:00 ] ERR: 无法加载模块:Wp
[ 2014-11-03T16:31:44+08:00 ] ERR: 无法加载模块:Old
[ 2014-11-03T17:20:57+08:00 ] ERR: 无法加载模块:Statics
[ 2014-11-03T17:20:57+08:00 ] ERR: 无法加载模块:Statics
[ 2014-11-03T17:21:14+08:00 ] ERR: 无法加载模块:Statics
[ 2014-11-03T17:21:14+08:00 ] ERR: 无法加载模块:Statics
[ 2014-11-03T18:49:20+08:00 ] ERR: 无法加载模块:Robots.txt
[ 2014-11-03T20:17:26+08:00 ] ERR: 无法加载模块:Statics
[ 2014-11-03T20:17:26+08:00 ] ERR: 无法加载模块:Statics
[ 2014-11-03T21:59:05+08:00 ] ERR: 无法加载模块:Statics
[ 2014-11-03T21:59:05+08:00 ] ERR: 无法加载模块:Statics
[ 2014-11-03T23:41:28+08:00 ] ERR: 无法加载模块:Robots.txt
