[ 2014-10-01T00:48:39+08:00 ] ERR: 无法加载模块:Statics
[ 2014-10-01T00:48:40+08:00 ] ERR: 无法加载模块:Statics
[ 2014-10-01T01:05:09+08:00 ] ERR: 无法加载模块:Statics
[ 2014-10-01T01:05:09+08:00 ] ERR: 无法加载模块:Statics
[ 2014-10-01T02:24:58+08:00 ] ERR: 无法加载模块:Robots.txt
[ 2014-10-01T02:45:59+08:00 ] ERR: 无法加载模块:Statics
[ 2014-10-01T02:45:59+08:00 ] ERR: 无法加载模块:Statics
[ 2014-10-01T02:48:11+08:00 ] ERR: 无法加载模块:Robots.txt
[ 2014-10-01T04:21:21+08:00 ] ERR: 无法加载模块:Robots.txt
[ 2014-10-01T04:22:52+08:00 ] ERR: 无法加载模块:Robots.txt
[ 2014-10-01T07:37:19+08:00 ] ERR: 无法加载模块:Statics
[ 2014-10-01T07:37:19+08:00 ] ERR: 无法加载模块:Statics
[ 2014-10-01T08:00:25+08:00 ] ERR: 无法加载模块:Statics
[ 2014-10-01T08:00:25+08:00 ] ERR: 无法加载模块:Statics
[ 2014-10-01T08:18:33+08:00 ] ERR: 无法加载模块:Robots.txt
[ 2014-10-01T08:42:23+08:00 ] ERR: 无法加载模块:Statics
[ 2014-10-01T08:42:23+08:00 ] ERR: 无法加载模块:Statics
[ 2014-10-01T08:43:33+08:00 ] ERR: 无法加载模块:Statics
[ 2014-10-01T08:43:33+08:00 ] ERR: 无法加载模块:Statics
[ 2014-10-01T08:43:50+08:00 ] ERR: 无法加载模块:Statics
[ 2014-10-01T08:43:50+08:00 ] ERR: 无法加载模块:Statics
[ 2014-10-01T09:00:46+08:00 ] ERR: 无法加载模块:Http:
[ 2014-10-01T09:00:46+08:00 ] ERR: 无法加载模块:Http:
[ 2014-10-01T10:15:52+08:00 ] ERR: 无法加载模块:Statics
[ 2014-10-01T10:15:52+08:00 ] ERR: 无法加载模块:Statics
[ 2014-10-01T10:35:24+08:00 ] ERR: 无法加载模块:Statics
[ 2014-10-01T10:35:24+08:00 ] ERR: 无法加载模块:Statics
[ 2014-10-01T10:38:27+08:00 ] ERR: 无法加载模块:Statics
[ 2014-10-01T10:38:27+08:00 ] ERR: 无法加载模块:Statics
[ 2014-10-01T11:09:32+08:00 ] ERR: 无法加载模块:Statics
[ 2014-10-01T11:09:32+08:00 ] ERR: 无法加载模块:Statics
[ 2014-10-01T11:23:56+08:00 ] ERR: 无法加载模块:Apple-touch-icon-precomposed.png
[ 2014-10-01T11:23:56+08:00 ] ERR: 无法加载模块:Apple-touch-icon.png
[ 2014-10-01T11:30:40+08:00 ] ERR: 无法加载模块:Statics
[ 2014-10-01T11:30:40+08:00 ] ERR: 无法加载模块:Statics
[ 2014-10-01T11:50:47+08:00 ] ERR: 无法加载模块:Robots.txt
[ 2014-10-01T12:53:06+08:00 ] ERR: 无法加载模块:Robots.txt
[ 2014-10-01T14:10:50+08:00 ] ERR: 无法加载模块:Statics
[ 2014-10-01T14:10:50+08:00 ] ERR: 无法加载模块:Statics
[ 2014-10-01T16:02:23+08:00 ] ERR: 无法加载模块:Statics
[ 2014-10-01T16:02:23+08:00 ] ERR: 无法加载模块:Statics
[ 2014-10-01T16:50:16+08:00 ] ERR: 无法加载模块:Statics
[ 2014-10-01T16:50:16+08:00 ] ERR: 无法加载模块:Statics
[ 2014-10-01T17:27:01+08:00 ] ERR: 无法加载模块:Statics
[ 2014-10-01T17:27:01+08:00 ] ERR: 无法加载模块:Statics
[ 2014-10-01T19:16:59+08:00 ] ERR: 无法加载模块:Statics
[ 2014-10-01T19:16:59+08:00 ] ERR: 无法加载模块:Statics
[ 2014-10-01T20:13:02+08:00 ] ERR: 无法加载模块:Statics
[ 2014-10-01T20:13:02+08:00 ] ERR: 无法加载模块:Statics
[ 2014-10-01T22:18:18+08:00 ] ERR: 无法加载模块:Statics
[ 2014-10-01T22:18:20+08:00 ] ERR: 无法加载模块:Statics
