[ 2014-10-06T00:10:56+08:00 ] ERR: 无法加载模块:Apple-touch-icon-120x120-precomposed.png
[ 2014-10-06T00:10:57+08:00 ] ERR: 无法加载模块:Apple-touch-icon-120x120.png
[ 2014-10-06T00:10:57+08:00 ] ERR: 无法加载模块:Apple-touch-icon.png
[ 2014-10-06T00:10:57+08:00 ] ERR: 无法加载模块:Apple-touch-icon.png
[ 2014-10-06T04:03:46+08:00 ] ERR: 无法加载模块:Robots.txt
[ 2014-10-06T08:23:55+08:00 ] ERR: 无法加载模块:Robots.txt
[ 2014-10-06T09:08:28+08:00 ] ERR: 无法加载模块:Robots.txt
[ 2014-10-06T12:00:06+08:00 ] ERR: 无法加载模块:Statics
[ 2014-10-06T12:00:06+08:00 ] ERR: 无法加载模块:Statics
[ 2014-10-06T12:15:52+08:00 ] ERR: 无法加载模块:Statics
[ 2014-10-06T12:15:52+08:00 ] ERR: 无法加载模块:Statics
[ 2014-10-06T12:15:52+08:00 ] ERR: 无法加载模块:Statics
[ 2014-10-06T12:15:52+08:00 ] ERR: 无法加载模块:Statics
[ 2014-10-06T12:26:24+08:00 ] ERR: 无法加载模块:Statics
[ 2014-10-06T12:26:24+08:00 ] ERR: 无法加载模块:Statics
[ 2014-10-06T13:13:59+08:00 ] ERR: 无法加载模块:Statics
[ 2014-10-06T13:14:00+08:00 ] ERR: 无法加载模块:Statics
[ 2014-10-06T13:24:58+08:00 ] ERR: 无法加载模块:Robots.txt
[ 2014-10-06T13:53:25+08:00 ] ERR: 无法加载模块:Statics
[ 2014-10-06T13:53:25+08:00 ] ERR: 无法加载模块:Statics
[ 2014-10-06T14:26:31+08:00 ] ERR: 无法加载模块:Statics
[ 2014-10-06T14:26:31+08:00 ] ERR: 无法加载模块:Statics
[ 2014-10-06T14:38:45+08:00 ] ERR: 无法加载模块:Robots.txt
[ 2014-10-06T17:03:50+08:00 ] ERR: 无法加载模块:Robots.txt
[ 2014-10-06T17:47:52+08:00 ] ERR: 无法加载模块:Statics
[ 2014-10-06T17:47:52+08:00 ] ERR: 无法加载模块:Statics
[ 2014-10-06T20:19:20+08:00 ] ERR: 无法加载模块:Apple-touch-icon-precomposed.png
[ 2014-10-06T20:19:20+08:00 ] ERR: 无法加载模块:Apple-touch-icon.png
[ 2014-10-06T21:34:15+08:00 ] ERR: 无法加载模块:Statics
[ 2014-10-06T21:36:52+08:00 ] ERR: 无法加载模块:Robots.txt
[ 2014-10-06T21:36:57+08:00 ] ERR: 无法加载模块:Robots.txt
[ 2014-10-06T22:12:49+08:00 ] ERR: 无法加载模块:Apple-touch-icon-precomposed.png
[ 2014-10-06T22:12:49+08:00 ] ERR: 无法加载模块:Apple-touch-icon.png
[ 2014-10-06T22:12:54+08:00 ] ERR: 无法加载模块:Apple-touch-icon-precomposed.png
[ 2014-10-06T22:12:54+08:00 ] ERR: 无法加载模块:Apple-touch-icon.png
[ 2014-10-06T22:12:57+08:00 ] ERR: 无法加载模块:Apple-touch-icon-precomposed.png
[ 2014-10-06T22:12:57+08:00 ] ERR: 无法加载模块:Apple-touch-icon.png
[ 2014-10-06T22:27:33+08:00 ] ERR: 无法加载模块:Browserconfig.xml
